Code - OSS (1.69.2, undefined, desktop)
Jupyter Extension Version: 2022.7.1001890528.
Python Extension Version: 2022.16.1.
Workspace folder /home/cody/Documents/kenan-math
info 10:58:36.749: ZMQ install verified.
error 10:58:37.82: Failure during activation. Error: Extension 'ms-toolsai.jupyter' CANNOT use API proposal: notebookCellExecutionState.
Its package.json#enabledApiProposals-property declares:  but NOT notebookCellExecutionState.
 The missing proposal MUST be added and you must start in extension development mode or use the following command line switch: --enable-proposed-api ms-toolsai.jupyter
    at f (/usr/lib/code/out/vs/workbench/api/node/extensionHostProcess.js:83:67541)
    at u.onDidChangeNotebookCellExecutionState (/usr/lib/code/out/vs/workbench/api/node/extensionHostProcess.js:106:52625)
    at new m (/home/cody/.vscode-oss/extensions/ms-toolsai.jupyter-2022.7.1001890528/out/extension.node.js:24:41100)
    at Object.t.resolveInstance (/home/cody/.vscode-oss/extensions/ms-toolsai.jupyter-2022.7.1001890528/out/extension.node.js:39:1374020)
    at /home/cody/.vscode-oss/extensions/ms-toolsai.jupyter-2022.7.1001890528/out/extension.node.js:39:1375958
    at /home/cody/.vscode-oss/extensions/ms-toolsai.jupyter-2022.7.1001890528/out/extension.node.js:39:1374876
    at Array.map (<anonymous>)
    at /home/cody/.vscode-oss/extensions/ms-toolsai.jupyter-2022.7.1001890528/out/extension.node.js:39:1374848
    at Array.map (<anonymous>)
    at Object.t.resolveInstance (/home/cody/.vscode-oss/extensions/ms-toolsai.jupyter-2022.7.1001890528/out/extension.node.js:39:1373794)
    at /home/cody/.vscode-oss/extensions/ms-toolsai.jupyter-2022.7.1001890528/out/extension.node.js:39:1375958
    at Object.t.resolve (/home/cody/.vscode-oss/extensions/ms-toolsai.jupyter-2022.7.1001890528/out/extension.node.js:39:1376221)
    at /home/cody/.vscode-oss/extensions/ms-toolsai.jupyter-2022.7.1001890528/out/extension.node.js:39:1359634
    at e._get (/home/cody/.vscode-oss/extensions/ms-toolsai.jupyter-2022.7.1001890528/out/extension.node.js:39:1359400)
    at e.get (/home/cody/.vscode-oss/extensions/ms-toolsai.jupyter-2022.7.1001890528/out/extension.node.js:39:1358043)
    at a.get (/home/cody/.vscode-oss/extensions/ms-toolsai.jupyter-2022.7.1001890528/out/extension.node.js:39:31195)
    at /home/cody/.vscode-oss/extensions/ms-toolsai.jupyter-2022.7.1001890528/out/extension.node.js:39:2896208
error 10:58:37.105: sendStartupTelemetry() failed. Error: Extension 'ms-toolsai.jupyter' CANNOT use API proposal: notebookCellExecutionState.
Its package.json#enabledApiProposals-property declares:  but NOT notebookCellExecutionState.
 The missing proposal MUST be added and you must start in extension development mode or use the following command line switch: --enable-proposed-api ms-toolsai.jupyter
    at f (/usr/lib/code/out/vs/workbench/api/node/extensionHostProcess.js:83:67541)
    at u.onDidChangeNotebookCellExecutionState (/usr/lib/code/out/vs/workbench/api/node/extensionHostProcess.js:106:52625)
    at new m (/home/cody/.vscode-oss/extensions/ms-toolsai.jupyter-2022.7.1001890528/out/extension.node.js:24:41100)
    at Object.t.resolveInstance (/home/cody/.vscode-oss/extensions/ms-toolsai.jupyter-2022.7.1001890528/out/extension.node.js:39:1374020)
    at /home/cody/.vscode-oss/extensions/ms-toolsai.jupyter-2022.7.1001890528/out/extension.node.js:39:1375958
    at /home/cody/.vscode-oss/extensions/ms-toolsai.jupyter-2022.7.1001890528/out/extension.node.js:39:1374876
    at Array.map (<anonymous>)
    at /home/cody/.vscode-oss/extensions/ms-toolsai.jupyter-2022.7.1001890528/out/extension.node.js:39:1374848
    at Array.map (<anonymous>)
    at Object.t.resolveInstance (/home/cody/.vscode-oss/extensions/ms-toolsai.jupyter-2022.7.1001890528/out/extension.node.js:39:1373794)
    at /home/cody/.vscode-oss/extensions/ms-toolsai.jupyter-2022.7.1001890528/out/extension.node.js:39:1375958
    at Object.t.resolve (/home/cody/.vscode-oss/extensions/ms-toolsai.jupyter-2022.7.1001890528/out/extension.node.js:39:1376221)
    at /home/cody/.vscode-oss/extensions/ms-toolsai.jupyter-2022.7.1001890528/out/extension.node.js:39:1359634
    at e._get (/home/cody/.vscode-oss/extensions/ms-toolsai.jupyter-2022.7.1001890528/out/extension.node.js:39:1359400)
    at e.get (/home/cody/.vscode-oss/extensions/ms-toolsai.jupyter-2022.7.1001890528/out/extension.node.js:39:1358043)
    at a.get (/home/cody/.vscode-oss/extensions/ms-toolsai.jupyter-2022.7.1001890528/out/extension.node.js:39:31195)
    at /home/cody/.vscode-oss/extensions/ms-toolsai.jupyter-2022.7.1001890528/out/extension.node.js:39:2896208
error 10:58:37.105: extension activation failed Error: Extension 'ms-toolsai.jupyter' CANNOT use API proposal: notebookCellExecutionState.
Its package.json#enabledApiProposals-property declares:  but NOT notebookCellExecutionState.
 The missing proposal MUST be added and you must start in extension development mode or use the following command line switch: --enable-proposed-api ms-toolsai.jupyter
    at f (/usr/lib/code/out/vs/workbench/api/node/extensionHostProcess.js:83:67541)
    at u.onDidChangeNotebookCellExecutionState (/usr/lib/code/out/vs/workbench/api/node/extensionHostProcess.js:106:52625)
    at new m (/home/cody/.vscode-oss/extensions/ms-toolsai.jupyter-2022.7.1001890528/out/extension.node.js:24:41100)
    at Object.t.resolveInstance (/home/cody/.vscode-oss/extensions/ms-toolsai.jupyter-2022.7.1001890528/out/extension.node.js:39:1374020)
    at /home/cody/.vscode-oss/extensions/ms-toolsai.jupyter-2022.7.1001890528/out/extension.node.js:39:1375958
    at /home/cody/.vscode-oss/extensions/ms-toolsai.jupyter-2022.7.1001890528/out/extension.node.js:39:1374876
    at Array.map (<anonymous>)
    at /home/cody/.vscode-oss/extensions/ms-toolsai.jupyter-2022.7.1001890528/out/extension.node.js:39:1374848
    at Array.map (<anonymous>)
    at Object.t.resolveInstance (/home/cody/.vscode-oss/extensions/ms-toolsai.jupyter-2022.7.1001890528/out/extension.node.js:39:1373794)
    at /home/cody/.vscode-oss/extensions/ms-toolsai.jupyter-2022.7.1001890528/out/extension.node.js:39:1375958
    at Object.t.resolve (/home/cody/.vscode-oss/extensions/ms-toolsai.jupyter-2022.7.1001890528/out/extension.node.js:39:1376221)
    at /home/cody/.vscode-oss/extensions/ms-toolsai.jupyter-2022.7.1001890528/out/extension.node.js:39:1359634
    at e._get (/home/cody/.vscode-oss/extensions/ms-toolsai.jupyter-2022.7.1001890528/out/extension.node.js:39:1359400)
    at e.get (/home/cody/.vscode-oss/extensions/ms-toolsai.jupyter-2022.7.1001890528/out/extension.node.js:39:1358043)
    at a.get (/home/cody/.vscode-oss/extensions/ms-toolsai.jupyter-2022.7.1001890528/out/extension.node.js:39:31195)
    at /home/cody/.vscode-oss/extensions/ms-toolsai.jupyter-2022.7.1001890528/out/extension.node.js:39:2896208
error 10:58:37.106: Failed to active the Jupyter Extension Error: Extension 'ms-toolsai.jupyter' CANNOT use API proposal: notebookCellExecutionState.
Its package.json#enabledApiProposals-property declares:  but NOT notebookCellExecutionState.
 The missing proposal MUST be added and you must start in extension development mode or use the following command line switch: --enable-proposed-api ms-toolsai.jupyter
    at f (/usr/lib/code/out/vs/workbench/api/node/extensionHostProcess.js:83:67541)
    at u.onDidChangeNotebookCellExecutionState (/usr/lib/code/out/vs/workbench/api/node/extensionHostProcess.js:106:52625)
    at new m (/home/cody/.vscode-oss/extensions/ms-toolsai.jupyter-2022.7.1001890528/out/extension.node.js:24:41100)
    at Object.t.resolveInstance (/home/cody/.vscode-oss/extensions/ms-toolsai.jupyter-2022.7.1001890528/out/extension.node.js:39:1374020)
    at /home/cody/.vscode-oss/extensions/ms-toolsai.jupyter-2022.7.1001890528/out/extension.node.js:39:1375958
    at /home/cody/.vscode-oss/extensions/ms-toolsai.jupyter-2022.7.1001890528/out/extension.node.js:39:1374876
    at Array.map (<anonymous>)
    at /home/cody/.vscode-oss/extensions/ms-toolsai.jupyter-2022.7.1001890528/out/extension.node.js:39:1374848
    at Array.map (<anonymous>)
    at Object.t.resolveInstance (/home/cody/.vscode-oss/extensions/ms-toolsai.jupyter-2022.7.1001890528/out/extension.node.js:39:1373794)
    at /home/cody/.vscode-oss/extensions/ms-toolsai.jupyter-2022.7.1001890528/out/extension.node.js:39:1375958
    at Object.t.resolve (/home/cody/.vscode-oss/extensions/ms-toolsai.jupyter-2022.7.1001890528/out/extension.node.js:39:1376221)
    at /home/cody/.vscode-oss/extensions/ms-toolsai.jupyter-2022.7.1001890528/out/extension.node.js:39:1359634
    at e._get (/home/cody/.vscode-oss/extensions/ms-toolsai.jupyter-2022.7.1001890528/out/extension.node.js:39:1359400)
    at e.get (/home/cody/.vscode-oss/extensions/ms-toolsai.jupyter-2022.7.1001890528/out/extension.node.js:39:1358043)
    at a.get (/home/cody/.vscode-oss/extensions/ms-toolsai.jupyter-2022.7.1001890528/out/extension.node.js:39:31195)
    at /home/cody/.vscode-oss/extensions/ms-toolsai.jupyter-2022.7.1001890528/out/extension.node.js:39:2896208
info 10:59:30.567: Shutting down notebooks for 91ae8be7-a633-4211-b67b-0be4eba79f7f
info 10:59:30.567: Disposing HostJupyterExecution 6b1147c5-c7f8-45e8-9c0d-ef89d9ab612a
info 10:59:30.567: Disposing super HostJupyterExecution 6b1147c5-c7f8-45e8-9c0d-ef89d9ab612a
info 10:59:30.567: Disposing HostJupyterExecution 6b1147c5-c7f8-45e8-9c0d-ef89d9ab612a
info 10:59:30.567: Finished disposing HostJupyterExecution  6b1147c5-c7f8-45e8-9c0d-ef89d9ab612a
info 10:59:30.568: Cleaning up server cache 6b1147c5-c7f8-45e8-9c0d-ef89d9ab612a
info 10:59:30.568: Finished disposing HostJupyterExecution  6b1147c5-c7f8-45e8-9c0d-ef89d9ab612a
