LSP Notebooks experiment is disabled -- not using Pylance
LSP Notebooks interactive window support is disabled -- not in LSP Notebooks experiment
Python interpreter path: /bin/python
[ERROR 2022-11-10 11:50:34.700]: [
  'Failed to activate a workspace, Class name = f, completed in 23ms, has a falsy return value, Arg 1: <Uri:/home/cody/Documents/Projects/wordle-helper/test.ipynb>, Return Value: undefined',
  Error: Extension 'ms-python.python' CANNOT use API proposal: testObserver.
  Its package.json#enabledApiProposals-property declares:  but NOT testObserver.
   The missing proposal MUST be added and you must start in extension development mode or use the following command line switch: --enable-proposed-api ms-python.python
      at m (/usr/lib/code/out/vs/workbench/api/node/extensionHostProcess.js:88:44793)
      at Object.get testResults [as testResults] (/usr/lib/code/out/vs/workbench/api/node/extensionHostProcess.js:113:36138)
      at w.activate (/home/cody/.vscode-oss/extensions/ms-python.python-2022.16.1-universal/out/client/extension.js:2:762542)
      at /home/cody/.vscode-oss/extensions/ms-python.python-2022.16.1-universal/out/client/extension.js:2:2251
      at Array.map (<anonymous>)
      at f.activateWorkspace (/home/cody/.vscode-oss/extensions/ms-python.python-2022.16.1-universal/out/client/extension.js:2:2241)
      at processTicksAndRejections (node:internal/process/task_queues:96:5)
]
[ERROR 2022-11-10 11:50:34.713]: Failure during activation. Error: Extension 'ms-python.python' CANNOT use API proposal: testObserver.
Its package.json#enabledApiProposals-property declares:  but NOT testObserver.
 The missing proposal MUST be added and you must start in extension development mode or use the following command line switch: --enable-proposed-api ms-python.python
    at m (/usr/lib/code/out/vs/workbench/api/node/extensionHostProcess.js:88:44793)
    at Object.get testResults [as testResults] (/usr/lib/code/out/vs/workbench/api/node/extensionHostProcess.js:113:36138)
    at w.activate (/home/cody/.vscode-oss/extensions/ms-python.python-2022.16.1-universal/out/client/extension.js:2:762542)
    at /home/cody/.vscode-oss/extensions/ms-python.python-2022.16.1-universal/out/client/extension.js:2:2251
    at Array.map (<anonymous>)
    at f.activateWorkspace (/home/cody/.vscode-oss/extensions/ms-python.python-2022.16.1-universal/out/client/extension.js:2:2241)
    at processTicksAndRejections (node:internal/process/task_queues:96:5)
[ERROR 2022-11-10 11:50:34.713]: sendStartupTelemetry() failed. Error: Extension 'ms-python.python' CANNOT use API proposal: testObserver.
Its package.json#enabledApiProposals-property declares:  but NOT testObserver.
 The missing proposal MUST be added and you must start in extension development mode or use the following command line switch: --enable-proposed-api ms-python.python
    at m (/usr/lib/code/out/vs/workbench/api/node/extensionHostProcess.js:88:44793)
    at Object.get testResults [as testResults] (/usr/lib/code/out/vs/workbench/api/node/extensionHostProcess.js:113:36138)
    at w.activate (/home/cody/.vscode-oss/extensions/ms-python.python-2022.16.1-universal/out/client/extension.js:2:762542)
    at /home/cody/.vscode-oss/extensions/ms-python.python-2022.16.1-universal/out/client/extension.js:2:2251
    at Array.map (<anonymous>)
    at f.activateWorkspace (/home/cody/.vscode-oss/extensions/ms-python.python-2022.16.1-universal/out/client/extension.js:2:2241)
    at processTicksAndRejections (node:internal/process/task_queues:96:5)
Starting Jedi language server for default.
