[2022-10-01T18:04:40.305Z] Log level: Info
[2022-10-01T18:04:40.306Z] [info] Validating found git in: git
[2022-10-01T18:04:40.313Z] [info] Using git 2.37.1 from git
[2022-10-01T18:04:40.322Z] > git rev-parse --show-toplevel [3ms]
[2022-10-01T18:04:40.322Z] fatal: not a git repository (or any of the parent directories): .git
[2022-10-01T18:04:40.327Z] > git rev-parse --show-toplevel [1ms]
[2022-10-01T18:04:40.327Z] fatal: not a git repository (or any of the parent directories): .git
[2022-10-01T18:04:40.332Z] > git rev-parse --show-toplevel [3ms]
[2022-10-01T18:04:40.332Z] fatal: not a git repository (or any of the parent directories): .git
[2022-10-01T18:04:40.335Z] > git rev-parse --show-toplevel [1ms]
[2022-10-01T18:04:40.335Z] fatal: not a git repository (or any of the parent directories): .git
[2022-10-01T18:04:40.338Z] > git rev-parse --show-toplevel [1ms]
[2022-10-01T18:04:40.338Z] fatal: not a git repository (or any of the parent directories): .git
[2022-10-01T18:04:40.341Z] > git rev-parse --show-toplevel [1ms]
[2022-10-01T18:04:40.341Z] fatal: not a git repository (or any of the parent directories): .git
[2022-10-01T18:04:40.344Z] > git rev-parse --show-toplevel [1ms]
[2022-10-01T18:04:40.344Z] fatal: not a git repository (or any of the parent directories): .git
[2022-10-01T18:04:40.347Z] > git rev-parse --show-toplevel [1ms]
[2022-10-01T18:04:40.347Z] fatal: not a git repository (or any of the parent directories): .git
[2022-10-01T18:04:40.350Z] > git rev-parse --show-toplevel [1ms]
[2022-10-01T18:04:40.350Z] fatal: not a git repository (or any of the parent directories): .git
[2022-10-01T18:04:40.352Z] > git rev-parse --show-toplevel [0ms]
[2022-10-01T18:04:40.352Z] fatal: not a git repository (or any of the parent directories): .git
[2022-10-01T18:04:40.356Z] > git rev-parse --show-toplevel [0ms]
[2022-10-01T18:04:40.356Z] fatal: not a git repository (or any of the parent directories): .git
[2022-10-01T18:04:40.359Z] > git rev-parse --show-toplevel [1ms]
[2022-10-01T18:04:40.359Z] fatal: not a git repository (or any of the parent directories): .git
[2022-10-01T18:04:40.361Z] > git rev-parse --show-toplevel [0ms]
[2022-10-01T18:04:40.361Z] fatal: not a git repository (or any of the parent directories): .git
[2022-10-01T18:04:40.366Z] > git rev-parse --show-toplevel [2ms]
[2022-10-01T18:04:40.366Z] fatal: not a git repository (or any of the parent directories): .git
[2022-10-01T18:04:40.368Z] > git rev-parse --show-toplevel [0ms]
[2022-10-01T18:04:40.368Z] fatal: not a git repository (or any of the parent directories): .git
[2022-10-01T18:04:40.373Z] > git rev-parse --show-toplevel [3ms]
[2022-10-01T18:04:40.373Z] fatal: not a git repository (or any of the parent directories): .git
[2022-10-01T18:04:40.385Z] > git rev-parse --show-toplevel [9ms]
[2022-10-01T18:04:40.385Z] fatal: not a git repository (or any of the parent directories): .git
[2022-10-01T18:04:40.397Z] > git rev-parse --show-toplevel [10ms]
[2022-10-01T18:04:40.397Z] fatal: not a git repository (or any of the parent directories): .git
[2022-10-01T18:04:40.402Z] > git rev-parse --show-toplevel [2ms]
[2022-10-01T18:04:40.402Z] fatal: not a git repository (or any of the parent directories): .git
[2022-10-01T18:04:40.406Z] > git rev-parse --show-toplevel [1ms]
[2022-10-01T18:04:40.406Z] fatal: not a git repository (or any of the parent directories): .git
[2022-10-01T18:04:40.409Z] > git rev-parse --show-toplevel [0ms]
[2022-10-01T18:04:40.409Z] fatal: not a git repository (or any of the parent directories): .git
[2022-10-01T18:04:40.412Z] > git rev-parse --show-toplevel [1ms]
[2022-10-01T18:04:40.412Z] fatal: not a git repository (or any of the parent directories): .git
[2022-10-01T18:04:40.415Z] > git rev-parse --show-toplevel [1ms]
[2022-10-01T18:04:40.415Z] fatal: not a git repository (or any of the parent directories): .git
[2022-10-01T18:04:40.417Z] > git rev-parse --show-toplevel [0ms]
[2022-10-01T18:04:40.417Z] fatal: not a git repository (or any of the parent directories): .git
[2022-10-01T18:04:40.523Z] > git rev-parse --show-toplevel [2ms]
[2022-10-01T18:04:40.523Z] fatal: not a git repository (or any of the parent directories): .git
