Code - OSS (1.69.2, undefined, desktop)
Jupyter Extension Version: 2022.7.1001890528.
Python Extension Version: 2022.16.1.
Workspace folder /home/cody/Documents/kenan-math
info 15:26:53.24: ZMQ install verified.
info 15:26:53.312: LSP Notebooks experiment is disabled -- Pylance disabled or not installed
info 15:26:54.392: Starting Jupyter Session id = 'startUsingPythonInterpreter:.jvsc74a57bd0586ad1ed5c97141e2437e681efbf1ec0adcd17d830cf5af2ca3d2819e743e158./opt/anaconda/python./opt/anaconda/python.-m#ipykernel_launcher' (Python Path: /opt/anaconda, EnvType: Conda, EnvName: 'base', Version: 3.9.12) for '/home/cody/Documents/kenan-math/expected_value.ipynb' (disableUI=true)
info 15:26:54.395: Creating raw notebook for resource '/home/cody/Documents/kenan-math/expected_value.ipynb'
info 15:26:54.395: Computing working directory for resource '/home/cody/Documents/kenan-math/expected_value.ipynb'
info 15:26:54.442: Starting raw kernel 'base (Python 3.9.12)' for interpreter /opt/anaconda/bin/python
info 15:26:54.445: Kernel launching with ports 9000,9001,9002,9003,9004. Start port is 9000
info 15:26:54.520: Experiment status for python is {"enabled":true,"optInto":[],"optOutFrom":[]}
info 15:26:54.565: Preferred Remote kernel for /home/cody/Documents/kenan-math/expected_value.ipynb is undefined
info 15:26:54.565: Find preferred kernel for /home/cody/Documents/kenan-math/expected_value.ipynb with metadata {"kernelspec":{"display_name":"Python 3.9.12 ('base')","language":"python","name":"python3"},"language_info":{"codemirror_mode":{"name":"ipython","version":3},"file_extension":".py","mimetype":"text/x-python","name":"python","nbconvert_exporter":"python","pygments_lexer":"ipython3","version":"3.9.12"},"orig_nbformat":4,"vscode":{"interpreter":{"hash":"586ad1ed5c97141e2437e681efbf1ec0adcd17d830cf5af2ca3d2819e743e158"}}} & preferred interpreter /bin/python
info 15:26:54.568: Preferred Remote kernel for /home/cody/Documents/kenan-math/expected_value.ipynb is undefined
info 15:26:54.569: Preferred kernel .jvsc74a57bd0586ad1ed5c97141e2437e681efbf1ec0adcd17d830cf5af2ca3d2819e743e158./opt/anaconda/python./opt/anaconda/python.-m#ipykernel_launcher is exact match
info 15:26:54.569: PreferredConnection: .jvsc74a57bd0586ad1ed5c97141e2437e681efbf1ec0adcd17d830cf5af2ca3d2819e743e158./opt/anaconda/python./opt/anaconda/python.-m#ipykernel_launcher found for NotebookDocument: /home/cody/Documents/kenan-math/expected_value.ipynb
error 15:26:54.581: Failed to get activated environment variables ourselves Error: Command failed: conda activate base && echo 'e8b39361-0157-4923-80e1-22d70d46dee6' && python /home/cody/.vscode-oss/extensions/ms-toolsai.jupyter-2022.7.1001890528/pythonFiles/printEnvVariables.py
bash: line 1: conda: command not found

    at ChildProcess.exithandler (node:child_process:406:12)
    at ChildProcess.emit (node:events:390:28)
    at maybeClose (node:internal/child_process:1064:16)
    at Socket.<anonymous> (node:internal/child_process:450:11)
    at Socket.emit (node:events:390:28)
    at Pipe.<anonymous> (node:net:687:12) {
  killed: false,
  code: 127,
  signal: null,
  cmd: "conda activate base && echo 'e8b39361-0157-4923-80e1-22d70d46dee6' && python /home/cody/.vscode-oss/extensions/ms-toolsai.jupyter-2022.7.1001890528/pythonFiles/printEnvVariables.py"
}
error 15:26:54.583: Execing shell command, Class name = h, completed in 49ms, has a falsy return value, Arg 1: "~/.vscode-oss/extensions/ms-toolsai.jupyter-2022.7.1001890528/pythonFiles/printEnvVariables.py", Arg 2: {"env":{"ELECTRON_RUN_AS_NODE":"1","SHELL":"/bin/zsh","WINDOWID":"6291458","COLORTERM":"truecolor","XDG_SESSION_PATH":"/org/freedesktop/DisplayManager/Session0","I3SOCK":"/run/user/1000/i3/ipc-socket.893","DESKTOP_SESSION":"i3","EDITOR":"lvim","GTK_MODULES":"canberra-gtk-module","XDG_SEAT":"seat0","PWD":"/home/cody/Documents/kenan-math","LOGNAME":"cody","XDG_SESSION_DESKTOP":"i3","XDG_SESSION_TYPE":"x11","XAUTHORITY":"/home/cody/.Xauthority","XDG_GREETER_DATA_DIR":"/var/lib/lightdm-data/cody","MOTD_SHOWN":"pam","HOME":"/home/cody","LANG":"en_US.UTF-8","XDG_CURRENT_DESKTOP":"i3","XDG_SEAT_PATH":"/org/freedesktop/DisplayManager/Seat0","PERL5LIB":"/home/cody/perl5/lib/perl5","ALACRITTY_SOCKET":"/run/user/1000/Alacritty-:0-1646.sock","XDG_SESSION_CLASS":"user","TERM":"alacritty","PERL_MB_OPT":"--install_base \"/home/cody/perl5\"","USER":"cody","VISUAL":"lvim","PERL_MM_OPT":"INSTALL_BASE=/home/cody/perl5","DISPLAY":":0","SHLVL":"1","XDG_VTNR":"7","XDG_SESSION_ID":"3","XDG_RUNTIME_DIR":"/run/user/1000","GTK3_MODULES":"xapp-gtk3-module","PERL_LOCAL_LIB_ROOT":"/home/cody/perl5","PATH":"/home/cody/perl5/bin:/home/cody/.cargo/bin:/usr/local/bin:/usr/bin:/bin:/usr/local/sbin:/usr/bin/site_perl:/usr/bin/vendor_perl:/usr/bin/core_perl:/home/cody/.local/bin","ALACRITTY_LOG":"/tmp/Alacritty-1646.log","GDMSESSION":"i3","DBUS_SESSION_BUS_ADDRESS":"unix:path=/run/user/1000/bus","MAIL":"/var/spool/mail/cody","OLDPWD":"/home/cody","VSCODE_CWD":"/home/cody/Documents/kenan-math","APPLICATION_INSIGHTS_NO_DIAGNOSTIC_CHANNEL":"true","VSCODE_CLI":"1","ELECTRON_NO_ATTACH_CONSOLE":"1","CHROME_DESKTOP":"code-oss.desktop","ORIGINAL_XDG_CURRENT_DESKTOP":"i3","GDK_BACKEND":"x11","NO_AT_BRIDGE":"1","VSCODE_NLS_CONFIG":"{\"locale\":\"en-us\",\"availableLanguages\":{},\"_languagePackSupport\":true}","VSCODE_CODE_CACHE_PATH":"/home/cody/.config/Code - OSS/CachedData/3b889b090b5ad5793f524b5d1d39fda662b96a2a","VSCODE_IPC_HOOK":"/run/user/1000/vscode-317b8a8d-1.69.2-main.sock","VSCODE_PID":"1742","VSCODE_AMD_ENTRYPOINT":"vs/workbench/api/node/extensionHostProcess","VSCODE_HANDLES_UNCAUGHT_ERRORS":"true","PYTHONWARNINGS":"ignore"},"shell":"bash","timeout":60000,"maxBuffer":1000000,"throwOnStdErr":false} Error: Command failed: conda activate base && echo 'e8b39361-0157-4923-80e1-22d70d46dee6' && python /home/cody/.vscode-oss/extensions/ms-toolsai.jupyter-2022.7.1001890528/pythonFiles/printEnvVariables.py
bash: line 1: conda: command not found

    at ChildProcess.exithandler (node:child_process:406:12)
    at ChildProcess.emit (node:events:390:28)
    at maybeClose (node:internal/child_process:1064:16)
    at Socket.<anonymous> (node:internal/child_process:450:11)
    at Socket.emit (node:events:390:28)
    at Pipe.<anonymous> (node:net:687:12) {
  killed: false,
  code: 127,
  signal: null,
  cmd: "conda activate base && echo 'e8b39361-0157-4923-80e1-22d70d46dee6' && python /home/cody/.vscode-oss/extensions/ms-toolsai.jupyter-2022.7.1001890528/pythonFiles/printEnvVariables.py"
}
info 15:26:54.635: Process Execution: > /bin/python -m pip list
> /bin/python -m pip list
info 15:26:57.154: Preferred Remote kernel for /home/cody/Documents/kenan-math/expected_value.ipynb is undefined
info 15:26:57.154: Find preferred kernel for /home/cody/Documents/kenan-math/expected_value.ipynb with metadata {"kernelspec":{"display_name":"Python 3.9.12 ('base')","language":"python","name":"python3"},"language_info":{"codemirror_mode":{"name":"ipython","version":3},"file_extension":".py","mimetype":"text/x-python","name":"python","nbconvert_exporter":"python","pygments_lexer":"ipython3","version":"3.9.12"},"orig_nbformat":4,"vscode":{"interpreter":{"hash":"586ad1ed5c97141e2437e681efbf1ec0adcd17d830cf5af2ca3d2819e743e158"}}} & preferred interpreter /bin/python
info 15:26:57.156: Preferred Remote kernel for /home/cody/Documents/kenan-math/expected_value.ipynb is undefined
info 15:26:57.156: Preferred kernel .jvsc74a57bd0586ad1ed5c97141e2437e681efbf1ec0adcd17d830cf5af2ca3d2819e743e158./opt/anaconda/python./opt/anaconda/python.-m#ipykernel_launcher is exact match
info 15:26:57.159: Preferred Remote kernel for /home/cody/Documents/kenan-math/expected_value.ipynb is undefined
info 15:26:58.380: Process Execution: > /opt/anaconda/bin/python -m pip list
> /opt/anaconda/bin/python -m pip list
info 15:26:58.392: Process Execution: > /opt/anaconda/bin/python -m ipykernel_launcher --ip=127.0.0.1 --stdin=9003 --control=9001 --hb=9000 --Session.signature_scheme="hmac-sha256" --Session.key=b"d2cb1455-6ea6-453f-8fed-9f3c8a991dc6" --shell=9002 --transport="tcp" --iopub=9004 --f=/home/cody/.local/share/jupyter/runtime/kernel-v2-18545amRIsz7xTKi.json
> /opt/anaconda/bin/python -m ipykernel_launcher --ip=127.0.0.1 --stdin=9003 --control=9001 --hb=9000 --Session.signature_scheme="hmac-sha256" --Session.key=b"d2cb1455-6ea6-453f-8fed-9f3c8a991dc6" --shell=9002 --transport="tcp" --iopub=9004 --f=/home/cody/.local/share/jupyter/runtime/kernel-v2-18545amRIsz7xTKi.json
info 15:26:58.393: Process Execution: cwd: ~/Documents/kenan-math
cwd: ~/Documents/kenan-math
info 15:26:58.403: Process Execution: > /opt/anaconda/bin/python -c "import ipykernel; print(ipykernel.__version__); print("5dc3a68c-e34e-4080-9c3e-2a532b2ccb4d"); print(ipykernel.__file__)"
> /opt/anaconda/bin/python -c "import ipykernel; print(ipykernel.__version__); print("5dc3a68c-e34e-4080-9c3e-2a532b2ccb4d"); print(ipykernel.__file__)"
info 15:26:58.548: ipykernel version 6.9.1 for /opt/anaconda/bin/python
info 15:26:58.548: ipykernel location /opt/anaconda/lib/python3.9/site-packages/ipykernel/__init__.py for /opt/anaconda/bin/python
warn 15:26:59.385: StdErr from Kernel Process /opt/anaconda/lib/python3.9/site-packages/traitlets/traitlets.py:2202: FutureWarning: Supporting extra quotes around strings is deprecated in traitlets 5.0. You can use 'hmac-sha256' instead of '"hmac-sha256"' if you require traitlets >=5.
  warn(
/opt/anaconda/lib/python3.9/site-packages/traitlets/traitlets.py:2157: FutureWarning: Supporting extra quotes around Bytes is deprecated in traitlets 5.0. Use 'd2cb1455-6ea6-453f-8fed-9f3c8a991dc6' instead of 'b"d2cb1455-6ea6-453f-8fed-9f3c8a991dc6"'.
  warn(

info 15:26:59.392: Kernel Output: NOTE: When using the `ipython kernel` entry point, Ctrl-C will not work.

To exit, you will have to explicitly quit this process, by either sending
"quit" from a client, or using Ctrl-\ in UNIX-like environments.

To read more about this, see https://github.com/ipython/ipython/issues/2049


To connect another client to this kernel, use:
    --existing kernel-v2-18545amRIsz7xTKi.json

info 15:26:59.424: Started kernel base (Python 3.9.12)., (Raw session started and connected)
info 15:26:59.425: Finished connecting d4cb8d27-1f97-4694-8478-47ce8995a12e
info 15:26:59.426: UpdateWorkingDirectoryAndPath in Kernel
info 15:26:59.427: Executing silently Code (idle) = import os\nimport sys\n%cd "//home/cody/Documents/kenan-math"\nif os.getcwd() not in sys.path:\nsys.
info 15:26:59.439: Executing silently Code (completed) = import os\nimport sys\n%cd "//home/cody/Documents/kenan-math"\nif os.getcwd() not in sys.path:\nsys. with 1 output(s)
info 15:26:59.440: Waiting for idle on (kernel): 86181e8b-5df8-483c-bfc2-cb81e826be1b -> idle
info 15:26:59.440: Finished waiting for idle on (kernel): 86181e8b-5df8-483c-bfc2-cb81e826be1b -> idle
info 15:26:59.452: Widget Message: Received IPyWidgets_kernelOptions in ScriptManager
info 15:26:59.452: Widget Message: Received IPyWidgetMessages.IPyWidgets_kernelOptions
info 15:26:59.478: Widget Message: data-base-url set to https://file%2B.vscode-resource.vscode-cdn.net/home/cody/.vscode-oss/extensions/ms-toolsai.jupyter-2022.7.1001890528/tmp/scripts/8682659ccab37d98d5431aa94f95d6f2d110aab9e612af4c543f7bed200e9d6c/jupyter
info 15:27:27.559: Execute Cell 0 /home/cody/Documents/kenan-math/expected_value.ipynb
info 15:27:27.857: Cell 0 executed with state Success
info 15:27:28.722: Execute Cell 2 /home/cody/Documents/kenan-math/expected_value.ipynb
info 15:27:28.751: Cell 2 executed with state Success
info 15:43:4.729: Execute Cell 4 /home/cody/Documents/kenan-math/expected_value.ipynb
info 15:43:4.750: Cell 4 executed with state Success
info 15:45:58.219: Execute Cell 5 /home/cody/Documents/kenan-math/expected_value.ipynb
info 15:45:58.238: Cell 5 executed with state Success
info 15:46:28.822: Execute Cell 6 /home/cody/Documents/kenan-math/expected_value.ipynb
info 15:46:28.835: Cell 6 executed with state Idle
info 15:46:29.9: Execute Cell 7 /home/cody/Documents/kenan-math/expected_value.ipynb
info 15:46:29.26: Cell 7 executed with state Idle
info 15:47:34.962: Execute Cell 6 /home/cody/Documents/kenan-math/expected_value.ipynb
info 15:47:34.983: Cell 6 executed with state Success
info 15:50:4.406: Execute Cell 7 /home/cody/Documents/kenan-math/expected_value.ipynb
info 15:50:4.425: Cell 7 executed with state Success
info 15:53:35.695: Execute Cell 8 /home/cody/Documents/kenan-math/expected_value.ipynb
info 15:53:35.715: Cell 8 executed with state Success
info 15:53:43.959: Execute Cell 8 /home/cody/Documents/kenan-math/expected_value.ipynb
info 15:53:43.983: Cell 8 executed with state Success
info 16:3:42.134: Execute Cell 9 /home/cody/Documents/kenan-math/expected_value.ipynb
info 16:3:42.155: Cell 9 executed with state Success
info 16:4:17.530: Execute Cell 10 /home/cody/Documents/kenan-math/expected_value.ipynb
info 16:4:17.550: Cell 10 executed with state Success
info 16:6:17.160: Execute Cell 11 /home/cody/Documents/kenan-math/expected_value.ipynb
info 16:6:17.185: Cell 11 executed with state Success
info 16:7:39.36: Execute Cell 12 /home/cody/Documents/kenan-math/expected_value.ipynb
info 16:7:39.93: Cell 12 executed with state Success
info 16:8:16.863: Execute Cell 13 /home/cody/Documents/kenan-math/expected_value.ipynb
info 16:8:16.884: Cell 13 executed with state Success
info 16:8:19.208: Execute Cell 13 /home/cody/Documents/kenan-math/expected_value.ipynb
info 16:8:19.240: Cell 13 executed with state Idle
info 16:12:59.443: Execute Cell 13 /home/cody/Documents/kenan-math/expected_value.ipynb
info 16:12:59.466: Cell 13 executed with state Success
info 16:13:11.614: Execute Cell 13 /home/cody/Documents/kenan-math/expected_value.ipynb
info 16:13:11.643: Cell 13 executed with state Success
info 16:14:4.438: Execute Cell 13 /home/cody/Documents/kenan-math/expected_value.ipynb
info 16:14:4.499: Cell 13 executed with state Success
info 16:15:35.141: Execute Cell 14 /home/cody/Documents/kenan-math/expected_value.ipynb
info 16:15:35.162: Cell 14 executed with state Success
info 16:16:28.871: Execute Cell 15 /home/cody/Documents/kenan-math/expected_value.ipynb
info 16:16:28.890: Cell 15 executed with state Success
info 16:18:27.9: Execute Cell 16 /home/cody/Documents/kenan-math/expected_value.ipynb
info 16:18:27.34: Cell 16 executed with state Success
info 16:29:50.948: Shutting down notebooks for d4cb8d27-1f97-4694-8478-47ce8995a12e
info 16:29:50.948: Disposing HostJupyterExecution 136442c6-3508-4383-8a25-f7c91ee1709f
info 16:29:50.948: Disposing super HostJupyterExecution 136442c6-3508-4383-8a25-f7c91ee1709f
info 16:29:50.948: Dispose Kernel '/home/cody/Documents/kenan-math/expected_value.ipynb' associated with '/home/cody/Documents/kenan-math/expected_value.ipynb'
info 16:29:50.948: Cancel pending cells
info 16:29:50.950: Disposing HostJupyterExecution 136442c6-3508-4383-8a25-f7c91ee1709f
info 16:29:50.950: Finished disposing HostJupyterExecution  136442c6-3508-4383-8a25-f7c91ee1709f
info 16:29:50.952: Cleaning up server cache 136442c6-3508-4383-8a25-f7c91ee1709f
info 16:29:50.953: Finished disposing HostJupyterExecution  136442c6-3508-4383-8a25-f7c91ee1709f
warn 16:29:50.955: Failed to delete connection file /home/cody/.local/share/jupyter/runtime/kernel-v2-18545amRIsz7xTKi.json Canceled (FileSystemError): Canceled
    at Function._handleError (/usr/lib/code/out/vs/workbench/api/node/extensionHostProcess.js:87:29883)
    at Object.stat (/usr/lib/code/out/vs/workbench/api/node/extensionHostProcess.js:87:27811)
    at m.delete (/home/cody/.vscode-oss/extensions/ms-toolsai.jupyter-2022.7.1001890528/out/extension.node.js:29:14986)
    at /home/cody/.vscode-oss/extensions/ms-toolsai.jupyter-2022.7.1001890528/out/extension.node.js:24:230929 {
  code: 'Unknown'
}
