2022-12-10 11:50:24.006 [info] Extension host with pid 4400 started
2022-12-10 11:50:24.006 [info] Skipping acquiring lock for /home/cody/.config/Code - OSS/User/workspaceStorage/72108a2fc86f8e3fe168983df48b70ac.
2022-12-10 11:50:24.050 [info] ExtensionService#_doActivateExtension vscode.git-base, startup: true, activationEvent: '*', root cause: vscode.git
2022-12-10 11:50:24.051 [info] ExtensionService#_doActivateExtension vscode.github-authentication, startup: true, activationEvent: '*', root cause: GitHub.vscode-pull-request-github
2022-12-10 11:50:24.127 [info] ExtensionService#_doActivateExtension vscode.git, startup: true, activationEvent: '*'
2022-12-10 11:50:24.127 [info] ExtensionService#_doActivateExtension vscode.github, startup: true, activationEvent: '*'
2022-12-10 11:50:24.127 [info] ExtensionService#_doActivateExtension GitHub.vscode-pull-request-github, startup: true, activationEvent: '*'
2022-12-10 11:50:24.385 [info] Eager extensions activated
2022-12-10 11:50:24.387 [info] ExtensionService#_doActivateExtension vscode.debug-auto-launch, startup: false, activationEvent: 'onStartupFinished'
2022-12-10 11:50:24.387 [info] ExtensionService#_doActivateExtension vscode.emmet, startup: false, activationEvent: 'onStartupFinished'
2022-12-10 11:50:24.387 [info] ExtensionService#_doActivateExtension vscode.merge-conflict, startup: false, activationEvent: 'onStartupFinished'
2022-12-10 11:50:32.512 [info] ExtensionService#_doActivateExtension vscode.ipynb, startup: false, activationEvent: 'onNotebook:jupyter-notebook}'
2022-12-10 11:50:32.572 [info] ExtensionService#_doActivateExtension luma.jupyter, startup: false, activationEvent: 'onNotebook:jupyter-notebook'
2022-12-10 11:50:32.572 [info] ExtensionService#_doActivateExtension ms-toolsai.jupyter, startup: false, activationEvent: 'onNotebook:jupyter-notebook'
2022-12-10 11:50:32.572 [info] ExtensionService#_doActivateExtension ms-toolsai.jupyter-renderers, startup: false, activationEvent: 'onNotebook:*'
2022-12-10 11:50:33.450 [info] ExtensionService#_doActivateExtension ms-python.python, startup: false, activationEvent: 'onLanguage:python'
2022-12-10 11:50:34.613 [error] Error: Extension 'ms-toolsai.jupyter' CANNOT use API proposal: notebookCellExecutionState.
Its package.json#enabledApiProposals-property declares:  but NOT notebookCellExecutionState.
 The missing proposal MUST be added and you must start in extension development mode or use the following command line switch: --enable-proposed-api ms-toolsai.jupyter
    at m (/usr/lib/code/out/vs/workbench/api/node/extensionHostProcess.js:88:44793)
    at u.onDidChangeNotebookCellExecutionState (/usr/lib/code/out/vs/workbench/api/node/extensionHostProcess.js:113:54599)
    at new m (/home/cody/.vscode-oss/extensions/ms-toolsai.jupyter-2022.7.1001890528/out/extension.node.js:24:41100)
    at Object.t.resolveInstance (/home/cody/.vscode-oss/extensions/ms-toolsai.jupyter-2022.7.1001890528/out/extension.node.js:39:1374020)
    at /home/cody/.vscode-oss/extensions/ms-toolsai.jupyter-2022.7.1001890528/out/extension.node.js:39:1375958
    at /home/cody/.vscode-oss/extensions/ms-toolsai.jupyter-2022.7.1001890528/out/extension.node.js:39:1374876
    at Array.map (<anonymous>)
    at /home/cody/.vscode-oss/extensions/ms-toolsai.jupyter-2022.7.1001890528/out/extension.node.js:39:1374848
    at Array.map (<anonymous>)
    at Object.t.resolveInstance (/home/cody/.vscode-oss/extensions/ms-toolsai.jupyter-2022.7.1001890528/out/extension.node.js:39:1373794)
    at /home/cody/.vscode-oss/extensions/ms-toolsai.jupyter-2022.7.1001890528/out/extension.node.js:39:1375958
    at Object.t.resolve (/home/cody/.vscode-oss/extensions/ms-toolsai.jupyter-2022.7.1001890528/out/extension.node.js:39:1376221)
    at /home/cody/.vscode-oss/extensions/ms-toolsai.jupyter-2022.7.1001890528/out/extension.node.js:39:1359634
    at e._get (/home/cody/.vscode-oss/extensions/ms-toolsai.jupyter-2022.7.1001890528/out/extension.node.js:39:1359400)
    at e.get (/home/cody/.vscode-oss/extensions/ms-toolsai.jupyter-2022.7.1001890528/out/extension.node.js:39:1358043)
    at a.get (/home/cody/.vscode-oss/extensions/ms-toolsai.jupyter-2022.7.1001890528/out/extension.node.js:39:31195)
    at /home/cody/.vscode-oss/extensions/ms-toolsai.jupyter-2022.7.1001890528/out/extension.node.js:39:2896208
2022-12-10 11:50:35.637 [info] ExtensionService#_doActivateExtension ms-python.isort, startup: false, activationEvent: 'onLanguage:python'
2022-12-10 11:50:35.714 [error] Error: Extension 'ms-python.python' CANNOT use API proposal: testObserver.
Its package.json#enabledApiProposals-property declares:  but NOT testObserver.
 The missing proposal MUST be added and you must start in extension development mode or use the following command line switch: --enable-proposed-api ms-python.python
    at m (/usr/lib/code/out/vs/workbench/api/node/extensionHostProcess.js:88:44793)
    at Object.get testResults [as testResults] (/usr/lib/code/out/vs/workbench/api/node/extensionHostProcess.js:113:36138)
    at w.activate (/home/cody/.vscode-oss/extensions/ms-python.python-2022.16.1-universal/out/client/extension.js:2:762542)
    at /home/cody/.vscode-oss/extensions/ms-python.python-2022.16.1-universal/out/client/extension.js:2:2251
    at Array.map (<anonymous>)
    at f.activateWorkspace (/home/cody/.vscode-oss/extensions/ms-python.python-2022.16.1-universal/out/client/extension.js:2:2241)
    at processTicksAndRejections (node:internal/process/task_queues:96:5)
2022-12-10 11:51:24.329 [info] Extension host terminating: received terminate message from renderer
2022-12-10 11:51:24.346 [error] Canceled: Canceled
    at Object.e.throwIfCanceled (/home/cody/.vscode-oss/extensions/ms-toolsai.jupyter-2022.7.1001890528/out/extension.node.js:24:489867)
    at r.launchProcess (/home/cody/.vscode-oss/extensions/ms-toolsai.jupyter-2022.7.1001890528/out/extension.node.js:24:223997)
    at processTicksAndRejections (node:internal/process/task_queues:96:5)
    at /home/cody/.vscode-oss/extensions/ms-toolsai.jupyter-2022.7.1001890528/out/extension.node.js:24:222210
2022-12-10 11:51:24.350 [info] Extension host with pid 4400 exiting with code 0
