[2022-09-05T22:44:03.100Z] Log level: Info
[2022-09-05T22:44:03.100Z] [info] Validating found git in: git
[2022-09-05T22:44:03.109Z] [info] Using git 2.37.1 from git
[2022-09-05T22:44:03.118Z] > git rev-parse --show-toplevel [3ms]
[2022-09-05T22:44:03.124Z] > git rev-parse --git-dir --git-common-dir [2ms]
[2022-09-05T22:44:03.127Z] [info] Open repository: /home/cody/Documents/cascade-web-services
[2022-09-05T22:44:03.217Z] > git status -z -uall [86ms]
[2022-09-05T22:44:03.221Z] > git symbolic-ref --short HEAD [1ms]
[2022-09-05T22:44:03.224Z] > git for-each-ref --format=%(refname)%00%(upstream:short)%00%(objectname)%00%(upstream:track)%00%(upstream:remotename)%00%(upstream:remoteref) refs/heads/main refs/remotes/main [0ms]
[2022-09-05T22:44:03.233Z] > git remote --verbose [2ms]
[2022-09-05T22:44:03.233Z] > git for-each-ref --sort -committerdate --format %(refname) %(objectname) %(*objectname) [5ms]
[2022-09-05T22:44:03.239Z] > git config --get commit.template [1ms]
[2022-09-05T22:44:03.248Z] > git config --local branch.main.github-pr-owner-number [1ms]
[2022-09-05T22:44:03.336Z] > git status -z -uall [92ms]
[2022-09-05T22:44:03.339Z] > git symbolic-ref --short HEAD [0ms]
[2022-09-05T22:44:03.343Z] > git for-each-ref --format=%(refname)%00%(upstream:short)%00%(objectname)%00%(upstream:track)%00%(upstream:remotename)%00%(upstream:remoteref) refs/heads/main refs/remotes/main [1ms]
[2022-09-05T22:44:03.350Z] > git remote --verbose [1ms]
[2022-09-05T22:44:03.350Z] > git for-each-ref --sort -committerdate --format %(refname) %(objectname) %(*objectname) [4ms]
[2022-09-05T22:44:03.354Z] > git config --get commit.template [1ms]
[2022-09-05T22:44:03.660Z] > git check-ignore -v -z --stdin [21ms]
