[2022-11-19 10:54:11.846] [renderer1] [critical] Extension 'GitHub.vscode-pull-request-github CANNOT USE these API proposals 'tokenInformation, commentsResolvedState'. You MUST start in extension development mode or use the --enable-proposed-api command line flag
[2022-11-19 10:54:11.847] [renderer1] [critical] Extension 'ms-python.python CANNOT USE these API proposals 'quickPickSortByLabel, testObserver'. You MUST start in extension development mode or use the --enable-proposed-api command line flag
[2022-11-19 10:54:11.847] [renderer1] [critical] Extension 'ms-toolsai.jupyter CANNOT USE these API proposals 'notebookControllerKind, notebookWorkspaceEdit, notebookDebugOptions, notebookDeprecated, notebookMessaging, notebookMime, notebookCellExecutionState, portsAttributes, quickPickSortByLabel, notebookKernelSource'. You MUST start in extension development mode or use the --enable-proposed-api command line flag
[2022-11-19 10:54:11.880] [renderer1] [info] [GitHub.vscode-pull-request-github]: `remoteHub/pullRequest` is not a valid menu identifier
[2022-11-19 10:54:11.880] [renderer1] [error] [ms-toolsai.jupyter]: notebook/kernelSource is a proposed menu identifier. It requires 'package.json#enabledApiProposals: ["notebookKernelSource"]' and is only available when running out of dev or with the following command line switch: --enable-proposed-api ms-toolsai.jupyter
[2022-11-19 10:54:12.827] [renderer1] [error] [Extension Host] extension activation failed Error: Extension 'ms-toolsai.jupyter' CANNOT use API proposal: notebookCellExecutionState.
Its package.json#enabledApiProposals-property declares:  but NOT notebookCellExecutionState.
 The missing proposal MUST be added and you must start in extension development mode or use the following command line switch: --enable-proposed-api ms-toolsai.jupyter
	at f (/usr/lib/code/out/vs/workbench/api/node/extensionHostProcess.js:83:67541)
	at u.onDidChangeNotebookCellExecutionState (/usr/lib/code/out/vs/workbench/api/node/extensionHostProcess.js:106:52625)
	at new m (/home/cody/.vscode-oss/extensions/ms-toolsai.jupyter-2022.7.1001890528/out/extension.node.js:24:41100)
	at Object.t.resolveInstance (/home/cody/.vscode-oss/extensions/ms-toolsai.jupyter-2022.7.1001890528/out/extension.node.js:39:1374020)
	at /home/cody/.vscode-oss/extensions/ms-toolsai.jupyter-2022.7.1001890528/out/extension.node.js:39:1375958
	at /home/cody/.vscode-oss/extensions/ms-toolsai.jupyter-2022.7.1001890528/out/extension.node.js:39:1374876
	at Array.map (<anonymous>)
	at /home/cody/.vscode-oss/extensions/ms-toolsai.jupyter-2022.7.1001890528/out/extension.node.js:39:1374848
	at Array.map (<anonymous>)
	at Object.t.resolveInstance (/home/cody/.vscode-oss/extensions/ms-toolsai.jupyter-2022.7.1001890528/out/extension.node.js:39:1373794)
	at /home/cody/.vscode-oss/extensions/ms-toolsai.jupyter-2022.7.1001890528/out/extension.node.js:39:1375958
	at Object.t.resolve (/home/cody/.vscode-oss/extensions/ms-toolsai.jupyter-2022.7.1001890528/out/extension.node.js:39:1376221)
	at /home/cody/.vscode-oss/extensions/ms-toolsai.jupyter-2022.7.1001890528/out/extension.node.js:39:1359634
	at e._get (/home/cody/.vscode-oss/extensions/ms-toolsai.jupyter-2022.7.1001890528/out/extension.node.js:39:1359400)
	at e.get (/home/cody/.vscode-oss/extensions/ms-toolsai.jupyter-2022.7.1001890528/out/extension.node.js:39:1358043)
	at a.get (/home/cody/.vscode-oss/extensions/ms-toolsai.jupyter-2022.7.1001890528/out/extension.node.js:39:31195)
	at /home/cody/.vscode-oss/extensions/ms-toolsai.jupyter-2022.7.1001890528/out/extension.node.js:39:2896208
[2022-11-19 10:57:16.040] [renderer1] [critical] Extension 'luma.jupyter' wants API proposal 'notebookConcatTextDocument' but that proposal DOES NOT EXIST. Likely, the proposal has been finalized (check 'vscode.d.ts') or was abandoned.
[2022-11-19 10:57:16.041] [renderer1] [critical] Extension 'luma.jupyter' wants API proposal 'notebookEditorDecorationType' but that proposal DOES NOT EXIST. Likely, the proposal has been finalized (check 'vscode.d.ts') or was abandoned.
[2022-11-19 10:57:16.041] [renderer1] [critical] Extension 'luma.jupyter' wants API proposal 'textDocumentNotebook' but that proposal DOES NOT EXIST. Likely, the proposal has been finalized (check 'vscode.d.ts') or was abandoned.
[2022-11-19 10:57:16.041] [renderer1] [critical] Extension 'luma.jupyter CANNOT USE these API proposals 'notebookControllerKind, notebookDebugOptions, notebookDeprecated, notebookEditor, notebookEditorEdit, notebookMessaging, notebookMime, notebookCellExecutionState, portsAttributes, quickPickSortByLabel'. You MUST start in extension development mode or use the --enable-proposed-api command line flag
[2022-11-19 10:57:16.041] [renderer1] [warning] [luma.jupyter]: Cannot register 'jupyter.experiments.enabled'. This property is already registered.
[2022-11-19 10:57:16.042] [renderer1] [warning] [luma.jupyter]: Cannot register 'jupyter.showVariableViewWhenDebugging'. This property is already registered.
[2022-11-19 10:57:16.042] [renderer1] [warning] [luma.jupyter]: Cannot register 'jupyter.logging.level'. This property is already registered.
[2022-11-19 10:57:16.042] [renderer1] [warning] [luma.jupyter]: Cannot register 'jupyter.experiments.optInto'. This property is already registered.
[2022-11-19 10:57:16.042] [renderer1] [warning] [luma.jupyter]: Cannot register 'jupyter.experiments.optOutFrom'. This property is already registered.
[2022-11-19 10:57:16.043] [renderer1] [warning] [luma.jupyter]: Cannot register 'jupyter.enableKeyboardShortcuts'. This property is already registered.
[2022-11-19 10:57:16.043] [renderer1] [warning] [luma.jupyter]: Cannot register 'jupyter.allowImportFromNotebook'. This property is already registered.
[2022-11-19 10:57:16.043] [renderer1] [warning] [luma.jupyter]: Cannot register 'jupyter.widgetScriptSources'. This property is already registered.
[2022-11-19 10:57:16.043] [renderer1] [warning] [luma.jupyter]: Cannot register 'jupyter.askForLargeDataFrames'. This property is already registered.
[2022-11-19 10:57:16.044] [renderer1] [warning] [luma.jupyter]: Cannot register 'jupyter.askForKernelRestart'. This property is already registered.
[2022-11-19 10:57:16.044] [renderer1] [warning] [luma.jupyter]: Cannot register 'jupyter.exportWithOutputEnabled'. This property is already registered.
[2022-11-19 10:57:16.044] [renderer1] [warning] [luma.jupyter]: Cannot register 'jupyter.jupyterLaunchTimeout'. This property is already registered.
[2022-11-19 10:57:16.044] [renderer1] [warning] [luma.jupyter]: Cannot register 'jupyter.jupyterLaunchRetries'. This property is already registered.
[2022-11-19 10:57:16.045] [renderer1] [warning] [luma.jupyter]: Cannot register 'jupyter.jupyterCommandLineArguments'. This property is already registered.
[2022-11-19 10:57:16.045] [renderer1] [warning] [luma.jupyter]: Cannot register 'jupyter.notebookFileRoot'. This property is already registered.
[2022-11-19 10:57:16.045] [renderer1] [warning] [luma.jupyter]: Cannot register 'jupyter.searchForJupyter'. This property is already registered.
[2022-11-19 10:57:16.045] [renderer1] [warning] [luma.jupyter]: Cannot register 'jupyter.useDefaultConfigForJupyter'. This property is already registered.
[2022-11-19 10:57:16.045] [renderer1] [warning] [luma.jupyter]: Cannot register 'jupyter.jupyterInterruptTimeout'. This property is already registered.
[2022-11-19 10:57:16.046] [renderer1] [warning] [luma.jupyter]: Cannot register 'jupyter.allowInput'. This property is already registered.
[2022-11-19 10:57:16.046] [renderer1] [warning] [luma.jupyter]: Cannot register 'jupyter.showCellInputCode'. This property is already registered.
[2022-11-19 10:57:16.046] [renderer1] [warning] [luma.jupyter]: Cannot register 'jupyter.collapseCellInputCodeByDefault'. This property is already registered.
[2022-11-19 10:57:16.046] [renderer1] [warning] [luma.jupyter]: Cannot register 'jupyter.maxOutputSize'. This property is already registered.
[2022-11-19 10:57:16.046] [renderer1] [warning] [luma.jupyter]: Cannot register 'jupyter.alwaysScrollOnNewCell'. This property is already registered.
[2022-11-19 10:57:16.046] [renderer1] [warning] [luma.jupyter]: Cannot register 'jupyter.enableScrollingForCellOutputs'. This property is already registered.
[2022-11-19 10:57:16.047] [renderer1] [warning] [luma.jupyter]: Cannot register 'jupyter.sendSelectionToInteractiveWindow'. This property is already registered.
[2022-11-19 10:57:16.047] [renderer1] [warning] [luma.jupyter]: Cannot register 'jupyter.variableExplorerExclude'. This property is already registered.
[2022-11-19 10:57:16.047] [renderer1] [warning] [luma.jupyter]: Cannot register 'jupyter.codeRegularExpression'. This property is already registered.
[2022-11-19 10:57:16.048] [renderer1] [warning] [luma.jupyter]: Cannot register 'jupyter.defaultCellMarker'. This property is already registered.
[2022-11-19 10:57:16.048] [renderer1] [warning] [luma.jupyter]: Cannot register 'jupyter.markdownRegularExpression'. This property is already registered.
[2022-11-19 10:57:16.048] [renderer1] [warning] [luma.jupyter]: Cannot register 'jupyter.allowLiveShare'. This property is already registered.
[2022-11-19 10:57:16.048] [renderer1] [warning] [luma.jupyter]: Cannot register 'jupyter.ignoreVscodeTheme'. This property is already registered.
[2022-11-19 10:57:16.048] [renderer1] [warning] [luma.jupyter]: Cannot register 'jupyter.themeMatplotlibPlots'. This property is already registered.
[2022-11-19 10:57:16.048] [renderer1] [warning] [luma.jupyter]: Cannot register 'jupyter.liveShareConnectionTimeout'. This property is already registered.
[2022-11-19 10:57:16.048] [renderer1] [warning] [luma.jupyter]: Cannot register 'jupyter.decorateCells'. This property is already registered.
[2022-11-19 10:57:16.049] [renderer1] [warning] [luma.jupyter]: Cannot register 'jupyter.enableCellCodeLens'. This property is already registered.
[2022-11-19 10:57:16.049] [renderer1] [warning] [luma.jupyter]: Cannot register 'jupyter.enableAutoMoveToNextCell'. This property is already registered.
[2022-11-19 10:57:16.049] [renderer1] [warning] [luma.jupyter]: Cannot register 'jupyter.allowUnauthorizedRemoteConnection'. This property is already registered.
[2022-11-19 10:57:16.049] [renderer1] [warning] [luma.jupyter]: Cannot register 'jupyter.generateSVGPlots'. This property is already registered.
[2022-11-19 10:57:16.049] [renderer1] [warning] [luma.jupyter]: Cannot register 'jupyter.codeLenses'. This property is already registered.
[2022-11-19 10:57:16.049] [renderer1] [warning] [luma.jupyter]: Cannot register 'jupyter.debugCodeLenses'. This property is already registered.
[2022-11-19 10:57:16.050] [renderer1] [warning] [luma.jupyter]: Cannot register 'jupyter.debugpyDistPath'. This property is already registered.
[2022-11-19 10:57:16.050] [renderer1] [warning] [luma.jupyter]: Cannot register 'jupyter.stopOnFirstLineWhileDebugging'. This property is already registered.
[2022-11-19 10:57:16.050] [renderer1] [warning] [luma.jupyter]: Cannot register 'jupyter.remoteDebuggerPort'. This property is already registered.
[2022-11-19 10:57:16.050] [renderer1] [warning] [luma.jupyter]: Cannot register 'jupyter.disableJupyterAutoStart'. This property is already registered.
[2022-11-19 10:57:16.050] [renderer1] [warning] [luma.jupyter]: Cannot register 'jupyter.textOutputLimit'. This property is already registered.
[2022-11-19 10:57:16.050] [renderer1] [warning] [luma.jupyter]: Cannot register 'jupyter.colorizeInputBox'. This property is already registered.
[2022-11-19 10:57:16.050] [renderer1] [warning] [luma.jupyter]: Cannot register 'jupyter.stopOnError'. This property is already registered.
[2022-11-19 10:57:16.050] [renderer1] [warning] [luma.jupyter]: Cannot register 'jupyter.addGotoCodeLenses'. This property is already registered.
[2022-11-19 10:57:16.051] [renderer1] [warning] [luma.jupyter]: Cannot register 'jupyter.variableQueries'. This property is already registered.
[2022-11-19 10:57:16.051] [renderer1] [warning] [luma.jupyter]: Cannot register 'jupyter.kernels.filter'. This property is already registered.
[2022-11-19 10:57:16.051] [renderer1] [warning] [luma.jupyter]: Cannot register 'jupyter.interactiveWindowMode'. This property is already registered.
[2022-11-19 10:57:16.051] [renderer1] [warning] [luma.jupyter]: Cannot register 'jupyter.magicCommandsAsComments'. This property is already registered.
[2022-11-19 10:57:16.051] [renderer1] [warning] [luma.jupyter]: Cannot register 'jupyter.pythonExportMethod'. This property is already registered.
[2022-11-19 10:57:16.051] [renderer1] [warning] [luma.jupyter]: Cannot register 'jupyter.runStartupCommands'. This property is already registered.
[2022-11-19 10:57:16.051] [renderer1] [warning] [luma.jupyter]: Cannot register 'jupyter.debugJustMyCode'. This property is already registered.
[2022-11-19 10:57:16.052] [renderer1] [warning] [luma.jupyter]: Cannot register 'jupyter.showOutlineButtonInNotebookToolbar'. This property is already registered.
[2022-11-19 10:57:16.052] [renderer1] [warning] [luma.jupyter]: Cannot register 'jupyter.newCellOnRunLast'. This property is already registered.
[2022-11-19 10:57:16.052] [renderer1] [warning] [luma.jupyter]: Cannot register 'jupyter.pylanceHandlesNotebooks'. This property is already registered.
[2022-11-19 10:57:16.052] [renderer1] [warning] [luma.jupyter]: Cannot register 'jupyter.pythonCompletionTriggerCharacters'. This property is already registered.
[2022-11-19 10:57:16.052] [renderer1] [warning] [luma.jupyter]: Cannot register 'jupyter.logKernelOutputSeparately'. This property is already registered.
[2022-11-19 10:57:16.085] [renderer1] [info] [GitHub.vscode-pull-request-github]: `remoteHub/pullRequest` is not a valid menu identifier
[2022-11-19 10:57:16.086] [renderer1] [error] [ms-toolsai.jupyter]: notebook/kernelSource is a proposed menu identifier. It requires 'package.json#enabledApiProposals: ["notebookKernelSource"]' and is only available when running out of dev or with the following command line switch: --enable-proposed-api ms-toolsai.jupyter
[2022-11-19 10:57:16.105] [renderer1] [error] [luma.jupyter]: A view with id `jupyterViewVariables` is already registered.
[2022-11-19 10:57:17.272] [renderer1] [error] [Extension Host] extension activation failed TypeError: s.notebooks.onDidChangeCellMetadata is not a function
    at u.onDidChangeCellMetadata [as addEventHandlers] (/home/cody/.vscode-oss/extensions/luma.jupyter-2022.3.108-universal/src/client/common/application/notebook.ts:73:32)
    at new addEventHandlers (/home/cody/.vscode-oss/extensions/luma.jupyter-2022.3.108-universal/src/client/common/application/notebook.ts:24:14)
    at Object.t.resolveInstance (/home/cody/.vscode-oss/extensions/luma.jupyter-2022.3.108-universal/node_modules/inversify/lib/resolution/instantiation.js:21:12)
    at resolveInstance (/home/cody/.vscode-oss/extensions/luma.jupyter-2022.3.108-universal/node_modules/inversify/lib/resolution/resolver.js:72:42)
    at Array.map (<anonymous>)
    at Object.map [as resolveInstance] (/home/cody/.vscode-oss/extensions/luma.jupyter-2022.3.108-universal/node_modules/inversify/lib/resolution/instantiation.js:40:67)
    at resolveInstance (/home/cody/.vscode-oss/extensions/luma.jupyter-2022.3.108-universal/node_modules/inversify/lib/resolution/resolver.js:72:42)
    at _f (/home/cody/.vscode-oss/extensions/luma.jupyter-2022.3.108-universal/node_modules/inversify/lib/resolution/resolver.js:34:24)
    at Array.map (<anonymous>)
    at map (/home/cody/.vscode-oss/extensions/luma.jupyter-2022.3.108-universal/node_modules/inversify/lib/resolution/resolver.js:32:34)
    at Array.map (<anonymous>)
    at Object.map [as resolveInstance] (/home/cody/.vscode-oss/extensions/luma.jupyter-2022.3.108-universal/node_modules/inversify/lib/resolution/instantiation.js:40:67)
    at resolveInstance (/home/cody/.vscode-oss/extensions/luma.jupyter-2022.3.108-universal/node_modules/inversify/lib/resolution/resolver.js:72:42)
    at Object._f [as resolve] (/home/cody/.vscode-oss/extensions/luma.jupyter-2022.3.108-universal/node_modules/inversify/lib/resolution/resolver.js:96:12)
    at resolve (/home/cody/.vscode-oss/extensions/luma.jupyter-2022.3.108-universal/node_modules/inversify/lib/container/container.js:319:37)
    at e.this (/home/cody/.vscode-oss/extensions/luma.jupyter-2022.3.108-universal/node_modules/inversify/lib/container/container.js:310:22)
    at e._get [as get] (/home/cody/.vscode-oss/extensions/luma.jupyter-2022.3.108-universal/node_modules/inversify/lib/container/container.js:230:21)
    at a.get (/home/cody/.vscode-oss/extensions/luma.jupyter-2022.3.108-universal/src/client/ioc/container.ts:24:89)
    at get (/home/cody/.vscode-oss/extensions/luma.jupyter-2022.3.108-universal/src/client/extensionActivation.ts:90:38)
    at processTicksAndRejections (node:internal/process/task_queues:96:5)
    at activationPromise (/home/cody/.vscode-oss/extensions/luma.jupyter-2022.3.108-universal/src/client/extension.ts:67:17)
    at serviceContainer (/home/cody/.vscode-oss/extensions/luma.jupyter-2022.3.108-universal/src/client/extension.ts:30:22)
    at b._activate (/usr/lib/code/out/vs/workbench/api/node/extensionHostProcess.js:85:8180)
    at b._waitForDepsThenActivate (/usr/lib/code/out/vs/workbench/api/node/extensionHostProcess.js:85:8122)
    at b._initialize (/usr/lib/code/out/vs/workbench/api/node/extensionHostProcess.js:85:7486)
