[2022-11-19 10:59:28.437] [renderer4] [critical] Extension 'GitHub.vscode-pull-request-github CANNOT USE these API proposals 'tokenInformation, commentsResolvedState'. You MUST start in extension development mode or use the --enable-proposed-api command line flag
[2022-11-19 10:59:28.438] [renderer4] [critical] Extension 'luma.jupyter' wants API proposal 'notebookConcatTextDocument' but that proposal DOES NOT EXIST. Likely, the proposal has been finalized (check 'vscode.d.ts') or was abandoned.
[2022-11-19 10:59:28.439] [renderer4] [critical] Extension 'luma.jupyter' wants API proposal 'notebookEditorDecorationType' but that proposal DOES NOT EXIST. Likely, the proposal has been finalized (check 'vscode.d.ts') or was abandoned.
[2022-11-19 10:59:28.439] [renderer4] [critical] Extension 'luma.jupyter' wants API proposal 'textDocumentNotebook' but that proposal DOES NOT EXIST. Likely, the proposal has been finalized (check 'vscode.d.ts') or was abandoned.
[2022-11-19 10:59:28.439] [renderer4] [critical] Extension 'luma.jupyter CANNOT USE these API proposals 'notebookControllerKind, notebookDebugOptions, notebookDeprecated, notebookEditor, notebookEditorEdit, notebookMessaging, notebookMime, notebookCellExecutionState, portsAttributes, quickPickSortByLabel'. You MUST start in extension development mode or use the --enable-proposed-api command line flag
[2022-11-19 10:59:28.439] [renderer4] [critical] Extension 'ms-python.python CANNOT USE these API proposals 'quickPickSortByLabel, testObserver'. You MUST start in extension development mode or use the --enable-proposed-api command line flag
[2022-11-19 10:59:28.469] [renderer4] [warning] [ms-toolsai.jupyter]: Cannot register 'jupyter.experiments.enabled'. This property is already registered.
[2022-11-19 10:59:28.470] [renderer4] [warning] [ms-toolsai.jupyter]: Cannot register 'jupyter.showVariableViewWhenDebugging'. This property is already registered.
[2022-11-19 10:59:28.470] [renderer4] [warning] [ms-toolsai.jupyter]: Cannot register 'jupyter.logging.level'. This property is already registered.
[2022-11-19 10:59:28.470] [renderer4] [warning] [ms-toolsai.jupyter]: Cannot register 'jupyter.experiments.optInto'. This property is already registered.
[2022-11-19 10:59:28.470] [renderer4] [warning] [ms-toolsai.jupyter]: Cannot register 'jupyter.experiments.optOutFrom'. This property is already registered.
[2022-11-19 10:59:28.471] [renderer4] [warning] [ms-toolsai.jupyter]: Cannot register 'jupyter.enableKeyboardShortcuts'. This property is already registered.
[2022-11-19 10:59:28.471] [renderer4] [warning] [ms-toolsai.jupyter]: Cannot register 'jupyter.allowImportFromNotebook'. This property is already registered.
[2022-11-19 10:59:28.471] [renderer4] [warning] [ms-toolsai.jupyter]: Cannot register 'jupyter.widgetScriptSources'. This property is already registered.
[2022-11-19 10:59:28.471] [renderer4] [warning] [ms-toolsai.jupyter]: Cannot register 'jupyter.askForLargeDataFrames'. This property is already registered.
[2022-11-19 10:59:28.471] [renderer4] [warning] [ms-toolsai.jupyter]: Cannot register 'jupyter.askForKernelRestart'. This property is already registered.
[2022-11-19 10:59:28.471] [renderer4] [warning] [ms-toolsai.jupyter]: Cannot register 'jupyter.exportWithOutputEnabled'. This property is already registered.
[2022-11-19 10:59:28.472] [renderer4] [warning] [ms-toolsai.jupyter]: Cannot register 'jupyter.jupyterLaunchTimeout'. This property is already registered.
[2022-11-19 10:59:28.472] [renderer4] [warning] [ms-toolsai.jupyter]: Cannot register 'jupyter.jupyterLaunchRetries'. This property is already registered.
[2022-11-19 10:59:28.472] [renderer4] [warning] [ms-toolsai.jupyter]: Cannot register 'jupyter.jupyterCommandLineArguments'. This property is already registered.
[2022-11-19 10:59:28.472] [renderer4] [warning] [ms-toolsai.jupyter]: Cannot register 'jupyter.notebookFileRoot'. This property is already registered.
[2022-11-19 10:59:28.472] [renderer4] [warning] [ms-toolsai.jupyter]: Cannot register 'jupyter.searchForJupyter'. This property is already registered.
[2022-11-19 10:59:28.472] [renderer4] [warning] [ms-toolsai.jupyter]: Cannot register 'jupyter.useDefaultConfigForJupyter'. This property is already registered.
[2022-11-19 10:59:28.473] [renderer4] [warning] [ms-toolsai.jupyter]: Cannot register 'jupyter.jupyterInterruptTimeout'. This property is already registered.
[2022-11-19 10:59:28.473] [renderer4] [warning] [ms-toolsai.jupyter]: Cannot register 'jupyter.allowInput'. This property is already registered.
[2022-11-19 10:59:28.473] [renderer4] [warning] [ms-toolsai.jupyter]: Cannot register 'jupyter.showCellInputCode'. This property is already registered.
[2022-11-19 10:59:28.473] [renderer4] [warning] [ms-toolsai.jupyter]: Cannot register 'jupyter.collapseCellInputCodeByDefault'. This property is already registered.
[2022-11-19 10:59:28.473] [renderer4] [warning] [ms-toolsai.jupyter]: Cannot register 'jupyter.maxOutputSize'. This property is already registered.
[2022-11-19 10:59:28.474] [renderer4] [warning] [ms-toolsai.jupyter]: Cannot register 'jupyter.alwaysScrollOnNewCell'. This property is already registered.
[2022-11-19 10:59:28.474] [renderer4] [warning] [ms-toolsai.jupyter]: Cannot register 'jupyter.enableScrollingForCellOutputs'. This property is already registered.
[2022-11-19 10:59:28.474] [renderer4] [warning] [ms-toolsai.jupyter]: Cannot register 'jupyter.sendSelectionToInteractiveWindow'. This property is already registered.
[2022-11-19 10:59:28.474] [renderer4] [warning] [ms-toolsai.jupyter]: Cannot register 'jupyter.variableExplorerExclude'. This property is already registered.
[2022-11-19 10:59:28.474] [renderer4] [warning] [ms-toolsai.jupyter]: Cannot register 'jupyter.codeRegularExpression'. This property is already registered.
[2022-11-19 10:59:28.474] [renderer4] [warning] [ms-toolsai.jupyter]: Cannot register 'jupyter.defaultCellMarker'. This property is already registered.
[2022-11-19 10:59:28.475] [renderer4] [warning] [ms-toolsai.jupyter]: Cannot register 'jupyter.markdownRegularExpression'. This property is already registered.
[2022-11-19 10:59:28.475] [renderer4] [warning] [ms-toolsai.jupyter]: Cannot register 'jupyter.allowLiveShare'. This property is already registered.
[2022-11-19 10:59:28.475] [renderer4] [warning] [ms-toolsai.jupyter]: Cannot register 'jupyter.ignoreVscodeTheme'. This property is already registered.
[2022-11-19 10:59:28.475] [renderer4] [warning] [ms-toolsai.jupyter]: Cannot register 'jupyter.themeMatplotlibPlots'. This property is already registered.
[2022-11-19 10:59:28.476] [renderer4] [warning] [ms-toolsai.jupyter]: Cannot register 'jupyter.liveShareConnectionTimeout'. This property is already registered.
[2022-11-19 10:59:28.476] [renderer4] [warning] [ms-toolsai.jupyter]: Cannot register 'jupyter.decorateCells'. This property is already registered.
[2022-11-19 10:59:28.476] [renderer4] [warning] [ms-toolsai.jupyter]: Cannot register 'jupyter.enableCellCodeLens'. This property is already registered.
[2022-11-19 10:59:28.476] [renderer4] [warning] [ms-toolsai.jupyter]: Cannot register 'jupyter.enableAutoMoveToNextCell'. This property is already registered.
[2022-11-19 10:59:28.476] [renderer4] [warning] [ms-toolsai.jupyter]: Cannot register 'jupyter.allowUnauthorizedRemoteConnection'. This property is already registered.
[2022-11-19 10:59:28.476] [renderer4] [warning] [ms-toolsai.jupyter]: Cannot register 'jupyter.generateSVGPlots'. This property is already registered.
[2022-11-19 10:59:28.477] [renderer4] [warning] [ms-toolsai.jupyter]: Cannot register 'jupyter.codeLenses'. This property is already registered.
[2022-11-19 10:59:28.477] [renderer4] [warning] [ms-toolsai.jupyter]: Cannot register 'jupyter.debugCodeLenses'. This property is already registered.
[2022-11-19 10:59:28.477] [renderer4] [warning] [ms-toolsai.jupyter]: Cannot register 'jupyter.debugpyDistPath'. This property is already registered.
[2022-11-19 10:59:28.477] [renderer4] [warning] [ms-toolsai.jupyter]: Cannot register 'jupyter.stopOnFirstLineWhileDebugging'. This property is already registered.
[2022-11-19 10:59:28.477] [renderer4] [warning] [ms-toolsai.jupyter]: Cannot register 'jupyter.remoteDebuggerPort'. This property is already registered.
[2022-11-19 10:59:28.478] [renderer4] [warning] [ms-toolsai.jupyter]: Cannot register 'jupyter.disableJupyterAutoStart'. This property is already registered.
[2022-11-19 10:59:28.478] [renderer4] [warning] [ms-toolsai.jupyter]: Cannot register 'jupyter.textOutputLimit'. This property is already registered.
[2022-11-19 10:59:28.478] [renderer4] [warning] [ms-toolsai.jupyter]: Cannot register 'jupyter.colorizeInputBox'. This property is already registered.
[2022-11-19 10:59:28.478] [renderer4] [warning] [ms-toolsai.jupyter]: Cannot register 'jupyter.stopOnError'. This property is already registered.
[2022-11-19 10:59:28.478] [renderer4] [warning] [ms-toolsai.jupyter]: Cannot register 'jupyter.addGotoCodeLenses'. This property is already registered.
[2022-11-19 10:59:28.478] [renderer4] [warning] [ms-toolsai.jupyter]: Cannot register 'jupyter.variableQueries'. This property is already registered.
[2022-11-19 10:59:28.479] [renderer4] [warning] [ms-toolsai.jupyter]: Cannot register 'jupyter.kernels.filter'. This property is already registered.
[2022-11-19 10:59:28.479] [renderer4] [warning] [ms-toolsai.jupyter]: Cannot register 'jupyter.interactiveWindowMode'. This property is already registered.
[2022-11-19 10:59:28.479] [renderer4] [warning] [ms-toolsai.jupyter]: Cannot register 'jupyter.magicCommandsAsComments'. This property is already registered.
[2022-11-19 10:59:28.479] [renderer4] [warning] [ms-toolsai.jupyter]: Cannot register 'jupyter.pythonExportMethod'. This property is already registered.
[2022-11-19 10:59:28.479] [renderer4] [warning] [ms-toolsai.jupyter]: Cannot register 'jupyter.runStartupCommands'. This property is already registered.
[2022-11-19 10:59:28.479] [renderer4] [warning] [ms-toolsai.jupyter]: Cannot register 'jupyter.debugJustMyCode'. This property is already registered.
[2022-11-19 10:59:28.480] [renderer4] [warning] [ms-toolsai.jupyter]: Cannot register 'jupyter.showOutlineButtonInNotebookToolbar'. This property is already registered.
[2022-11-19 10:59:28.480] [renderer4] [warning] [ms-toolsai.jupyter]: Cannot register 'jupyter.newCellOnRunLast'. This property is already registered.
[2022-11-19 10:59:28.480] [renderer4] [warning] [ms-toolsai.jupyter]: Cannot register 'jupyter.pylanceHandlesNotebooks'. This property is already registered.
[2022-11-19 10:59:28.480] [renderer4] [warning] [ms-toolsai.jupyter]: Cannot register 'jupyter.pythonCompletionTriggerCharacters'. This property is already registered.
[2022-11-19 10:59:28.480] [renderer4] [warning] [ms-toolsai.jupyter]: Cannot register 'jupyter.logKernelOutputSeparately'. This property is already registered.
[2022-11-19 10:59:28.538] [renderer4] [info] [GitHub.vscode-pull-request-github]: `remoteHub/pullRequest` is not a valid menu identifier
[2022-11-19 10:59:28.600] [renderer4] [error] [ms-toolsai.jupyter]: Cannot register multiple views with same id `jupyterViewVariables`
