[2022-11-19 10:58:13.896] [exthost] [info] Extension host with pid 6219 started
[2022-11-19 10:58:13.939] [exthost] [info] ExtensionService#_doActivateExtension vscode.debug-auto-launch, startup: true, activationEvent: '*'
[2022-11-19 10:58:13.941] [exthost] [info] ExtensionService#_doActivateExtension vscode.git-base, startup: true, activationEvent: '*', root cause: vscode.git
[2022-11-19 10:58:13.942] [exthost] [info] ExtensionService#_doActivateExtension vscode.ipynb, startup: true, activationEvent: '*'
[2022-11-19 10:58:13.944] [exthost] [info] ExtensionService#_doActivateExtension vscode.github-authentication, startup: true, activationEvent: '*', root cause: GitHub.vscode-pull-request-github
[2022-11-19 10:58:13.961] [exthost] [info] ExtensionService#_doActivateExtension vscode.git, startup: true, activationEvent: '*'
[2022-11-19 10:58:13.978] [exthost] [info] ExtensionService#_doActivateExtension vscode.github, startup: true, activationEvent: '*'
[2022-11-19 10:58:13.979] [exthost] [info] ExtensionService#_doActivateExtension GitHub.vscode-pull-request-github, startup: true, activationEvent: '*'
[2022-11-19 10:58:14.054] [exthost] [info] Eager extensions activated
[2022-11-19 10:58:14.057] [exthost] [info] ExtensionService#_doActivateExtension vscode.emmet, startup: false, activationEvent: 'onStartupFinished'
[2022-11-19 10:58:14.064] [exthost] [info] ExtensionService#_doActivateExtension vscode.merge-conflict, startup: false, activationEvent: 'onStartupFinished'
[2022-11-19 10:58:34.915] [exthost] [info] Extension host terminating: received terminate message from renderer
[2022-11-19 10:58:34.922] [exthost] [info] Extension host with pid 6219 exiting with code 0
[2022-11-19 10:58:36.133] [exthost] [info] Extension host with pid 6268 started
[2022-11-19 10:58:36.133] [exthost] [info] Skipping acquiring lock for /home/cody/.config/Code - OSS/User/workspaceStorage/4d09948ae06709ac80624940c4275a0a.
[2022-11-19 10:58:36.180] [exthost] [info] ExtensionService#_doActivateExtension vscode.debug-auto-launch, startup: true, activationEvent: '*'
[2022-11-19 10:58:36.182] [exthost] [info] ExtensionService#_doActivateExtension vscode.git-base, startup: true, activationEvent: '*', root cause: vscode.git
[2022-11-19 10:58:36.184] [exthost] [info] ExtensionService#_doActivateExtension vscode.ipynb, startup: true, activationEvent: '*'
[2022-11-19 10:58:36.185] [exthost] [info] ExtensionService#_doActivateExtension vscode.github-authentication, startup: true, activationEvent: '*', root cause: GitHub.vscode-pull-request-github
[2022-11-19 10:58:36.213] [exthost] [info] ExtensionService#_doActivateExtension vscode.git, startup: true, activationEvent: '*'
[2022-11-19 10:58:36.233] [exthost] [info] ExtensionService#_doActivateExtension vscode.github, startup: true, activationEvent: '*'
[2022-11-19 10:58:36.237] [exthost] [info] ExtensionService#_doActivateExtension GitHub.vscode-pull-request-github, startup: true, activationEvent: '*'
[2022-11-19 10:58:36.309] [exthost] [info] ExtensionService#_doActivateExtension luma.jupyter, startup: false, activationEvent: 'onNotebook:jupyter-notebook'
[2022-11-19 10:58:36.413] [exthost] [info] ExtensionService#_doActivateExtension ms-toolsai.jupyter, startup: false, activationEvent: 'onNotebook:jupyter-notebook'
[2022-11-19 10:58:36.722] [exthost] [info] ExtensionService#_doActivateExtension ms-toolsai.jupyter-renderers, startup: false, activationEvent: 'onNotebook:*'
[2022-11-19 10:58:37.107] [exthost] [info] ExtensionService#_doActivateExtension ms-python.python, startup: false, activationEvent: 'onLanguage:python'
[2022-11-19 10:58:38.182] [exthost] [info] Eager extensions activated
[2022-11-19 10:58:38.200] [exthost] [info] ExtensionService#_doActivateExtension vscode.emmet, startup: false, activationEvent: 'onStartupFinished'
[2022-11-19 10:58:38.205] [exthost] [info] ExtensionService#_doActivateExtension vscode.merge-conflict, startup: false, activationEvent: 'onStartupFinished'
[2022-11-19 10:58:43.503] [exthost] [error] [GitHub.vscode-pull-request-github] provider FAILED
[2022-11-19 10:58:43.503] [exthost] [error] Error: Extension 'GitHub.vscode-pull-request-github' CANNOT use API proposal: tokenInformation.
Its package.json#enabledApiProposals-property declares:  but NOT tokenInformation.
 The missing proposal MUST be added and you must start in extension development mode or use the following command line switch: --enable-proposed-api GitHub.vscode-pull-request-github
    at f (/usr/lib/code/out/vs/workbench/api/node/extensionHostProcess.js:83:67541)
    at Object.getTokenInformationAtPosition (/usr/lib/code/out/vs/workbench/api/node/extensionHostProcess.js:106:39308)
    at ku (/home/cody/.vscode-oss/extensions/github.vscode-pull-request-github-0.46.1/dist/extension.js:1174:5861)
    at Nc (/home/cody/.vscode-oss/extensions/github.vscode-pull-request-github-0.46.1/dist/extension.js:1174:6007)
    at y0.provideHover (/home/cody/.vscode-oss/extensions/github.vscode-pull-request-github-0.46.1/dist/extension.js:1227:54776)
    at l.provideHover (/usr/lib/code/out/vs/workbench/api/node/extensionHostProcess.js:87:40222)
    at /usr/lib/code/out/vs/workbench/api/node/extensionHostProcess.js:87:69849
    at te._withAdapter (/usr/lib/code/out/vs/workbench/api/node/extensionHostProcess.js:87:66659)
    at te.$provideHover (/usr/lib/code/out/vs/workbench/api/node/extensionHostProcess.js:87:69825)
    at s._doInvokeHandler (/usr/lib/code/out/vs/workbench/api/node/extensionHostProcess.js:95:13708)
    at s._invokeHandler (/usr/lib/code/out/vs/workbench/api/node/extensionHostProcess.js:95:13390)
    at s._receiveRequest (/usr/lib/code/out/vs/workbench/api/node/extensionHostProcess.js:95:12107)
    at s._receiveOneMessage (/usr/lib/code/out/vs/workbench/api/node/extensionHostProcess.js:95:10853)
    at /usr/lib/code/out/vs/workbench/api/node/extensionHostProcess.js:95:8957
    at w.invoke (/usr/lib/code/out/vs/workbench/api/node/extensionHostProcess.js:61:145)
    at v.deliver (/usr/lib/code/out/vs/workbench/api/node/extensionHostProcess.js:61:2266)
    at p.fire (/usr/lib/code/out/vs/workbench/api/node/extensionHostProcess.js:61:1844)
    at a.fire (/usr/lib/code/out/vs/workbench/api/node/extensionHostProcess.js:69:18976)
    at /usr/lib/code/out/vs/workbench/api/node/extensionHostProcess.js:111:34679
    at w.invoke (/usr/lib/code/out/vs/workbench/api/node/extensionHostProcess.js:61:145)
    at v.deliver (/usr/lib/code/out/vs/workbench/api/node/extensionHostProcess.js:61:2266)
    at p.fire (/usr/lib/code/out/vs/workbench/api/node/extensionHostProcess.js:61:1844)
    at a.fire (/usr/lib/code/out/vs/workbench/api/node/extensionHostProcess.js:69:18976)
    at r._receiveMessage (/usr/lib/code/out/vs/workbench/api/node/extensionHostProcess.js:69:23563)
    at /usr/lib/code/out/vs/workbench/api/node/extensionHostProcess.js:69:21097
    at w.invoke (/usr/lib/code/out/vs/workbench/api/node/extensionHostProcess.js:61:145)
    at v.deliver (/usr/lib/code/out/vs/workbench/api/node/extensionHostProcess.js:61:2266)
    at p.fire (/usr/lib/code/out/vs/workbench/api/node/extensionHostProcess.js:61:1844)
    at p.acceptChunk (/usr/lib/code/out/vs/workbench/api/node/extensionHostProcess.js:69:15807)
    at /usr/lib/code/out/vs/workbench/api/node/extensionHostProcess.js:69:14937
    at Socket.R (/usr/lib/code/out/vs/workbench/api/node/extensionHostProcess.js:111:13763)
    at Socket.emit (node:events:390:28)
    at addChunk (node:internal/streams/readable:315:12)
    at readableAddChunk (node:internal/streams/readable:289:9)
    at Socket.Readable.push (node:internal/streams/readable:228:10)
    at Pipe.onStreamRead (node:internal/stream_base_commons:199:23)
[2022-11-19 10:58:43.504] [exthost] [error] [GitHub.vscode-pull-request-github] provider FAILED
[2022-11-19 10:58:43.504] [exthost] [error] Error: Extension 'GitHub.vscode-pull-request-github' CANNOT use API proposal: tokenInformation.
Its package.json#enabledApiProposals-property declares:  but NOT tokenInformation.
 The missing proposal MUST be added and you must start in extension development mode or use the following command line switch: --enable-proposed-api GitHub.vscode-pull-request-github
    at f (/usr/lib/code/out/vs/workbench/api/node/extensionHostProcess.js:83:67541)
    at Object.getTokenInformationAtPosition (/usr/lib/code/out/vs/workbench/api/node/extensionHostProcess.js:106:39308)
    at ku (/home/cody/.vscode-oss/extensions/github.vscode-pull-request-github-0.46.1/dist/extension.js:1174:5861)
    at Nc (/home/cody/.vscode-oss/extensions/github.vscode-pull-request-github-0.46.1/dist/extension.js:1174:6007)
    at s0.provideHover (/home/cody/.vscode-oss/extensions/github.vscode-pull-request-github-0.46.1/dist/extension.js:1227:38474)
    at l.provideHover (/usr/lib/code/out/vs/workbench/api/node/extensionHostProcess.js:87:40222)
    at /usr/lib/code/out/vs/workbench/api/node/extensionHostProcess.js:87:69849
    at te._withAdapter (/usr/lib/code/out/vs/workbench/api/node/extensionHostProcess.js:87:66659)
    at te.$provideHover (/usr/lib/code/out/vs/workbench/api/node/extensionHostProcess.js:87:69825)
    at s._doInvokeHandler (/usr/lib/code/out/vs/workbench/api/node/extensionHostProcess.js:95:13708)
    at s._invokeHandler (/usr/lib/code/out/vs/workbench/api/node/extensionHostProcess.js:95:13390)
    at s._receiveRequest (/usr/lib/code/out/vs/workbench/api/node/extensionHostProcess.js:95:12107)
    at s._receiveOneMessage (/usr/lib/code/out/vs/workbench/api/node/extensionHostProcess.js:95:10853)
    at /usr/lib/code/out/vs/workbench/api/node/extensionHostProcess.js:95:8957
    at w.invoke (/usr/lib/code/out/vs/workbench/api/node/extensionHostProcess.js:61:145)
    at v.deliver (/usr/lib/code/out/vs/workbench/api/node/extensionHostProcess.js:61:2266)
    at p.fire (/usr/lib/code/out/vs/workbench/api/node/extensionHostProcess.js:61:1844)
    at a.fire (/usr/lib/code/out/vs/workbench/api/node/extensionHostProcess.js:69:18976)
    at /usr/lib/code/out/vs/workbench/api/node/extensionHostProcess.js:111:34679
    at w.invoke (/usr/lib/code/out/vs/workbench/api/node/extensionHostProcess.js:61:145)
    at v.deliver (/usr/lib/code/out/vs/workbench/api/node/extensionHostProcess.js:61:2266)
    at p.fire (/usr/lib/code/out/vs/workbench/api/node/extensionHostProcess.js:61:1844)
    at a.fire (/usr/lib/code/out/vs/workbench/api/node/extensionHostProcess.js:69:18976)
    at r._receiveMessage (/usr/lib/code/out/vs/workbench/api/node/extensionHostProcess.js:69:23563)
    at /usr/lib/code/out/vs/workbench/api/node/extensionHostProcess.js:69:21097
    at w.invoke (/usr/lib/code/out/vs/workbench/api/node/extensionHostProcess.js:61:145)
    at v.deliver (/usr/lib/code/out/vs/workbench/api/node/extensionHostProcess.js:61:2266)
    at p.fire (/usr/lib/code/out/vs/workbench/api/node/extensionHostProcess.js:61:1844)
    at p.acceptChunk (/usr/lib/code/out/vs/workbench/api/node/extensionHostProcess.js:69:15807)
    at /usr/lib/code/out/vs/workbench/api/node/extensionHostProcess.js:69:14937
    at Socket.R (/usr/lib/code/out/vs/workbench/api/node/extensionHostProcess.js:111:13763)
    at Socket.emit (node:events:390:28)
    at addChunk (node:internal/streams/readable:315:12)
    at readableAddChunk (node:internal/streams/readable:289:9)
    at Socket.Readable.push (node:internal/streams/readable:228:10)
    at Pipe.onStreamRead (node:internal/stream_base_commons:199:23)
[2022-11-19 10:59:30.558] [exthost] [info] Extension host terminating: received terminate message from renderer
[2022-11-19 10:59:30.569] [exthost] [error] Error: read ECONNRESET
    at Pipe.onStreamRead (node:internal/stream_base_commons:220:20)
[2022-11-19 10:59:30.571] [exthost] [info] Extension host with pid 6268 exiting with code 0
