2022-12-10 11:50:23.690 [critical] Extension 'GitHub.vscode-pull-request-github CANNOT USE these API proposals 'tokenInformation, commentsResolvedState'. You MUST start in extension development mode or use the --enable-proposed-api command line flag
2022-12-10 11:50:23.690 [critical] Extension 'luma.jupyter' wants API proposal 'notebookConcatTextDocument' but that proposal DOES NOT EXIST. Likely, the proposal has been finalized (check 'vscode.d.ts') or was abandoned.
2022-12-10 11:50:23.691 [critical] Extension 'luma.jupyter' wants API proposal 'notebookDebugOptions' but that proposal DOES NOT EXIST. Likely, the proposal has been finalized (check 'vscode.d.ts') or was abandoned.
2022-12-10 11:50:23.691 [critical] Extension 'luma.jupyter' wants API proposal 'notebookEditorDecorationType' but that proposal DOES NOT EXIST. Likely, the proposal has been finalized (check 'vscode.d.ts') or was abandoned.
2022-12-10 11:50:23.691 [critical] Extension 'luma.jupyter' wants API proposal 'notebookEditorEdit' but that proposal DOES NOT EXIST. Likely, the proposal has been finalized (check 'vscode.d.ts') or was abandoned.
2022-12-10 11:50:23.691 [critical] Extension 'luma.jupyter' wants API proposal 'textDocumentNotebook' but that proposal DOES NOT EXIST. Likely, the proposal has been finalized (check 'vscode.d.ts') or was abandoned.
2022-12-10 11:50:23.691 [critical] Extension 'luma.jupyter CANNOT USE these API proposals 'notebookControllerKind, notebookDeprecated, notebookEditor, notebookMessaging, notebookMime, notebookCellExecutionState, portsAttributes, quickPickSortByLabel'. You MUST start in extension development mode or use the --enable-proposed-api command line flag
2022-12-10 11:50:23.691 [critical] Extension 'ms-python.python CANNOT USE these API proposals 'quickPickSortByLabel, testObserver'. You MUST start in extension development mode or use the --enable-proposed-api command line flag
2022-12-10 11:50:23.692 [critical] Extension 'ms-toolsai.jupyter' wants API proposal 'notebookWorkspaceEdit' but that proposal DOES NOT EXIST. Likely, the proposal has been finalized (check 'vscode.d.ts') or was abandoned.
2022-12-10 11:50:23.692 [critical] Extension 'ms-toolsai.jupyter' wants API proposal 'notebookDebugOptions' but that proposal DOES NOT EXIST. Likely, the proposal has been finalized (check 'vscode.d.ts') or was abandoned.
2022-12-10 11:50:23.692 [critical] Extension 'ms-toolsai.jupyter CANNOT USE these API proposals 'notebookControllerKind, notebookDeprecated, notebookMessaging, notebookMime, notebookCellExecutionState, portsAttributes, quickPickSortByLabel, notebookKernelSource'. You MUST start in extension development mode or use the --enable-proposed-api command line flag
2022-12-10 11:50:23.718 [warning] [ms-toolsai.jupyter]: Cannot register 'jupyter.experiments.enabled'. This property is already registered.
2022-12-10 11:50:23.718 [warning] [ms-toolsai.jupyter]: Cannot register 'jupyter.showVariableViewWhenDebugging'. This property is already registered.
2022-12-10 11:50:23.719 [warning] [ms-toolsai.jupyter]: Cannot register 'jupyter.logging.level'. This property is already registered.
2022-12-10 11:50:23.719 [warning] [ms-toolsai.jupyter]: Cannot register 'jupyter.experiments.optInto'. This property is already registered.
2022-12-10 11:50:23.719 [warning] [ms-toolsai.jupyter]: Cannot register 'jupyter.experiments.optOutFrom'. This property is already registered.
2022-12-10 11:50:23.719 [warning] [ms-toolsai.jupyter]: Cannot register 'jupyter.enableKeyboardShortcuts'. This property is already registered.
2022-12-10 11:50:23.719 [warning] [ms-toolsai.jupyter]: Cannot register 'jupyter.allowImportFromNotebook'. This property is already registered.
2022-12-10 11:50:23.720 [warning] [ms-toolsai.jupyter]: Cannot register 'jupyter.widgetScriptSources'. This property is already registered.
2022-12-10 11:50:23.720 [warning] [ms-toolsai.jupyter]: Cannot register 'jupyter.askForLargeDataFrames'. This property is already registered.
2022-12-10 11:50:23.720 [warning] [ms-toolsai.jupyter]: Cannot register 'jupyter.askForKernelRestart'. This property is already registered.
2022-12-10 11:50:23.720 [warning] [ms-toolsai.jupyter]: Cannot register 'jupyter.exportWithOutputEnabled'. This property is already registered.
2022-12-10 11:50:23.720 [warning] [ms-toolsai.jupyter]: Cannot register 'jupyter.jupyterLaunchTimeout'. This property is already registered.
2022-12-10 11:50:23.720 [warning] [ms-toolsai.jupyter]: Cannot register 'jupyter.jupyterLaunchRetries'. This property is already registered.
2022-12-10 11:50:23.720 [warning] [ms-toolsai.jupyter]: Cannot register 'jupyter.jupyterCommandLineArguments'. This property is already registered.
2022-12-10 11:50:23.721 [warning] [ms-toolsai.jupyter]: Cannot register 'jupyter.notebookFileRoot'. This property is already registered.
2022-12-10 11:50:23.721 [warning] [ms-toolsai.jupyter]: Cannot register 'jupyter.searchForJupyter'. This property is already registered.
2022-12-10 11:50:23.721 [warning] [ms-toolsai.jupyter]: Cannot register 'jupyter.useDefaultConfigForJupyter'. This property is already registered.
2022-12-10 11:50:23.721 [warning] [ms-toolsai.jupyter]: Cannot register 'jupyter.jupyterInterruptTimeout'. This property is already registered.
2022-12-10 11:50:23.721 [warning] [ms-toolsai.jupyter]: Cannot register 'jupyter.allowInput'. This property is already registered.
2022-12-10 11:50:23.721 [warning] [ms-toolsai.jupyter]: Cannot register 'jupyter.showCellInputCode'. This property is already registered.
2022-12-10 11:50:23.721 [warning] [ms-toolsai.jupyter]: Cannot register 'jupyter.collapseCellInputCodeByDefault'. This property is already registered.
2022-12-10 11:50:23.721 [warning] [ms-toolsai.jupyter]: Cannot register 'jupyter.maxOutputSize'. This property is already registered.
2022-12-10 11:50:23.722 [warning] [ms-toolsai.jupyter]: Cannot register 'jupyter.alwaysScrollOnNewCell'. This property is already registered.
2022-12-10 11:50:23.722 [warning] [ms-toolsai.jupyter]: Cannot register 'jupyter.enableScrollingForCellOutputs'. This property is already registered.
2022-12-10 11:50:23.722 [warning] [ms-toolsai.jupyter]: Cannot register 'jupyter.sendSelectionToInteractiveWindow'. This property is already registered.
2022-12-10 11:50:23.722 [warning] [ms-toolsai.jupyter]: Cannot register 'jupyter.variableExplorerExclude'. This property is already registered.
2022-12-10 11:50:23.722 [warning] [ms-toolsai.jupyter]: Cannot register 'jupyter.codeRegularExpression'. This property is already registered.
2022-12-10 11:50:23.722 [warning] [ms-toolsai.jupyter]: Cannot register 'jupyter.defaultCellMarker'. This property is already registered.
2022-12-10 11:50:23.722 [warning] [ms-toolsai.jupyter]: Cannot register 'jupyter.markdownRegularExpression'. This property is already registered.
2022-12-10 11:50:23.722 [warning] [ms-toolsai.jupyter]: Cannot register 'jupyter.allowLiveShare'. This property is already registered.
2022-12-10 11:50:23.723 [warning] [ms-toolsai.jupyter]: Cannot register 'jupyter.ignoreVscodeTheme'. This property is already registered.
2022-12-10 11:50:23.723 [warning] [ms-toolsai.jupyter]: Cannot register 'jupyter.themeMatplotlibPlots'. This property is already registered.
2022-12-10 11:50:23.723 [warning] [ms-toolsai.jupyter]: Cannot register 'jupyter.liveShareConnectionTimeout'. This property is already registered.
2022-12-10 11:50:23.723 [warning] [ms-toolsai.jupyter]: Cannot register 'jupyter.decorateCells'. This property is already registered.
2022-12-10 11:50:23.723 [warning] [ms-toolsai.jupyter]: Cannot register 'jupyter.enableCellCodeLens'. This property is already registered.
2022-12-10 11:50:23.723 [warning] [ms-toolsai.jupyter]: Cannot register 'jupyter.enableAutoMoveToNextCell'. This property is already registered.
2022-12-10 11:50:23.723 [warning] [ms-toolsai.jupyter]: Cannot register 'jupyter.allowUnauthorizedRemoteConnection'. This property is already registered.
2022-12-10 11:50:23.723 [warning] [ms-toolsai.jupyter]: Cannot register 'jupyter.generateSVGPlots'. This property is already registered.
2022-12-10 11:50:23.724 [warning] [ms-toolsai.jupyter]: Cannot register 'jupyter.codeLenses'. This property is already registered.
2022-12-10 11:50:23.724 [warning] [ms-toolsai.jupyter]: Cannot register 'jupyter.debugCodeLenses'. This property is already registered.
2022-12-10 11:50:23.724 [warning] [ms-toolsai.jupyter]: Cannot register 'jupyter.debugpyDistPath'. This property is already registered.
2022-12-10 11:50:23.724 [warning] [ms-toolsai.jupyter]: Cannot register 'jupyter.stopOnFirstLineWhileDebugging'. This property is already registered.
2022-12-10 11:50:23.724 [warning] [ms-toolsai.jupyter]: Cannot register 'jupyter.remoteDebuggerPort'. This property is already registered.
2022-12-10 11:50:23.724 [warning] [ms-toolsai.jupyter]: Cannot register 'jupyter.disableJupyterAutoStart'. This property is already registered.
2022-12-10 11:50:23.724 [warning] [ms-toolsai.jupyter]: Cannot register 'jupyter.textOutputLimit'. This property is already registered.
2022-12-10 11:50:23.724 [warning] [ms-toolsai.jupyter]: Cannot register 'jupyter.colorizeInputBox'. This property is already registered.
2022-12-10 11:50:23.725 [warning] [ms-toolsai.jupyter]: Cannot register 'jupyter.stopOnError'. This property is already registered.
2022-12-10 11:50:23.725 [warning] [ms-toolsai.jupyter]: Cannot register 'jupyter.addGotoCodeLenses'. This property is already registered.
2022-12-10 11:50:23.725 [warning] [ms-toolsai.jupyter]: Cannot register 'jupyter.variableQueries'. This property is already registered.
2022-12-10 11:50:23.725 [warning] [ms-toolsai.jupyter]: Cannot register 'jupyter.kernels.filter'. This property is already registered.
2022-12-10 11:50:23.725 [warning] [ms-toolsai.jupyter]: Cannot register 'jupyter.interactiveWindowMode'. This property is already registered.
2022-12-10 11:50:23.725 [warning] [ms-toolsai.jupyter]: Cannot register 'jupyter.magicCommandsAsComments'. This property is already registered.
2022-12-10 11:50:23.725 [warning] [ms-toolsai.jupyter]: Cannot register 'jupyter.pythonExportMethod'. This property is already registered.
2022-12-10 11:50:23.725 [warning] [ms-toolsai.jupyter]: Cannot register 'jupyter.runStartupCommands'. This property is already registered.
2022-12-10 11:50:23.726 [warning] [ms-toolsai.jupyter]: Cannot register 'jupyter.debugJustMyCode'. This property is already registered.
2022-12-10 11:50:23.726 [warning] [ms-toolsai.jupyter]: Cannot register 'jupyter.showOutlineButtonInNotebookToolbar'. This property is already registered.
2022-12-10 11:50:23.726 [warning] [ms-toolsai.jupyter]: Cannot register 'jupyter.newCellOnRunLast'. This property is already registered.
2022-12-10 11:50:23.726 [warning] [ms-toolsai.jupyter]: Cannot register 'jupyter.pylanceHandlesNotebooks'. This property is already registered.
2022-12-10 11:50:23.726 [warning] [ms-toolsai.jupyter]: Cannot register 'jupyter.pythonCompletionTriggerCharacters'. This property is already registered.
2022-12-10 11:50:23.726 [warning] [ms-toolsai.jupyter]: Cannot register 'jupyter.logKernelOutputSeparately'. This property is already registered.
2022-12-10 11:50:23.769 [info] [luma.jupyter]: Command `jupyter.selectNativeJupyterUriFromToolBar` appears multiple times in the `commands` section.
2022-12-10 11:50:23.769 [info] [ms-toolsai.jupyter]: Command `dataScience.ClearCache` appears multiple times in the `commands` section.
2022-12-10 11:50:23.769 [info] [ms-toolsai.jupyter]: Command `jupyter.replayPylanceLog` appears multiple times in the `commands` section.
2022-12-10 11:50:23.770 [info] [ms-toolsai.jupyter]: Command `jupyter.replayPylanceLogStep` appears multiple times in the `commands` section.
2022-12-10 11:50:23.770 [info] [ms-toolsai.jupyter]: Command `jupyter.debugNotebook` appears multiple times in the `commands` section.
2022-12-10 11:50:23.770 [info] [ms-toolsai.jupyter]: Command `jupyter.filterKernels` appears multiple times in the `commands` section.
2022-12-10 11:50:23.770 [info] [ms-toolsai.jupyter]: Command `jupyter.runByLine` appears multiple times in the `commands` section.
2022-12-10 11:50:23.770 [info] [ms-toolsai.jupyter]: Command `jupyter.runAndDebugCell` appears multiple times in the `commands` section.
2022-12-10 11:50:23.770 [info] [ms-toolsai.jupyter]: Command `jupyter.runByLineNext` appears multiple times in the `commands` section.
2022-12-10 11:50:23.771 [info] [ms-toolsai.jupyter]: Command `jupyter.runByLineStop` appears multiple times in the `commands` section.
2022-12-10 11:50:23.771 [info] [ms-toolsai.jupyter]: Command `jupyter.viewOutput` appears multiple times in the `commands` section.
2022-12-10 11:50:23.771 [info] [ms-toolsai.jupyter]: Command `jupyter.notebookeditor.export` appears multiple times in the `commands` section.
2022-12-10 11:50:23.771 [info] [ms-toolsai.jupyter]: Command `jupyter.export` appears multiple times in the `commands` section.
2022-12-10 11:50:23.771 [info] [ms-toolsai.jupyter]: Command `jupyter.exportAsPythonScript` appears multiple times in the `commands` section.
2022-12-10 11:50:23.771 [info] [ms-toolsai.jupyter]: Command `jupyter.exportToHTML` appears multiple times in the `commands` section.
2022-12-10 11:50:23.771 [info] [ms-toolsai.jupyter]: Command `jupyter.exportToPDF` appears multiple times in the `commands` section.
2022-12-10 11:50:23.771 [info] [ms-toolsai.jupyter]: Command `jupyter.selectJupyterInterpreter` appears multiple times in the `commands` section.
2022-12-10 11:50:23.772 [info] [ms-toolsai.jupyter]: Command `jupyter.runcurrentcell` appears multiple times in the `commands` section.
2022-12-10 11:50:23.772 [info] [ms-toolsai.jupyter]: Command `jupyter.debugcell` appears multiple times in the `commands` section.
2022-12-10 11:50:23.772 [info] [ms-toolsai.jupyter]: Command `jupyter.debugstepover` appears multiple times in the `commands` section.
2022-12-10 11:50:23.772 [info] [ms-toolsai.jupyter]: Command `jupyter.debugstop` appears multiple times in the `commands` section.
2022-12-10 11:50:23.772 [info] [ms-toolsai.jupyter]: Command `jupyter.debugcontinue` appears multiple times in the `commands` section.
2022-12-10 11:50:23.772 [info] [ms-toolsai.jupyter]: Command `jupyter.insertCellBelowPosition` appears multiple times in the `commands` section.
2022-12-10 11:50:23.772 [info] [ms-toolsai.jupyter]: Command `jupyter.insertCellBelow` appears multiple times in the `commands` section.
2022-12-10 11:50:23.773 [info] [ms-toolsai.jupyter]: Command `jupyter.insertCellAbove` appears multiple times in the `commands` section.
2022-12-10 11:50:23.773 [info] [ms-toolsai.jupyter]: Command `jupyter.deleteCells` appears multiple times in the `commands` section.
2022-12-10 11:50:23.773 [info] [ms-toolsai.jupyter]: Command `jupyter.selectCell` appears multiple times in the `commands` section.
2022-12-10 11:50:23.773 [info] [ms-toolsai.jupyter]: Command `jupyter.selectCellContents` appears multiple times in the `commands` section.
2022-12-10 11:50:23.773 [info] [ms-toolsai.jupyter]: Command `jupyter.extendSelectionByCellAbove` appears multiple times in the `commands` section.
2022-12-10 11:50:23.773 [info] [ms-toolsai.jupyter]: Command `jupyter.extendSelectionByCellBelow` appears multiple times in the `commands` section.
2022-12-10 11:50:23.773 [info] [ms-toolsai.jupyter]: Command `jupyter.moveCellsUp` appears multiple times in the `commands` section.
2022-12-10 11:50:23.773 [info] [ms-toolsai.jupyter]: Command `jupyter.moveCellsDown` appears multiple times in the `commands` section.
2022-12-10 11:50:23.774 [info] [ms-toolsai.jupyter]: Command `jupyter.changeCellToMarkdown` appears multiple times in the `commands` section.
2022-12-10 11:50:23.774 [info] [ms-toolsai.jupyter]: Command `jupyter.changeCellToCode` appears multiple times in the `commands` section.
2022-12-10 11:50:23.774 [info] [ms-toolsai.jupyter]: Command `jupyter.gotoNextCellInFile` appears multiple times in the `commands` section.
2022-12-10 11:50:23.774 [info] [ms-toolsai.jupyter]: Command `jupyter.gotoPrevCellInFile` appears multiple times in the `commands` section.
2022-12-10 11:50:23.774 [info] [ms-toolsai.jupyter]: Command `jupyter.runcurrentcelladvance` appears multiple times in the `commands` section.
2022-12-10 11:50:23.774 [info] [ms-toolsai.jupyter]: Command `jupyter.runcurrentcellandallbelow.palette` appears multiple times in the `commands` section.
2022-12-10 11:50:23.774 [info] [ms-toolsai.jupyter]: Command `jupyter.runallcellsabove.palette` appears multiple times in the `commands` section.
2022-12-10 11:50:23.774 [info] [ms-toolsai.jupyter]: Command `jupyter.debugcurrentcell.palette` appears multiple times in the `commands` section.
2022-12-10 11:50:23.775 [info] [ms-toolsai.jupyter]: Command `jupyter.execSelectionInteractive` appears multiple times in the `commands` section.
2022-12-10 11:50:23.775 [info] [ms-toolsai.jupyter]: Command `jupyter.createnewinteractive` appears multiple times in the `commands` section.
2022-12-10 11:50:23.775 [info] [ms-toolsai.jupyter]: Command `jupyter.runFileInteractive` appears multiple times in the `commands` section.
2022-12-10 11:50:23.775 [info] [ms-toolsai.jupyter]: Command `jupyter.debugFileInteractive` appears multiple times in the `commands` section.
2022-12-10 11:50:23.775 [info] [ms-toolsai.jupyter]: Command `jupyter.runallcells` appears multiple times in the `commands` section.
2022-12-10 11:50:23.775 [info] [ms-toolsai.jupyter]: Command `jupyter.runallcellsabove` appears multiple times in the `commands` section.
2022-12-10 11:50:23.775 [info] [ms-toolsai.jupyter]: Command `jupyter.runcellandallbelow` appears multiple times in the `commands` section.
2022-12-10 11:50:23.775 [info] [ms-toolsai.jupyter]: Command `jupyter.runcell` appears multiple times in the `commands` section.
2022-12-10 11:50:23.776 [info] [ms-toolsai.jupyter]: Command `jupyter.runtoline` appears multiple times in the `commands` section.
2022-12-10 11:50:23.776 [info] [ms-toolsai.jupyter]: Command `jupyter.runfromline` appears multiple times in the `commands` section.
2022-12-10 11:50:23.776 [info] [ms-toolsai.jupyter]: Command `jupyter.selectjupyteruri` appears multiple times in the `commands` section.
2022-12-10 11:50:23.776 [info] [ms-toolsai.jupyter]: Command `jupyter.selectNativeJupyterUriFromToolBar` appears multiple times in the `commands` section.
2022-12-10 11:50:23.776 [info] [ms-toolsai.jupyter]: Command `jupyter.selectjupytercommandline` appears multiple times in the `commands` section.
2022-12-10 11:50:23.776 [info] [ms-toolsai.jupyter]: Command `jupyter.importnotebook` appears multiple times in the `commands` section.
2022-12-10 11:50:23.776 [info] [ms-toolsai.jupyter]: Command `jupyter.importnotebookfile` appears multiple times in the `commands` section.
2022-12-10 11:50:23.776 [info] [ms-toolsai.jupyter]: Command `jupyter.exportoutputasnotebook` appears multiple times in the `commands` section.
2022-12-10 11:50:23.777 [info] [ms-toolsai.jupyter]: Command `jupyter.exportfileasnotebook` appears multiple times in the `commands` section.
2022-12-10 11:50:23.777 [info] [ms-toolsai.jupyter]: Command `jupyter.exportfileandoutputasnotebook` appears multiple times in the `commands` section.
2022-12-10 11:50:23.777 [info] [ms-toolsai.jupyter]: Command `jupyter.notebookeditor.undocells` appears multiple times in the `commands` section.
2022-12-10 11:50:23.777 [info] [ms-toolsai.jupyter]: Command `jupyter.notebookeditor.redocells` appears multiple times in the `commands` section.
2022-12-10 11:50:23.777 [info] [ms-toolsai.jupyter]: Command `jupyter.interruptkernel` appears multiple times in the `commands` section.
2022-12-10 11:50:23.777 [info] [ms-toolsai.jupyter]: Command `jupyter.restartkernel` appears multiple times in the `commands` section.
2022-12-10 11:50:23.777 [info] [ms-toolsai.jupyter]: Command `jupyter.notebookeditor.interruptkernel` appears multiple times in the `commands` section.
2022-12-10 11:50:23.777 [info] [ms-toolsai.jupyter]: Command `jupyter.notebookeditor.restartkernel` appears multiple times in the `commands` section.
2022-12-10 11:50:23.778 [info] [ms-toolsai.jupyter]: Command `jupyter.selectNativeJupyterUriFromToolBar` appears multiple times in the `commands` section.
2022-12-10 11:50:23.778 [info] [ms-toolsai.jupyter]: Command `jupyter.notebookeditor.addcellbelow` appears multiple times in the `commands` section.
2022-12-10 11:50:23.778 [info] [ms-toolsai.jupyter]: Command `jupyter.notebookeditor.removeallcells` appears multiple times in the `commands` section.
2022-12-10 11:50:23.778 [info] [ms-toolsai.jupyter]: Command `jupyter.notebookeditor.expandallcells` appears multiple times in the `commands` section.
2022-12-10 11:50:23.778 [info] [ms-toolsai.jupyter]: Command `jupyter.notebookeditor.collapseallcells` appears multiple times in the `commands` section.
2022-12-10 11:50:23.778 [info] [ms-toolsai.jupyter]: Command `jupyter.expandallcells` appears multiple times in the `commands` section.
2022-12-10 11:50:23.778 [info] [ms-toolsai.jupyter]: Command `jupyter.collapseallcells` appears multiple times in the `commands` section.
2022-12-10 11:50:23.778 [info] [ms-toolsai.jupyter]: Command `jupyter.addcellbelow` appears multiple times in the `commands` section.
2022-12-10 11:50:23.779 [info] [ms-toolsai.jupyter]: Command `jupyter.createnewnotebook` appears multiple times in the `commands` section.
2022-12-10 11:50:23.779 [info] [ms-toolsai.jupyter]: Command `jupyter.scrolltocell` appears multiple times in the `commands` section.
2022-12-10 11:50:23.779 [info] [ms-toolsai.jupyter]: Command `jupyter.latestExtension` appears multiple times in the `commands` section.
2022-12-10 11:50:23.779 [info] [ms-toolsai.jupyter]: Command `jupyter.enableDebugLogging` appears multiple times in the `commands` section.
2022-12-10 11:50:23.779 [info] [ms-toolsai.jupyter]: Command `jupyter.resetLoggingLevel` appears multiple times in the `commands` section.
2022-12-10 11:50:23.779 [info] [ms-toolsai.jupyter]: Command `jupyter.showDataViewer` appears multiple times in the `commands` section.
2022-12-10 11:50:23.779 [info] [ms-toolsai.jupyter]: Command `jupyter.clearSavedJupyterUris` appears multiple times in the `commands` section.
2022-12-10 11:50:23.780 [info] [ms-toolsai.jupyter]: Command `jupyter.openVariableView` appears multiple times in the `commands` section.
2022-12-10 11:50:23.780 [info] [ms-toolsai.jupyter]: Command `jupyter.openOutlineView` appears multiple times in the `commands` section.
2022-12-10 11:50:23.780 [info] [ms-toolsai.jupyter]: Command `jupyter.refreshDataViewer` appears multiple times in the `commands` section.
2022-12-10 11:50:23.780 [info] [ms-toolsai.jupyter]: Command `jupyter.interactive.clearAllCells` appears multiple times in the `commands` section.
2022-12-10 11:50:23.780 [info] [ms-toolsai.jupyter]: Command `jupyter.interactive.removeCell` appears multiple times in the `commands` section.
2022-12-10 11:50:23.780 [info] [ms-toolsai.jupyter]: Command `jupyter.interactive.goToCode` appears multiple times in the `commands` section.
2022-12-10 11:50:23.780 [info] [ms-toolsai.jupyter]: Command `jupyter.interactive.exportasnotebook` appears multiple times in the `commands` section.
2022-12-10 11:50:23.781 [info] [ms-toolsai.jupyter]: Command `jupyter.interactive.exportas` appears multiple times in the `commands` section.
2022-12-10 11:50:23.781 [info] [ms-toolsai.jupyter]: Command `jupyter.interactive.copyCell` appears multiple times in the `commands` section.
2022-12-10 11:50:23.782 [error] [ms-toolsai.jupyter]: notebook/kernelSource is a proposed menu identifier. It requires 'package.json#enabledApiProposals: ["notebookKernelSource"]' and is only available when running out of dev or with the following command line switch: --enable-proposed-api ms-toolsai.jupyter
2022-12-10 11:50:23.824 [error] [ms-toolsai.jupyter]: Cannot register multiple views with same id `jupyterViewVariables`
2022-12-10 11:50:26.413 [info] [perf] Render performance baseline is 25ms
2022-12-10 11:50:33.456 [error] [Extension Host] extension activation failed Error: Extension 'ms-toolsai.jupyter' CANNOT use API proposal: notebookCellExecutionState.
Its package.json#enabledApiProposals-property declares:  but NOT notebookCellExecutionState.
 The missing proposal MUST be added and you must start in extension development mode or use the following command line switch: --enable-proposed-api ms-toolsai.jupyter
    at m (/usr/lib/code/out/vs/workbench/api/node/extensionHostProcess.js:88:44793)
    at u.onDidChangeNotebookCellExecutionState (/usr/lib/code/out/vs/workbench/api/node/extensionHostProcess.js:113:54599)
    at new m (/home/cody/.vscode-oss/extensions/ms-toolsai.jupyter-2022.7.1001890528/out/extension.node.js:24:41100)
    at Object.t.resolveInstance (/home/cody/.vscode-oss/extensions/ms-toolsai.jupyter-2022.7.1001890528/out/extension.node.js:39:1374020)
    at /home/cody/.vscode-oss/extensions/ms-toolsai.jupyter-2022.7.1001890528/out/extension.node.js:39:1375958
    at /home/cody/.vscode-oss/extensions/ms-toolsai.jupyter-2022.7.1001890528/out/extension.node.js:39:1374876
    at Array.map (<anonymous>)
    at /home/cody/.vscode-oss/extensions/ms-toolsai.jupyter-2022.7.1001890528/out/extension.node.js:39:1374848
    at Array.map (<anonymous>)
    at Object.t.resolveInstance (/home/cody/.vscode-oss/extensions/ms-toolsai.jupyter-2022.7.1001890528/out/extension.node.js:39:1373794)
    at /home/cody/.vscode-oss/extensions/ms-toolsai.jupyter-2022.7.1001890528/out/extension.node.js:39:1375958
    at Object.t.resolve (/home/cody/.vscode-oss/extensions/ms-toolsai.jupyter-2022.7.1001890528/out/extension.node.js:39:1376221)
    at /home/cody/.vscode-oss/extensions/ms-toolsai.jupyter-2022.7.1001890528/out/extension.node.js:39:1359634
    at e._get (/home/cody/.vscode-oss/extensions/ms-toolsai.jupyter-2022.7.1001890528/out/extension.node.js:39:1359400)
    at e.get (/home/cody/.vscode-oss/extensions/ms-toolsai.jupyter-2022.7.1001890528/out/extension.node.js:39:1358043)
    at a.get (/home/cody/.vscode-oss/extensions/ms-toolsai.jupyter-2022.7.1001890528/out/extension.node.js:39:31195)
    at /home/cody/.vscode-oss/extensions/ms-toolsai.jupyter-2022.7.1001890528/out/extension.node.js:39:2896208
2022-12-10 11:50:33.513 [error] Error while registering log channel file:///home/cody/.config/Code%20-%20OSS/logs/20221210T115022/userDataSync.log Timed out while waiting for file to be created
2022-12-10 11:50:34.615 [error] [Extension Host] extension activation failed TypeError: s.notebooks.onDidChangeCellMetadata is not a function
    at u.onDidChangeCellMetadata [as addEventHandlers] (/home/cody/.vscode-oss/extensions/luma.jupyter-2022.3.108-universal/src/client/common/application/notebook.ts:73:32)
    at new addEventHandlers (/home/cody/.vscode-oss/extensions/luma.jupyter-2022.3.108-universal/src/client/common/application/notebook.ts:24:14)
    at Object.t.resolveInstance (/home/cody/.vscode-oss/extensions/luma.jupyter-2022.3.108-universal/node_modules/inversify/lib/resolution/instantiation.js:21:12)
    at resolveInstance (/home/cody/.vscode-oss/extensions/luma.jupyter-2022.3.108-universal/node_modules/inversify/lib/resolution/resolver.js:72:42)
    at Array.map (<anonymous>)
    at Object.map [as resolveInstance] (/home/cody/.vscode-oss/extensions/luma.jupyter-2022.3.108-universal/node_modules/inversify/lib/resolution/instantiation.js:40:67)
    at resolveInstance (/home/cody/.vscode-oss/extensions/luma.jupyter-2022.3.108-universal/node_modules/inversify/lib/resolution/resolver.js:72:42)
    at _f (/home/cody/.vscode-oss/extensions/luma.jupyter-2022.3.108-universal/node_modules/inversify/lib/resolution/resolver.js:34:24)
    at Array.map (<anonymous>)
    at map (/home/cody/.vscode-oss/extensions/luma.jupyter-2022.3.108-universal/node_modules/inversify/lib/resolution/resolver.js:32:34)
    at Array.map (<anonymous>)
    at Object.map [as resolveInstance] (/home/cody/.vscode-oss/extensions/luma.jupyter-2022.3.108-universal/node_modules/inversify/lib/resolution/instantiation.js:40:67)
    at resolveInstance (/home/cody/.vscode-oss/extensions/luma.jupyter-2022.3.108-universal/node_modules/inversify/lib/resolution/resolver.js:72:42)
    at Object._f [as resolve] (/home/cody/.vscode-oss/extensions/luma.jupyter-2022.3.108-universal/node_modules/inversify/lib/resolution/resolver.js:96:12)
    at resolve (/home/cody/.vscode-oss/extensions/luma.jupyter-2022.3.108-universal/node_modules/inversify/lib/container/container.js:319:37)
    at e.this (/home/cody/.vscode-oss/extensions/luma.jupyter-2022.3.108-universal/node_modules/inversify/lib/container/container.js:310:22)
    at e._get [as get] (/home/cody/.vscode-oss/extensions/luma.jupyter-2022.3.108-universal/node_modules/inversify/lib/container/container.js:230:21)
    at a.get (/home/cody/.vscode-oss/extensions/luma.jupyter-2022.3.108-universal/src/client/ioc/container.ts:24:89)
    at get (/home/cody/.vscode-oss/extensions/luma.jupyter-2022.3.108-universal/src/client/extensionActivation.ts:90:38)
    at processTicksAndRejections (node:internal/process/task_queues:96:5)
    at activationPromise (/home/cody/.vscode-oss/extensions/luma.jupyter-2022.3.108-universal/src/client/extension.ts:67:17)
    at serviceContainer (/home/cody/.vscode-oss/extensions/luma.jupyter-2022.3.108-universal/src/client/extension.ts:30:22)
    at w._activate (/usr/lib/code/out/vs/workbench/api/node/extensionHostProcess.js:90:8304)
    at w._waitForDepsThenActivate (/usr/lib/code/out/vs/workbench/api/node/extensionHostProcess.js:90:8246)
    at w._initialize (/usr/lib/code/out/vs/workbench/api/node/extensionHostProcess.js:90:7610)
2022-12-10 11:50:34.653 [error] Extension 'ms-toolsai.jupyter' CANNOT use API proposal: notebookCellExecutionState.
Its package.json#enabledApiProposals-property declares:  but NOT notebookCellExecutionState.
 The missing proposal MUST be added and you must start in extension development mode or use the following command line switch: --enable-proposed-api ms-toolsai.jupyter: Error: Extension 'ms-toolsai.jupyter' CANNOT use API proposal: notebookCellExecutionState.
Its package.json#enabledApiProposals-property declares:  but NOT notebookCellExecutionState.
 The missing proposal MUST be added and you must start in extension development mode or use the following command line switch: --enable-proposed-api ms-toolsai.jupyter
    at m (/usr/lib/code/out/vs/workbench/api/node/extensionHostProcess.js:88:44793)
    at u.onDidChangeNotebookCellExecutionState (/usr/lib/code/out/vs/workbench/api/node/extensionHostProcess.js:113:54599)
    at new m (/home/cody/.vscode-oss/extensions/ms-toolsai.jupyter-2022.7.1001890528/out/extension.node.js:24:41100)
    at Object.t.resolveInstance (/home/cody/.vscode-oss/extensions/ms-toolsai.jupyter-2022.7.1001890528/out/extension.node.js:39:1374020)
    at /home/cody/.vscode-oss/extensions/ms-toolsai.jupyter-2022.7.1001890528/out/extension.node.js:39:1375958
    at /home/cody/.vscode-oss/extensions/ms-toolsai.jupyter-2022.7.1001890528/out/extension.node.js:39:1374876
    at Array.map (<anonymous>)
    at /home/cody/.vscode-oss/extensions/ms-toolsai.jupyter-2022.7.1001890528/out/extension.node.js:39:1374848
    at Array.map (<anonymous>)
    at Object.t.resolveInstance (/home/cody/.vscode-oss/extensions/ms-toolsai.jupyter-2022.7.1001890528/out/extension.node.js:39:1373794)
    at /home/cody/.vscode-oss/extensions/ms-toolsai.jupyter-2022.7.1001890528/out/extension.node.js:39:1375958
    at Object.t.resolve (/home/cody/.vscode-oss/extensions/ms-toolsai.jupyter-2022.7.1001890528/out/extension.node.js:39:1376221)
    at /home/cody/.vscode-oss/extensions/ms-toolsai.jupyter-2022.7.1001890528/out/extension.node.js:39:1359634
    at e._get (/home/cody/.vscode-oss/extensions/ms-toolsai.jupyter-2022.7.1001890528/out/extension.node.js:39:1359400)
    at e.get (/home/cody/.vscode-oss/extensions/ms-toolsai.jupyter-2022.7.1001890528/out/extension.node.js:39:1358043)
    at a.get (/home/cody/.vscode-oss/extensions/ms-toolsai.jupyter-2022.7.1001890528/out/extension.node.js:39:31195)
    at /home/cody/.vscode-oss/extensions/ms-toolsai.jupyter-2022.7.1001890528/out/extension.node.js:39:2896208
2022-12-10 11:50:35.581 [info] [luma.jupyter]: Command `jupyter.selectNativeJupyterUriFromToolBar` appears multiple times in the `commands` section.
2022-12-10 11:50:35.582 [info] [ms-toolsai.jupyter]: Command `dataScience.ClearCache` appears multiple times in the `commands` section.
2022-12-10 11:50:35.582 [info] [ms-toolsai.jupyter]: Command `jupyter.replayPylanceLog` appears multiple times in the `commands` section.
2022-12-10 11:50:35.582 [info] [ms-toolsai.jupyter]: Command `jupyter.replayPylanceLogStep` appears multiple times in the `commands` section.
2022-12-10 11:50:35.582 [info] [ms-toolsai.jupyter]: Command `jupyter.debugNotebook` appears multiple times in the `commands` section.
2022-12-10 11:50:35.582 [info] [ms-toolsai.jupyter]: Command `jupyter.filterKernels` appears multiple times in the `commands` section.
2022-12-10 11:50:35.582 [info] [ms-toolsai.jupyter]: Command `jupyter.runByLine` appears multiple times in the `commands` section.
2022-12-10 11:50:35.583 [info] [ms-toolsai.jupyter]: Command `jupyter.runAndDebugCell` appears multiple times in the `commands` section.
2022-12-10 11:50:35.583 [info] [ms-toolsai.jupyter]: Command `jupyter.runByLineNext` appears multiple times in the `commands` section.
2022-12-10 11:50:35.583 [info] [ms-toolsai.jupyter]: Command `jupyter.runByLineStop` appears multiple times in the `commands` section.
2022-12-10 11:50:35.583 [info] [ms-toolsai.jupyter]: Command `jupyter.viewOutput` appears multiple times in the `commands` section.
2022-12-10 11:50:35.583 [info] [ms-toolsai.jupyter]: Command `jupyter.notebookeditor.export` appears multiple times in the `commands` section.
2022-12-10 11:50:35.583 [info] [ms-toolsai.jupyter]: Command `jupyter.export` appears multiple times in the `commands` section.
2022-12-10 11:50:35.583 [info] [ms-toolsai.jupyter]: Command `jupyter.exportAsPythonScript` appears multiple times in the `commands` section.
2022-12-10 11:50:35.584 [info] [ms-toolsai.jupyter]: Command `jupyter.exportToHTML` appears multiple times in the `commands` section.
2022-12-10 11:50:35.584 [info] [ms-toolsai.jupyter]: Command `jupyter.exportToPDF` appears multiple times in the `commands` section.
2022-12-10 11:50:35.584 [info] [ms-toolsai.jupyter]: Command `jupyter.selectJupyterInterpreter` appears multiple times in the `commands` section.
2022-12-10 11:50:35.584 [info] [ms-toolsai.jupyter]: Command `jupyter.runcurrentcell` appears multiple times in the `commands` section.
2022-12-10 11:50:35.584 [info] [ms-toolsai.jupyter]: Command `jupyter.debugcell` appears multiple times in the `commands` section.
2022-12-10 11:50:35.584 [info] [ms-toolsai.jupyter]: Command `jupyter.debugstepover` appears multiple times in the `commands` section.
2022-12-10 11:50:35.584 [info] [ms-toolsai.jupyter]: Command `jupyter.debugstop` appears multiple times in the `commands` section.
2022-12-10 11:50:35.585 [info] [ms-toolsai.jupyter]: Command `jupyter.debugcontinue` appears multiple times in the `commands` section.
2022-12-10 11:50:35.585 [info] [ms-toolsai.jupyter]: Command `jupyter.insertCellBelowPosition` appears multiple times in the `commands` section.
2022-12-10 11:50:35.585 [info] [ms-toolsai.jupyter]: Command `jupyter.insertCellBelow` appears multiple times in the `commands` section.
2022-12-10 11:50:35.585 [info] [ms-toolsai.jupyter]: Command `jupyter.insertCellAbove` appears multiple times in the `commands` section.
2022-12-10 11:50:35.585 [info] [ms-toolsai.jupyter]: Command `jupyter.deleteCells` appears multiple times in the `commands` section.
2022-12-10 11:50:35.585 [info] [ms-toolsai.jupyter]: Command `jupyter.selectCell` appears multiple times in the `commands` section.
2022-12-10 11:50:35.585 [info] [ms-toolsai.jupyter]: Command `jupyter.selectCellContents` appears multiple times in the `commands` section.
2022-12-10 11:50:35.586 [info] [ms-toolsai.jupyter]: Command `jupyter.extendSelectionByCellAbove` appears multiple times in the `commands` section.
2022-12-10 11:50:35.586 [info] [ms-toolsai.jupyter]: Command `jupyter.extendSelectionByCellBelow` appears multiple times in the `commands` section.
2022-12-10 11:50:35.586 [info] [ms-toolsai.jupyter]: Command `jupyter.moveCellsUp` appears multiple times in the `commands` section.
2022-12-10 11:50:35.586 [info] [ms-toolsai.jupyter]: Command `jupyter.moveCellsDown` appears multiple times in the `commands` section.
2022-12-10 11:50:35.586 [info] [ms-toolsai.jupyter]: Command `jupyter.changeCellToMarkdown` appears multiple times in the `commands` section.
2022-12-10 11:50:35.586 [info] [ms-toolsai.jupyter]: Command `jupyter.changeCellToCode` appears multiple times in the `commands` section.
2022-12-10 11:50:35.587 [info] [ms-toolsai.jupyter]: Command `jupyter.gotoNextCellInFile` appears multiple times in the `commands` section.
2022-12-10 11:50:35.587 [info] [ms-toolsai.jupyter]: Command `jupyter.gotoPrevCellInFile` appears multiple times in the `commands` section.
2022-12-10 11:50:35.587 [info] [ms-toolsai.jupyter]: Command `jupyter.runcurrentcelladvance` appears multiple times in the `commands` section.
2022-12-10 11:50:35.587 [info] [ms-toolsai.jupyter]: Command `jupyter.runcurrentcellandallbelow.palette` appears multiple times in the `commands` section.
2022-12-10 11:50:35.587 [info] [ms-toolsai.jupyter]: Command `jupyter.runallcellsabove.palette` appears multiple times in the `commands` section.
2022-12-10 11:50:35.587 [info] [ms-toolsai.jupyter]: Command `jupyter.debugcurrentcell.palette` appears multiple times in the `commands` section.
2022-12-10 11:50:35.587 [info] [ms-toolsai.jupyter]: Command `jupyter.execSelectionInteractive` appears multiple times in the `commands` section.
2022-12-10 11:50:35.588 [info] [ms-toolsai.jupyter]: Command `jupyter.createnewinteractive` appears multiple times in the `commands` section.
2022-12-10 11:50:35.588 [info] [ms-toolsai.jupyter]: Command `jupyter.runFileInteractive` appears multiple times in the `commands` section.
2022-12-10 11:50:35.588 [info] [ms-toolsai.jupyter]: Command `jupyter.debugFileInteractive` appears multiple times in the `commands` section.
2022-12-10 11:50:35.588 [info] [ms-toolsai.jupyter]: Command `jupyter.runallcells` appears multiple times in the `commands` section.
2022-12-10 11:50:35.588 [info] [ms-toolsai.jupyter]: Command `jupyter.runallcellsabove` appears multiple times in the `commands` section.
2022-12-10 11:50:35.588 [info] [ms-toolsai.jupyter]: Command `jupyter.runcellandallbelow` appears multiple times in the `commands` section.
2022-12-10 11:50:35.588 [info] [ms-toolsai.jupyter]: Command `jupyter.runcell` appears multiple times in the `commands` section.
2022-12-10 11:50:35.589 [info] [ms-toolsai.jupyter]: Command `jupyter.runtoline` appears multiple times in the `commands` section.
2022-12-10 11:50:35.589 [info] [ms-toolsai.jupyter]: Command `jupyter.runfromline` appears multiple times in the `commands` section.
2022-12-10 11:50:35.589 [info] [ms-toolsai.jupyter]: Command `jupyter.selectjupyteruri` appears multiple times in the `commands` section.
2022-12-10 11:50:35.589 [info] [ms-toolsai.jupyter]: Command `jupyter.selectNativeJupyterUriFromToolBar` appears multiple times in the `commands` section.
2022-12-10 11:50:35.590 [info] [ms-toolsai.jupyter]: Command `jupyter.selectjupytercommandline` appears multiple times in the `commands` section.
2022-12-10 11:50:35.590 [info] [ms-toolsai.jupyter]: Command `jupyter.importnotebook` appears multiple times in the `commands` section.
2022-12-10 11:50:35.590 [info] [ms-toolsai.jupyter]: Command `jupyter.importnotebookfile` appears multiple times in the `commands` section.
2022-12-10 11:50:35.590 [info] [ms-toolsai.jupyter]: Command `jupyter.exportoutputasnotebook` appears multiple times in the `commands` section.
2022-12-10 11:50:35.590 [info] [ms-toolsai.jupyter]: Command `jupyter.exportfileasnotebook` appears multiple times in the `commands` section.
2022-12-10 11:50:35.590 [info] [ms-toolsai.jupyter]: Command `jupyter.exportfileandoutputasnotebook` appears multiple times in the `commands` section.
2022-12-10 11:50:35.591 [info] [ms-toolsai.jupyter]: Command `jupyter.notebookeditor.undocells` appears multiple times in the `commands` section.
2022-12-10 11:50:35.591 [info] [ms-toolsai.jupyter]: Command `jupyter.notebookeditor.redocells` appears multiple times in the `commands` section.
2022-12-10 11:50:35.591 [info] [ms-toolsai.jupyter]: Command `jupyter.interruptkernel` appears multiple times in the `commands` section.
2022-12-10 11:50:35.591 [info] [ms-toolsai.jupyter]: Command `jupyter.restartkernel` appears multiple times in the `commands` section.
2022-12-10 11:50:35.591 [info] [ms-toolsai.jupyter]: Command `jupyter.notebookeditor.interruptkernel` appears multiple times in the `commands` section.
2022-12-10 11:50:35.591 [info] [ms-toolsai.jupyter]: Command `jupyter.notebookeditor.restartkernel` appears multiple times in the `commands` section.
2022-12-10 11:50:35.591 [info] [ms-toolsai.jupyter]: Command `jupyter.selectNativeJupyterUriFromToolBar` appears multiple times in the `commands` section.
2022-12-10 11:50:35.591 [info] [ms-toolsai.jupyter]: Command `jupyter.notebookeditor.addcellbelow` appears multiple times in the `commands` section.
2022-12-10 11:50:35.592 [info] [ms-toolsai.jupyter]: Command `jupyter.notebookeditor.removeallcells` appears multiple times in the `commands` section.
2022-12-10 11:50:35.592 [info] [ms-toolsai.jupyter]: Command `jupyter.notebookeditor.expandallcells` appears multiple times in the `commands` section.
2022-12-10 11:50:35.592 [info] [ms-toolsai.jupyter]: Command `jupyter.notebookeditor.collapseallcells` appears multiple times in the `commands` section.
2022-12-10 11:50:35.592 [info] [ms-toolsai.jupyter]: Command `jupyter.expandallcells` appears multiple times in the `commands` section.
2022-12-10 11:50:35.592 [info] [ms-toolsai.jupyter]: Command `jupyter.collapseallcells` appears multiple times in the `commands` section.
2022-12-10 11:50:35.592 [info] [ms-toolsai.jupyter]: Command `jupyter.addcellbelow` appears multiple times in the `commands` section.
2022-12-10 11:50:35.592 [info] [ms-toolsai.jupyter]: Command `jupyter.createnewnotebook` appears multiple times in the `commands` section.
2022-12-10 11:50:35.592 [info] [ms-toolsai.jupyter]: Command `jupyter.scrolltocell` appears multiple times in the `commands` section.
2022-12-10 11:50:35.592 [info] [ms-toolsai.jupyter]: Command `jupyter.latestExtension` appears multiple times in the `commands` section.
2022-12-10 11:50:35.593 [info] [ms-toolsai.jupyter]: Command `jupyter.enableDebugLogging` appears multiple times in the `commands` section.
2022-12-10 11:50:35.593 [info] [ms-toolsai.jupyter]: Command `jupyter.resetLoggingLevel` appears multiple times in the `commands` section.
2022-12-10 11:50:35.593 [info] [ms-toolsai.jupyter]: Command `jupyter.showDataViewer` appears multiple times in the `commands` section.
2022-12-10 11:50:35.593 [info] [ms-toolsai.jupyter]: Command `jupyter.clearSavedJupyterUris` appears multiple times in the `commands` section.
2022-12-10 11:50:35.593 [info] [ms-toolsai.jupyter]: Command `jupyter.openVariableView` appears multiple times in the `commands` section.
2022-12-10 11:50:35.593 [info] [ms-toolsai.jupyter]: Command `jupyter.openOutlineView` appears multiple times in the `commands` section.
2022-12-10 11:50:35.593 [info] [ms-toolsai.jupyter]: Command `jupyter.refreshDataViewer` appears multiple times in the `commands` section.
2022-12-10 11:50:35.594 [info] [ms-toolsai.jupyter]: Command `jupyter.interactive.clearAllCells` appears multiple times in the `commands` section.
2022-12-10 11:50:35.594 [info] [ms-toolsai.jupyter]: Command `jupyter.interactive.removeCell` appears multiple times in the `commands` section.
2022-12-10 11:50:35.594 [info] [ms-toolsai.jupyter]: Command `jupyter.interactive.goToCode` appears multiple times in the `commands` section.
2022-12-10 11:50:35.594 [info] [ms-toolsai.jupyter]: Command `jupyter.interactive.exportasnotebook` appears multiple times in the `commands` section.
2022-12-10 11:50:35.594 [info] [ms-toolsai.jupyter]: Command `jupyter.interactive.exportas` appears multiple times in the `commands` section.
2022-12-10 11:50:35.594 [info] [ms-toolsai.jupyter]: Command `jupyter.interactive.copyCell` appears multiple times in the `commands` section.
2022-12-10 11:50:35.716 [error] Extension 'ms-python.python' CANNOT use API proposal: testObserver.
Its package.json#enabledApiProposals-property declares:  but NOT testObserver.
 The missing proposal MUST be added and you must start in extension development mode or use the following command line switch: --enable-proposed-api ms-python.python: Error: Extension 'ms-python.python' CANNOT use API proposal: testObserver.
Its package.json#enabledApiProposals-property declares:  but NOT testObserver.
 The missing proposal MUST be added and you must start in extension development mode or use the following command line switch: --enable-proposed-api ms-python.python
    at m (/usr/lib/code/out/vs/workbench/api/node/extensionHostProcess.js:88:44793)
    at Object.get testResults [as testResults] (/usr/lib/code/out/vs/workbench/api/node/extensionHostProcess.js:113:36138)
    at w.activate (/home/cody/.vscode-oss/extensions/ms-python.python-2022.16.1-universal/out/client/extension.js:2:762542)
    at /home/cody/.vscode-oss/extensions/ms-python.python-2022.16.1-universal/out/client/extension.js:2:2251
    at Array.map (<anonymous>)
    at f.activateWorkspace (/home/cody/.vscode-oss/extensions/ms-python.python-2022.16.1-universal/out/client/extension.js:2:2241)
    at processTicksAndRejections (node:internal/process/task_queues:96:5)
