LSP Notebooks experiment is disabled -- not using Pylance
LSP Notebooks interactive window support is disabled -- not in LSP Notebooks experiment
Python interpreter path: /bin/python
[ERROR 2022-10-19 10:45:19.474]: [
  'Failed to activate a workspace, Class name = f, completed in 29ms, has a falsy return value, Arg 1: <Uri:/home/cody/Documents/kenan-math/expected_value.py>, Return Value: undefined',
  [Error: Extension 'ms-python.python' CANNOT use API proposal: testObserver.
  Its package.json#enabledApiProposals-property declares:  but NOT testObserver.
   The missing proposal MUST be added and you must start in extension development mode or use the following command line switch: --enable-proposed-api ms-python.python
  	at f (/usr/lib/code/out/vs/workbench/api/node/extensionHostProcess.js:83:67541)
  	at Object.get testResults [as testResults] (/usr/lib/code/out/vs/workbench/api/node/extensionHostProcess.js:106:33857)
  	at E.activate (/home/cody/.vscode-oss/extensions/ms-python.python-2022.14.0/out/client/extension.js:2:748774)
  	at /home/cody/.vscode-oss/extensions/ms-python.python-2022.14.0/out/client/extension.js:2:2251
  	at Array.map (<anonymous>)
  	at f.activateWorkspace (/home/cody/.vscode-oss/extensions/ms-python.python-2022.14.0/out/client/extension.js:2:2241)
  	at processTicksAndRejections (node:internal/process/task_queues:96:5)]
]
[ERROR 2022-10-19 10:45:19.478]: Failure during activation. [Error: Extension 'ms-python.python' CANNOT use API proposal: testObserver.
Its package.json#enabledApiProposals-property declares:  but NOT testObserver.
 The missing proposal MUST be added and you must start in extension development mode or use the following command line switch: --enable-proposed-api ms-python.python
	at f (/usr/lib/code/out/vs/workbench/api/node/extensionHostProcess.js:83:67541)
	at Object.get testResults [as testResults] (/usr/lib/code/out/vs/workbench/api/node/extensionHostProcess.js:106:33857)
	at E.activate (/home/cody/.vscode-oss/extensions/ms-python.python-2022.14.0/out/client/extension.js:2:748774)
	at /home/cody/.vscode-oss/extensions/ms-python.python-2022.14.0/out/client/extension.js:2:2251
	at Array.map (<anonymous>)
	at f.activateWorkspace (/home/cody/.vscode-oss/extensions/ms-python.python-2022.14.0/out/client/extension.js:2:2241)
	at processTicksAndRejections (node:internal/process/task_queues:96:5)]
[ERROR 2022-10-19 10:45:19.479]: sendStartupTelemetry() failed. [Error: Extension 'ms-python.python' CANNOT use API proposal: testObserver.
Its package.json#enabledApiProposals-property declares:  but NOT testObserver.
 The missing proposal MUST be added and you must start in extension development mode or use the following command line switch: --enable-proposed-api ms-python.python
	at f (/usr/lib/code/out/vs/workbench/api/node/extensionHostProcess.js:83:67541)
	at Object.get testResults [as testResults] (/usr/lib/code/out/vs/workbench/api/node/extensionHostProcess.js:106:33857)
	at E.activate (/home/cody/.vscode-oss/extensions/ms-python.python-2022.14.0/out/client/extension.js:2:748774)
	at /home/cody/.vscode-oss/extensions/ms-python.python-2022.14.0/out/client/extension.js:2:2251
	at Array.map (<anonymous>)
	at f.activateWorkspace (/home/cody/.vscode-oss/extensions/ms-python.python-2022.14.0/out/client/extension.js:2:2241)
	at processTicksAndRejections (node:internal/process/task_queues:96:5)]
Starting Jedi language server for kenan-math.
