[2022-11-19 10:45:13.586] [renderer1] [critical] Extension 'GitHub.vscode-pull-request-github CANNOT USE these API proposals 'tokenInformation, commentsResolvedState'. You MUST start in extension development mode or use the --enable-proposed-api command line flag
[2022-11-19 10:45:13.586] [renderer1] [critical] Extension 'ms-python.python CANNOT USE these API proposals 'quickPickSortByLabel, testObserver'. You MUST start in extension development mode or use the --enable-proposed-api command line flag
[2022-11-19 10:45:13.587] [renderer1] [critical] Extension 'ms-toolsai.jupyter CANNOT USE these API proposals 'notebookControllerKind, notebookWorkspaceEdit, notebookDebugOptions, notebookDeprecated, notebookMessaging, notebookMime, notebookCellExecutionState, portsAttributes, quickPickSortByLabel, notebookKernelSource'. You MUST start in extension development mode or use the --enable-proposed-api command line flag
[2022-11-19 10:45:13.686] [renderer1] [info] [GitHub.vscode-pull-request-github]: `remoteHub/pullRequest` is not a valid menu identifier
[2022-11-19 10:45:13.687] [renderer1] [error] [ms-toolsai.jupyter]: notebook/kernelSource is a proposed menu identifier. It requires 'package.json#enabledApiProposals: ["notebookKernelSource"]' and is only available when running out of dev or with the following command line switch: --enable-proposed-api ms-toolsai.jupyter
[2022-11-19 10:45:19.422] [renderer1] [error] [Extension Host] extension activation failed Error: Extension 'ms-toolsai.jupyter' CANNOT use API proposal: notebookCellExecutionState.
Its package.json#enabledApiProposals-property declares:  but NOT notebookCellExecutionState.
 The missing proposal MUST be added and you must start in extension development mode or use the following command line switch: --enable-proposed-api ms-toolsai.jupyter
	at f (/usr/lib/code/out/vs/workbench/api/node/extensionHostProcess.js:83:67541)
	at u.onDidChangeNotebookCellExecutionState (/usr/lib/code/out/vs/workbench/api/node/extensionHostProcess.js:106:52625)
	at new m (/home/cody/.vscode-oss/extensions/ms-toolsai.jupyter-2022.7.1001890528/out/extension.node.js:24:41100)
	at Object.t.resolveInstance (/home/cody/.vscode-oss/extensions/ms-toolsai.jupyter-2022.7.1001890528/out/extension.node.js:39:1374020)
	at /home/cody/.vscode-oss/extensions/ms-toolsai.jupyter-2022.7.1001890528/out/extension.node.js:39:1375958
	at /home/cody/.vscode-oss/extensions/ms-toolsai.jupyter-2022.7.1001890528/out/extension.node.js:39:1374876
	at Array.map (<anonymous>)
	at /home/cody/.vscode-oss/extensions/ms-toolsai.jupyter-2022.7.1001890528/out/extension.node.js:39:1374848
	at Array.map (<anonymous>)
	at Object.t.resolveInstance (/home/cody/.vscode-oss/extensions/ms-toolsai.jupyter-2022.7.1001890528/out/extension.node.js:39:1373794)
	at /home/cody/.vscode-oss/extensions/ms-toolsai.jupyter-2022.7.1001890528/out/extension.node.js:39:1375958
	at Object.t.resolve (/home/cody/.vscode-oss/extensions/ms-toolsai.jupyter-2022.7.1001890528/out/extension.node.js:39:1376221)
	at /home/cody/.vscode-oss/extensions/ms-toolsai.jupyter-2022.7.1001890528/out/extension.node.js:39:1359634
	at e._get (/home/cody/.vscode-oss/extensions/ms-toolsai.jupyter-2022.7.1001890528/out/extension.node.js:39:1359400)
	at e.get (/home/cody/.vscode-oss/extensions/ms-toolsai.jupyter-2022.7.1001890528/out/extension.node.js:39:1358043)
	at a.get (/home/cody/.vscode-oss/extensions/ms-toolsai.jupyter-2022.7.1001890528/out/extension.node.js:39:31195)
	at /home/cody/.vscode-oss/extensions/ms-toolsai.jupyter-2022.7.1001890528/out/extension.node.js:39:2896208
[2022-11-19 10:45:27.679] [renderer1] [critical] FAILED to destory notebook {"name":"SyntaxError","message":"Unexpected token i in JSON at position 0"}
[2022-11-19 10:45:27.679] [renderer1] [error] SyntaxError: Unexpected token i in JSON at position 0
	at JSON.parse (<anonymous>)
	at e.NotebookSerializer.deserializeNotebook (/usr/lib/code/extensions/ipynb/dist/ipynbMain.js:1:146810)
	at v.$dataToNotebook (/usr/lib/code/out/vs/workbench/api/node/extensionHostProcess.js:87:96013)
	at s._doInvokeHandler (/usr/lib/code/out/vs/workbench/api/node/extensionHostProcess.js:95:13708)
	at s._invokeHandler (/usr/lib/code/out/vs/workbench/api/node/extensionHostProcess.js:95:13390)
	at s._receiveRequest (/usr/lib/code/out/vs/workbench/api/node/extensionHostProcess.js:95:12107)
	at s._receiveOneMessage (/usr/lib/code/out/vs/workbench/api/node/extensionHostProcess.js:95:11056)
	at /usr/lib/code/out/vs/workbench/api/node/extensionHostProcess.js:95:8957
	at w.invoke (/usr/lib/code/out/vs/workbench/api/node/extensionHostProcess.js:61:145)
	at v.deliver (/usr/lib/code/out/vs/workbench/api/node/extensionHostProcess.js:61:2266)
	at p.fire (/usr/lib/code/out/vs/workbench/api/node/extensionHostProcess.js:61:1844)
	at a.fire (/usr/lib/code/out/vs/workbench/api/node/extensionHostProcess.js:69:18976)
	at /usr/lib/code/out/vs/workbench/api/node/extensionHostProcess.js:111:34679
	at w.invoke (/usr/lib/code/out/vs/workbench/api/node/extensionHostProcess.js:61:145)
	at v.deliver (/usr/lib/code/out/vs/workbench/api/node/extensionHostProcess.js:61:2266)
	at p.fire (/usr/lib/code/out/vs/workbench/api/node/extensionHostProcess.js:61:1844)
	at a.fire (/usr/lib/code/out/vs/workbench/api/node/extensionHostProcess.js:69:18976)
	at r._receiveMessage (/usr/lib/code/out/vs/workbench/api/node/extensionHostProcess.js:69:23563)
	at /usr/lib/code/out/vs/workbench/api/node/extensionHostProcess.js:69:21097
	at w.invoke (/usr/lib/code/out/vs/workbench/api/node/extensionHostProcess.js:61:145)
	at v.deliver (/usr/lib/code/out/vs/workbench/api/node/extensionHostProcess.js:61:2266)
	at p.fire (/usr/lib/code/out/vs/workbench/api/node/extensionHostProcess.js:61:1844)
	at p.acceptChunk (/usr/lib/code/out/vs/workbench/api/node/extensionHostProcess.js:69:15807)
	at /usr/lib/code/out/vs/workbench/api/node/extensionHostProcess.js:69:14937
	at Socket.R (/usr/lib/code/out/vs/workbench/api/node/extensionHostProcess.js:111:13763)
	at Socket.emit (node:events:390:28)
	at addChunk (node:internal/streams/readable:315:12)
	at readableAddChunk (node:internal/streams/readable:289:9)
	at Socket.Readable.push (node:internal/streams/readable:228:10)
	at Pipe.onStreamRead (node:internal/stream_base_commons:199:23)
