warning: queue 0x7f1b10000ca0 destroyed while proxies still attached:
  zwp_primary_selection_device_v1@40 still attached
  zwp_primary_selection_device_manager_v1@30 still attached
  wl_data_device@37 still attached
  wl_seat@36 still attached
  wl_data_device_manager@35 still attached
  wl_registry@33 still attached
warning: queue 0x555839cdf750 destroyed while proxies still attached:
  wl_shm_pool@45 still attached
  zxdg_toplevel_decoration_v1@26 still attached
  wl_pointer@25 still attached
  wl_surface@24 still attached
  wl_shm_pool@21 still attached
  xdg_wm_base@20 still attached
  wl_surface@19 still attached
  wl_output@13 still attached
  xdg_activation_v1@12 still attached
  zwp_text_input_manager_v3@11 still attached
  zwp_relative_pointer_manager_v1@10 still attached
  zwp_pointer_constraints_v1@9 still attached
  zxdg_decoration_manager_v1@8 still attached
  wl_seat@7 still attached
  wl_subcompositor@6 still attached
  wl_compositor@5 still attached
  wl_shm@4 still attached
  wl_registry@2 still attached
