2022-12-10 11:50:24.060 [info] Starting worker process with pid 4445 (type: fileWatcher, window: 1).
2022-12-10 11:50:26.276 [info] Getting Manifest... github.vscode-pull-request-github
2022-12-10 11:50:26.277 [info] Getting Manifest... ms-python.python
2022-12-10 11:50:26.279 [info] Getting Manifest... ms-toolsai.jupyter
2022-12-10 11:50:26.279 [info] Getting Manifest... ms-toolsai.jupyter-renderers
2022-12-10 11:50:27.647 [info] Installing extension: ms-toolsai.jupyter-renderers
2022-12-10 11:50:27.883 [info] Installing extension: github.vscode-pull-request-github
2022-12-10 11:50:27.906 [info] Installing extension: ms-python.python
2022-12-10 11:50:28.030 [info] Installing extension: ms-toolsai.jupyter
2022-12-10 11:50:28.085 [info] Getting Manifest... ms-python.isort
2022-12-10 11:50:28.634 [info] Installing extension: ms-python.isort ms-python.python
2022-12-10 11:50:29.929 [info] Extracted extension to /home/cody/.vscode-oss/extensions/.8ab7e287-89ef-4223-ae56-2620dabd7339: github.vscode-pull-request-github
2022-12-10 11:50:29.935 [info] Renamed to /home/cody/.vscode-oss/extensions/github.vscode-pull-request-github-0.54.1-universal
2022-12-10 11:50:29.937 [info] Extracting completed. github.vscode-pull-request-github
2022-12-10 11:50:29.945 [info] Extension installed successfully: github.vscode-pull-request-github
2022-12-10 11:50:30.466 [info] Extracted extension to /home/cody/.vscode-oss/extensions/.2a82a448-4a08-4394-83f4-4b2fb669439e: ms-toolsai.jupyter-renderers
2022-12-10 11:50:30.472 [info] Renamed to /home/cody/.vscode-oss/extensions/ms-toolsai.jupyter-renderers-1.0.12-universal
2022-12-10 11:50:30.473 [info] Extracting completed. ms-toolsai.jupyter-renderers
2022-12-10 11:50:30.478 [info] Extension installed successfully: ms-toolsai.jupyter-renderers
2022-12-10 11:50:33.750 [info] Extracted extension to /home/cody/.vscode-oss/extensions/.0e29aa5e-539f-43b0-a290-da6fbf0428d7: ms-toolsai.jupyter
2022-12-10 11:50:33.757 [info] Renamed to /home/cody/.vscode-oss/extensions/ms-toolsai.jupyter-2022.10.110-universal
2022-12-10 11:50:33.766 [info] Extracting completed. ms-toolsai.jupyter
2022-12-10 11:50:33.774 [info] Extension installed successfully: ms-toolsai.jupyter
2022-12-10 11:50:34.615 [info] Extracted extension to /home/cody/.vscode-oss/extensions/.8be922c9-e3f4-45c6-829a-11bda14bbe94: ms-python.python
2022-12-10 11:50:34.625 [info] Renamed to /home/cody/.vscode-oss/extensions/ms-python.python-2022.18.2-universal
2022-12-10 11:50:34.628 [info] Extracting completed. ms-python.python
2022-12-10 11:50:35.532 [info] Extracted extension to /home/cody/.vscode-oss/extensions/.811d1fd2-d49c-42aa-bfb9-972baf8d626e: ms-python.isort
2022-12-10 11:50:35.537 [info] Renamed to /home/cody/.vscode-oss/extensions/ms-python.isort-2022.8.0-universal
2022-12-10 11:50:35.538 [info] Extracting completed. ms-python.isort
2022-12-10 11:50:35.539 [info] Extension installed successfully: ms-python.python
2022-12-10 11:50:35.540 [info] Extension installed successfully: ms-python.isort
