Code - OSS (1.69.2, undefined, desktop)
Jupyter Extension Version: 2022.7.1001890528.
Python Extension Version: 2022.16.1.
Workspace folder /home/cody/Documents/kenan-math
info 10:59:40.263: ZMQ install verified.
info 10:59:40.593: LSP Notebooks experiment is disabled -- Pylance disabled or not installed
info 10:59:40.689: Process Execution: > jupyter notebook --version
> jupyter notebook --version
info 10:59:40.700: Process Execution: > jupyter lab --version
> jupyter lab --version
info 10:59:41.992: Experiment status for python is {"enabled":true,"optInto":[],"optOutFrom":[]}
info 10:59:42.65: Process Execution: > /bin/python -m pip list
> /bin/python -m pip list
info 10:59:44.369: Preferred Remote kernel for /home/cody/Documents/kenan-math/expected_value.ipynb is undefined
info 10:59:44.369: Find preferred kernel for /home/cody/Documents/kenan-math/expected_value.ipynb with metadata {"language_info":{"name":"python"},"orig_nbformat":4} & preferred interpreter /bin/python
info 10:59:44.370: Preferred Remote kernel for /home/cody/Documents/kenan-math/expected_value.ipynb is undefined
info 10:59:44.370: Preferred kernel .jvsc74a57bd0e7370f93d1d0cde622a1f8e1c04877d8463912d04d973331ad4851f04de6915a./bin/python./bin/python.-m#ipykernel_launcher is exact match
info 10:59:44.371: PreferredConnection: .jvsc74a57bd0e7370f93d1d0cde622a1f8e1c04877d8463912d04d973331ad4851f04de6915a./bin/python./bin/python.-m#ipykernel_launcher found for NotebookDocument: /home/cody/Documents/kenan-math/expected_value.ipynb
info 10:59:44.453: Preferred Remote kernel for /home/cody/Documents/kenan-math/expected_value.ipynb is undefined
info 10:59:44.453: Find preferred kernel for /home/cody/Documents/kenan-math/expected_value.ipynb with metadata {"language_info":{"name":"python"},"orig_nbformat":4} & preferred interpreter /bin/python
info 10:59:44.454: Preferred Remote kernel for /home/cody/Documents/kenan-math/expected_value.ipynb is undefined
info 10:59:44.454: Preferred kernel .jvsc74a57bd0e7370f93d1d0cde622a1f8e1c04877d8463912d04d973331ad4851f04de6915a./bin/python./bin/python.-m#ipykernel_launcher is exact match
info 10:59:44.456: Preferred Remote kernel for /home/cody/Documents/kenan-math/expected_value.ipynb is undefined
info 10:59:45.708: Process Execution: > jupyter notebook --version
> jupyter notebook --version
info 10:59:45.717: Process Execution: > jupyter lab --version
> jupyter lab --version
info 11:2:19.992: Execute Cell 0 /home/cody/Documents/kenan-math/expected_value.ipynb
info 11:2:19.994: Starting Jupyter Session id = 'startUsingPythonInterpreter:.jvsc74a57bd0e7370f93d1d0cde622a1f8e1c04877d8463912d04d973331ad4851f04de6915a./bin/python./bin/python.-m#ipykernel_launcher' (Python Path: , EnvType: Global, EnvName: '', Version: 3.10.5) for '/home/cody/Documents/kenan-math/expected_value.ipynb' (disableUI=false)
info 11:2:19.995: Creating raw notebook for resource '/home/cody/Documents/kenan-math/expected_value.ipynb'
info 11:2:19.995: Computing working directory for resource '/home/cody/Documents/kenan-math/expected_value.ipynb'
info 11:2:19.996: Starting raw kernel 'Python 3.10.5 64-bit' for interpreter /bin/python
info 11:2:20.1: Kernel launching with ports 9000,9001,9002,9003,9004. Start port is 9000
info 11:2:20.11: Process Execution: > /bin/python -c "import ipykernel; print(ipykernel.__version__); print("5dc3a68c-e34e-4080-9c3e-2a532b2ccb4d"); print(ipykernel.__file__)"
> /bin/python -c "import ipykernel; print(ipykernel.__version__); print("5dc3a68c-e34e-4080-9c3e-2a532b2ccb4d"); print(ipykernel.__file__)"
info 11:2:20.24: Process Execution: > /bin/python -m ipykernel_launcher --ip=127.0.0.1 --stdin=9003 --control=9001 --hb=9000 --Session.signature_scheme="hmac-sha256" --Session.key=b"9742b945-025f-452d-88ad-46b69413f25a" --shell=9002 --transport="tcp" --iopub=9004 --f=/home/cody/.local/share/jupyter/runtime/kernel-v2-6718qMyrZUReyLoW.json
> /bin/python -m ipykernel_launcher --ip=127.0.0.1 --stdin=9003 --control=9001 --hb=9000 --Session.signature_scheme="hmac-sha256" --Session.key=b"9742b945-025f-452d-88ad-46b69413f25a" --shell=9002 --transport="tcp" --iopub=9004 --f=/home/cody/.local/share/jupyter/runtime/kernel-v2-6718qMyrZUReyLoW.json
info 11:2:20.24: Process Execution: cwd: ~/Documents/kenan-math
cwd: ~/Documents/kenan-math
error 11:2:20.94: Disposing kernel process due to an error o [Error]: The kernel died. Error: ... View Jupyter [log](command:jupyter.viewOutput) for further details.
    at ChildProcess.<anonymous> (/home/cody/.vscode-oss/extensions/ms-toolsai.jupyter-2022.7.1001890528/out/extension.node.js:24:228811)
    at ChildProcess.emit (node:events:402:35)
    at Process.ChildProcess._handle.onexit (node:internal/child_process:290:12) {
  category: 'kerneldied',
  kernelConnectionMetadata: {
    kind: 'startUsingPythonInterpreter',
    kernelSpec: {
      specFile: undefined,
      interpreterPath: '/bin/python',
      isRegisteredByVSC: 'registeredByNewVersionOfExt',
      name: 'python3105jvsc74a57bd0e7370f93d1d0cde622a1f8e1c04877d8463912d04d973331ad4851f04de6915a',
      argv: [Array],
      language: 'python',
      executable: 'python',
      display_name: 'Python 3.10.5 64-bit',
      metadata: [Object],
      env: {},
      interrupt_mode: undefined
    },
    interpreter: {
      id: '/bin/python',
      sysPrefix: '/usr',
      envType: 'Global',
      envName: '',
      architecture: 3,
      sysVersion: '3.10.5 (main, Jun  6 2022, 18:49:26) [GCC 12.1.0]',
      version: [Object],
      displayName: 'Python 3.10.5 64-bit',
      detailedDisplayName: 'Python 3.10.5 64-bit',
      uri: [w]
    },
    id: '.jvsc74a57bd0e7370f93d1d0cde622a1f8e1c04877d8463912d04d973331ad4851f04de6915a./bin/python./bin/python.-m#ipykernel_launcher'
  },
  exitCode: 1,
  stdErr: ''
}
error 11:2:20.95: 
error 11:2:20.98: Failed to connect raw kernel session: Error: The kernel died. Error: ... View Jupyter [log](command:jupyter.viewOutput) for further details.
warn 11:2:20.99: Error occurred while trying to start the kernel, options.disableUI=false o [Error]: The kernel died. Error: ... View Jupyter [log](command:jupyter.viewOutput) for further details.
    at ChildProcess.<anonymous> (/home/cody/.vscode-oss/extensions/ms-toolsai.jupyter-2022.7.1001890528/out/extension.node.js:24:228811)
    at ChildProcess.emit (node:events:402:35)
    at Process.ChildProcess._handle.onexit (node:internal/child_process:290:12) {
  category: 'kerneldied',
  kernelConnectionMetadata: {
    kind: 'startUsingPythonInterpreter',
    kernelSpec: {
      specFile: undefined,
      interpreterPath: '/bin/python',
      isRegisteredByVSC: 'registeredByNewVersionOfExt',
      name: 'python3105jvsc74a57bd0e7370f93d1d0cde622a1f8e1c04877d8463912d04d973331ad4851f04de6915a',
      argv: [Array],
      language: 'python',
      executable: 'python',
      display_name: 'Python 3.10.5 64-bit',
      metadata: [Object],
      env: {},
      interrupt_mode: undefined
    },
    interpreter: {
      id: '/bin/python',
      sysPrefix: '/usr',
      envType: 'Global',
      envName: '',
      architecture: 3,
      sysVersion: '3.10.5 (main, Jun  6 2022, 18:49:26) [GCC 12.1.0]',
      version: [Object],
      displayName: 'Python 3.10.5 64-bit',
      detailedDisplayName: 'Python 3.10.5 64-bit',
      uri: [w]
    },
    id: '.jvsc74a57bd0e7370f93d1d0cde622a1f8e1c04877d8463912d04d973331ad4851f04de6915a./bin/python./bin/python.-m#ipykernel_launcher'
  },
  exitCode: 1,
  stdErr: ''
}
warn 11:2:20.100: Kernel Error, context = start o [Error]: The kernel died. Error: ... View Jupyter [log](command:jupyter.viewOutput) for further details.
    at ChildProcess.<anonymous> (/home/cody/.vscode-oss/extensions/ms-toolsai.jupyter-2022.7.1001890528/out/extension.node.js:24:228811)
    at ChildProcess.emit (node:events:402:35)
    at Process.ChildProcess._handle.onexit (node:internal/child_process:290:12) {
  category: 'kerneldied',
  kernelConnectionMetadata: {
    kind: 'startUsingPythonInterpreter',
    kernelSpec: {
      specFile: undefined,
      interpreterPath: '/bin/python',
      isRegisteredByVSC: 'registeredByNewVersionOfExt',
      name: 'python3105jvsc74a57bd0e7370f93d1d0cde622a1f8e1c04877d8463912d04d973331ad4851f04de6915a',
      argv: [Array],
      language: 'python',
      executable: 'python',
      display_name: 'Python 3.10.5 64-bit',
      metadata: [Object],
      env: {},
      interrupt_mode: undefined
    },
    interpreter: {
      id: '/bin/python',
      sysPrefix: '/usr',
      envType: 'Global',
      envName: '',
      architecture: 3,
      sysVersion: '3.10.5 (main, Jun  6 2022, 18:49:26) [GCC 12.1.0]',
      version: [Object],
      displayName: 'Python 3.10.5 64-bit',
      detailedDisplayName: 'Python 3.10.5 64-bit',
      uri: [w]
    },
    id: '.jvsc74a57bd0e7370f93d1d0cde622a1f8e1c04877d8463912d04d973331ad4851f04de6915a./bin/python./bin/python.-m#ipykernel_launcher'
  },
  exitCode: 1,
  stdErr: ''
}
info 11:2:20.113: Process Execution: > /bin/python -c "import ipykernel"
> /bin/python -c "import ipykernel"
info 11:2:20.127: installMissingDependencies /bin/python, ui.disabled=false for resource '/home/cody/Documents/kenan-math/expected_value.ipynb'
info 11:2:20.136: Process Execution: > /bin/python -c "import ipykernel"
> /bin/python -c "import ipykernel"
info 11:2:20.161: Process Execution: > /bin/python -c "import pip"
> /bin/python -c "import pip"
info 11:2:25.725: Process Execution: > /bin/python -c "import pip"
> /bin/python -c "import pip"
info 11:2:25.752: Process Execution: > /bin/python -m pip install -U ipykernel
> /bin/python -m pip install -U ipykernel
info 11:2:26.18: Defaulting to user installation because normal site-packages is not writeable

info 11:2:26.266: Collecting ipykernel

info 11:2:26.446:   Downloading ipykernel-6.17.1-py3-none-any.whl (138 kB)

info 11:2:26.543:      ━━━━━━━━━━━━━━━━━━━━━━━━━━━━━━━━━━━━━━━ 138.6/138.6 KB 1.5 MB/s eta 0:00:00
info 11:2:26.544: 

info 11:2:26.651: Collecting ipython>=7.23.1

info 11:2:26.675:   Downloading ipython-8.6.0-py3-none-any.whl (761 kB)

info 11:2:27.85:      ━━━━━━━━━━━━━━━━━━━━━━━━━━━━━━━━━━━━━━━ 761.1/761.1 KB 1.9 MB/s eta 0:00:00
info 11:2:27.86: 

info 11:2:27.93: Requirement already satisfied: psutil in /usr/lib/python3.10/site-packages (from ipykernel) (5.9.1)

info 11:2:27.132: Collecting matplotlib-inline>=0.1

info 11:2:27.153:   Downloading matplotlib_inline-0.1.6-py3-none-any.whl (9.4 kB)

info 11:2:27.328: Collecting debugpy>=1.0

info 11:2:27.354:   Downloading debugpy-1.6.3-cp310-cp310-manylinux_2_5_x86_64.manylinux1_x86_64.manylinux_2_12_x86_64.manylinux2010_x86_64.whl (1.8 MB)

info 11:2:27.979:      ━━━━━━━━━━━━━━━━━━━━━━━━━━━━━━━━━━━━━━━━ 1.8/1.8 MB 2.9 MB/s eta 0:00:00
info 11:2:27.979: 

info 11:2:27.984: Requirement already satisfied: packaging in /usr/lib/python3.10/site-packages (from ipykernel) (21.3)

info 11:2:28.41: Collecting jupyter-client>=6.1.12

info 11:2:28.62:   Downloading jupyter_client-7.4.7-py3-none-any.whl (133 kB)

info 11:2:28.108:      ━━━━━━━━━━━━━━━━━━━━━━━━━━━━━━━━━━━━━━━ 133.5/133.5 KB 3.6 MB/s eta 0:00:00
info 11:2:28.108: 

info 11:2:28.176: Collecting traitlets>=5.1.0

info 11:2:28.198:   Downloading traitlets-5.5.0-py3-none-any.whl (107 kB)

info 11:2:28.230:      ━━━━━━━━━━━━━━━━━━━━━━━━━━━━━━━━━━━━━━━ 107.4/107.4 KB 3.7 MB/s eta 0:00:00
info 11:2:28.230: 

info 11:2:28.467: Collecting pyzmq>=17

info 11:2:28.492:   Downloading pyzmq-24.0.1-cp310-cp310-manylinux_2_17_x86_64.manylinux2014_x86_64.whl (1.1 MB)

info 11:2:28.772:      ━━━━━━━━━━━━━━━━━━━━━━━━━━━━━━━━━━━━━━━━ 1.1/1.1 MB 3.9 MB/s eta 0:00:00
info 11:2:28.772: 

info 11:2:28.851: Collecting tornado>=6.1

info 11:2:28.884:   Downloading tornado-6.2-cp37-abi3-manylinux_2_5_x86_64.manylinux1_x86_64.manylinux_2_17_x86_64.manylinux2014_x86_64.whl (423 kB)

info 11:2:28.999:      ━━━━━━━━━━━━━━━━━━━━━━━━━━━━━━━━━━━━━━━ 424.0/424.0 KB 3.8 MB/s eta 0:00:00
info 11:2:28.999: 

info 11:2:29.50: Collecting nest-asyncio

info 11:2:29.71:   Downloading nest_asyncio-1.5.6-py3-none-any.whl (5.2 kB)

info 11:2:29.144: Collecting backcall

info 11:2:29.165:   Downloading backcall-0.2.0-py2.py3-none-any.whl (11 kB)

info 11:2:29.210: Collecting pickleshare

info 11:2:29.230:   Downloading pickleshare-0.7.5-py2.py3-none-any.whl (6.9 kB)

info 11:2:29.308: Collecting prompt-toolkit<3.1.0,>3.0.1

info 11:2:29.331:   Downloading prompt_toolkit-3.0.32-py3-none-any.whl (382 kB)

info 11:2:29.415:      ━━━━━━━━━━━━━━━━━━━━━━━━━━━━━━━━━━━━━━━ 382.8/382.8 KB 4.6 MB/s eta 0:00:00
info 11:2:29.415: 

info 11:2:29.462: Collecting stack-data

info 11:2:29.478:   Downloading stack_data-0.6.1-py3-none-any.whl (24 kB)

info 11:2:29.552: Collecting decorator

info 11:2:29.577:   Downloading decorator-5.1.1-py3-none-any.whl (9.1 kB)

info 11:2:29.583: Requirement already satisfied: pygments>=2.4.0 in /usr/lib/python3.10/site-packages (from ipython>=7.23.1->ipykernel) (2.12.0)

info 11:2:29.631: Collecting jedi>=0.16

info 11:2:29.636:   Using cached jedi-0.18.1-py2.py3-none-any.whl (1.6 MB)

info 11:2:29.682: Collecting pexpect>4.3

info 11:2:29.703:   Downloading pexpect-4.8.0-py2.py3-none-any.whl (59 kB)

info 11:2:29.720:      ━━━━━━━━━━━━━━━━━━━━━━━━━━━━━━━━━━━━━━━━ 59.0/59.0 KB 4.1 MB/s eta 0:00:00
info 11:2:29.720: 

info 11:2:29.765: Collecting entrypoints

info 11:2:29.789:   Downloading entrypoints-0.4-py3-none-any.whl (5.3 kB)

info 11:2:29.842: Collecting jupyter-core>=4.9.2

info 11:2:29.859:   Downloading jupyter_core-5.0.0-py3-none-any.whl (91 kB)

info 11:2:29.885:      ━━━━━━━━━━━━━━━━━━━━━━━━━━━━━━━━━━━━━━━━ 91.1/91.1 KB 4.2 MB/s eta 0:00:00
info 11:2:29.885: 

info 11:2:29.940: Collecting python-dateutil>=2.8.2

info 11:2:29.961:   Downloading python_dateutil-2.8.2-py2.py3-none-any.whl (247 kB)

info 11:2:30.37:      ━━━━━━━━━━━━━━━━━━━━━━━━━━━━━━━━━━━━━━━ 247.7/247.7 KB 3.3 MB/s eta 0:00:00
info 11:2:30.38: 

info 11:2:30.57: Requirement already satisfied: pyparsing!=3.0.5,>=2.0.2 in /usr/lib/python3.10/site-packages (from packaging->ipykernel) (3.0.9)

info 11:2:30.110: Collecting parso<0.9.0,>=0.8.0

info 11:2:30.112:   Using cached parso-0.8.3-py2.py3-none-any.whl (100 kB)

info 11:2:30.157: Collecting platformdirs

info 11:2:30.178:   Downloading platformdirs-2.5.4-py3-none-any.whl (14 kB)

info 11:2:30.227: Collecting ptyprocess>=0.5

info 11:2:30.248:   Downloading ptyprocess-0.7.0-py2.py3-none-any.whl (13 kB)

info 11:2:30.291: Collecting wcwidth

info 11:2:30.310:   Downloading wcwidth-0.2.5-py2.py3-none-any.whl (30 kB)

info 11:2:30.328: Requirement already satisfied: six>=1.5 in /usr/lib/python3.10/site-packages (from python-dateutil>=2.8.2->jupyter-client>=6.1.12->ipykernel) (1.16.0)

info 11:2:30.375: Collecting asttokens>=2.1.0

info 11:2:30.393:   Downloading asttokens-2.1.0-py2.py3-none-any.whl (26 kB)

info 11:2:30.444: Collecting pure-eval

info 11:2:30.465:   Downloading pure_eval-0.2.2-py3-none-any.whl (11 kB)

info 11:2:30.512: Collecting executing>=1.2.0

info 11:2:30.529:   Downloading executing-1.2.0-py2.py3-none-any.whl (24 kB)

info 11:2:30.709: Installing collected packages: wcwidth, pure-eval, ptyprocess, pickleshare, executing, backcall, traitlets, tornado, pyzmq, python-dateutil, prompt-toolkit, platformdirs, pexpect, parso, nest-asyncio, entrypoints, decorator, debugpy, asttokens, stack-data, matplotlib-inline, jupyter-core, jedi, jupyter-client, ipython, ipykernel

info 11:2:32.627: Successfully installed asttokens-2.1.0 backcall-0.2.0 debugpy-1.6.3 decorator-5.1.1 entrypoints-0.4 executing-1.2.0 ipykernel-6.17.1 ipython-8.6.0 jedi-0.18.1 jupyter-client-7.4.7 jupyter-core-5.0.0 matplotlib-inline-0.1.6 nest-asyncio-1.5.6 parso-0.8.3 pexpect-4.8.0 pickleshare-0.7.5 platformdirs-2.5.4 prompt-toolkit-3.0.32 ptyprocess-0.7.0 pure-eval-0.2.2 python-dateutil-2.8.2 pyzmq-24.0.1 stack-data-0.6.1 tornado-6.2 traitlets-5.5.0 wcwidth-0.2.5

info 11:2:32.667: WARNING: You are using pip version 22.0.4; however, version 22.3.1 is available.
You should consider upgrading via the '/bin/python -m pip install --upgrade pip' command.

info 11:2:32.749: Process Execution: > /bin/python -c "import ipykernel"
> /bin/python -c "import ipykernel"
info 11:2:32.850: Dispose Kernel '/home/cody/Documents/kenan-math/expected_value.ipynb' associated with '/home/cody/Documents/kenan-math/expected_value.ipynb'
info 11:2:32.851: Starting Jupyter Session id = 'startUsingPythonInterpreter:.jvsc74a57bd0e7370f93d1d0cde622a1f8e1c04877d8463912d04d973331ad4851f04de6915a./bin/python./bin/python.-m#ipykernel_launcher' (Python Path: , EnvType: Global, EnvName: '', Version: 3.10.5) for '/home/cody/Documents/kenan-math/expected_value.ipynb' (disableUI=false)
info 11:2:32.851: Creating raw notebook for resource '/home/cody/Documents/kenan-math/expected_value.ipynb'
info 11:2:32.851: Computing working directory for resource '/home/cody/Documents/kenan-math/expected_value.ipynb'
info 11:2:32.858: Process Execution: > /bin/python -m pip list
> /bin/python -m pip list
info 11:2:32.860: Starting raw kernel 'Python 3.10.5 64-bit' for interpreter /bin/python
info 11:2:32.863: Kernel launching with ports 9008,9009,9010,9011,9012. Start port is 9000
info 11:2:32.870: Process Execution: > /bin/python -c "import ipykernel; print(ipykernel.__version__); print("5dc3a68c-e34e-4080-9c3e-2a532b2ccb4d"); print(ipykernel.__file__)"
> /bin/python -c "import ipykernel; print(ipykernel.__version__); print("5dc3a68c-e34e-4080-9c3e-2a532b2ccb4d"); print(ipykernel.__file__)"
info 11:2:32.880: Process Execution: > /bin/python -m ipykernel_launcher --ip=127.0.0.1 --stdin=9011 --control=9009 --hb=9008 --Session.signature_scheme="hmac-sha256" --Session.key=b"5d998553-4cd5-4ae8-96ab-7e7e970d5377" --shell=9010 --transport="tcp" --iopub=9012 --f=/home/cody/.local/share/jupyter/runtime/kernel-v2-6718AtaBU5AjuUp7.json
> /bin/python -m ipykernel_launcher --ip=127.0.0.1 --stdin=9011 --control=9009 --hb=9008 --Session.signature_scheme="hmac-sha256" --Session.key=b"5d998553-4cd5-4ae8-96ab-7e7e970d5377" --shell=9010 --transport="tcp" --iopub=9012 --f=/home/cody/.local/share/jupyter/runtime/kernel-v2-6718AtaBU5AjuUp7.json
info 11:2:32.880: Process Execution: cwd: ~/Documents/kenan-math
cwd: ~/Documents/kenan-math
info 11:2:32.991: ipykernel version 6.17.1 for /bin/python
info 11:2:32.991: ipykernel location ~/.local/lib/python3.10/site-packages/ipykernel/__init__.py for /bin/python
warn 11:2:33.230: StdErr from Kernel Process /home/cody/.local/lib/python3.10/site-packages/traitlets/traitlets.py:2412: FutureWarning: Supporting extra quotes around strings is deprecated in traitlets 5.0. You can use 'hmac-sha256' instead of '"hmac-sha256"' if you require traitlets >=5.
  warn(
/home/cody/.local/lib/python3.10/site-packages/traitlets/traitlets.py:2366: FutureWarning: Supporting extra quotes around Bytes is deprecated in traitlets 5.0. Use '5d998553-4cd5-4ae8-96ab-7e7e970d5377' instead of 'b"5d998553-4cd5-4ae8-96ab-7e7e970d5377"'.
  warn(

info 11:2:33.236: Kernel Output: NOTE: When using the `ipython kernel` entry point, Ctrl-C will not work.

To exit, you will have to explicitly quit this process, by either sending
"quit" from a client, or using Ctrl-\ in UNIX-like environments.

To read more about this, see https://github.com/ipython/ipython/issues/2049


To connect another client to this kernel, use:
    --existing kernel-v2-6718AtaBU5AjuUp7.json

info 11:2:33.318: Started kernel Python 3.10.5 64-bit., (Raw session started and connected)
info 11:2:33.318: Finished connecting 7875263d-c896-4d32-91e9-1288790919a0
info 11:2:33.321: UpdateWorkingDirectoryAndPath in Kernel
info 11:2:33.322: Executing silently Code (idle) = import os\nimport sys\n%cd "//home/cody/Documents/kenan-math"\nif os.getcwd() not in sys.path:\nsys.
info 11:2:33.335: Executing silently Code (completed) = import os\nimport sys\n%cd "//home/cody/Documents/kenan-math"\nif os.getcwd() not in sys.path:\nsys. with 1 output(s)
info 11:2:33.336: Waiting for idle on (kernel): 83a397ee-7110-494d-ac49-8f0dbe8d2d8c -> idle
info 11:2:33.336: Finished waiting for idle on (kernel): 83a397ee-7110-494d-ac49-8f0dbe8d2d8c -> idle
info 11:2:33.476: Cancel all remaining cells true || Error || undefined
info 11:2:33.477: Cancel pending cells
info 11:2:33.477: Cell 0 executed with state Error
info 11:4:12.272: Execute Cell 0 /home/cody/Documents/kenan-math/expected_value.ipynb
info 11:4:12.317: Cancel all remaining cells true || Error || undefined
info 11:4:12.317: Cancel pending cells
info 11:4:12.317: Cell 0 executed with state Error
info 11:4:15.879: Disposing kernel .jvsc74a57bd0e7370f93d1d0cde622a1f8e1c04877d8463912d04d973331ad4851f04de6915a./bin/python./bin/python.-m#ipykernel_launcher for notebook /home/cody/Documents/kenan-math/expected_value.ipynb due to selection of another kernel or closing of the notebook
info 11:4:15.879: Dispose Kernel '/home/cody/Documents/kenan-math/expected_value.ipynb' associated with '/home/cody/Documents/kenan-math/expected_value.ipynb'
info 11:4:15.879: Cancel pending cells
info 11:4:15.891: Starting Jupyter Session id = 'startUsingPythonInterpreter:.jvsc74a57bd0586ad1ed5c97141e2437e681efbf1ec0adcd17d830cf5af2ca3d2819e743e158./opt/anaconda/python./opt/anaconda/python.-m#ipykernel_launcher' (Python Path: /opt/anaconda, EnvType: Conda, EnvName: 'base', Version: 3.9.12) for '/home/cody/Documents/kenan-math/expected_value.ipynb' (disableUI=true)
info 11:4:15.892: Creating raw notebook for resource '/home/cody/Documents/kenan-math/expected_value.ipynb'
info 11:4:15.892: Computing working directory for resource '/home/cody/Documents/kenan-math/expected_value.ipynb'
info 11:4:15.906: Starting raw kernel 'base (Python 3.9.12)' for interpreter /opt/anaconda/bin/python
info 11:4:15.910: Kernel launching with ports 9008,9009,9010,9011,9012. Start port is 9000
info 11:4:17.384: Process Execution: > /opt/anaconda/bin/python -m pip list
> /opt/anaconda/bin/python -m pip list
info 11:4:17.438: Process Execution: > /opt/anaconda/bin/python -c "import ipykernel; print(ipykernel.__version__); print("5dc3a68c-e34e-4080-9c3e-2a532b2ccb4d"); print(ipykernel.__file__)"
> /opt/anaconda/bin/python -c "import ipykernel; print(ipykernel.__version__); print("5dc3a68c-e34e-4080-9c3e-2a532b2ccb4d"); print(ipykernel.__file__)"
info 11:4:17.464: Process Execution: > /opt/anaconda/bin/python -m ipykernel_launcher --ip=127.0.0.1 --stdin=9011 --control=9009 --hb=9008 --Session.signature_scheme="hmac-sha256" --Session.key=b"9c8894bb-6238-4756-8e56-101f80d67cf4" --shell=9010 --transport="tcp" --iopub=9012 --f=/home/cody/.local/share/jupyter/runtime/kernel-v2-6718lDf0hE7OtsJG.json
> /opt/anaconda/bin/python -m ipykernel_launcher --ip=127.0.0.1 --stdin=9011 --control=9009 --hb=9008 --Session.signature_scheme="hmac-sha256" --Session.key=b"9c8894bb-6238-4756-8e56-101f80d67cf4" --shell=9010 --transport="tcp" --iopub=9012 --f=/home/cody/.local/share/jupyter/runtime/kernel-v2-6718lDf0hE7OtsJG.json
info 11:4:17.464: Process Execution: cwd: ~/Documents/kenan-math
cwd: ~/Documents/kenan-math
info 11:4:17.593: ipykernel version 6.9.1 for /opt/anaconda/bin/python
info 11:4:17.593: ipykernel location /opt/anaconda/lib/python3.9/site-packages/ipykernel/__init__.py for /opt/anaconda/bin/python
info 11:4:18.185: Activation Commands received conda activate base for shell bash
info 11:4:18.277: Execute Cell 0 /home/cody/Documents/kenan-math/expected_value.ipynb
error 11:4:18.512: Failed to get activated environment variables ourselves Error: Command failed: conda activate base && echo 'e8b39361-0157-4923-80e1-22d70d46dee6' && python /home/cody/.vscode-oss/extensions/ms-toolsai.jupyter-2022.7.1001890528/pythonFiles/printEnvVariables.py

CommandNotFoundError: Your shell has not been properly configured to use 'conda activate'.
To initialize your shell, run

    $ conda init <SHELL_NAME>

Currently supported shells are:
  - bash
  - fish
  - tcsh
  - xonsh
  - zsh
  - powershell

See 'conda init --help' for more information and options.

IMPORTANT: You may need to close and restart your shell after running 'conda init'.



    at ChildProcess.exithandler (node:child_process:406:12)
    at ChildProcess.emit (node:events:390:28)
    at maybeClose (node:internal/child_process:1064:16)
    at Process.ChildProcess._handle.onexit (node:internal/child_process:301:5) {
  killed: false,
  code: 1,
  signal: null,
  cmd: "conda activate base && echo 'e8b39361-0157-4923-80e1-22d70d46dee6' && python /home/cody/.vscode-oss/extensions/ms-toolsai.jupyter-2022.7.1001890528/pythonFiles/printEnvVariables.py"
}
error 11:4:18.512: Execing shell command, Class name = h, completed in 324ms, has a falsy return value, Arg 1: "~/.vscode-oss/extensions/ms-toolsai.jupyter-2022.7.1001890528/pythonFiles/printEnvVariables.py", Arg 2: {"env":{"ELECTRON_RUN_AS_NODE":"1","SHELL":"/bin/zsh","WINDOWID":"29360130","COLORTERM":"truecolor","XDG_SESSION_PATH":"/org/freedesktop/DisplayManager/Session0","CONDA_EXE":"/opt/anaconda/bin/conda","_CE_M":"","I3SOCK":"/run/user/1000/i3/ipc-socket.884","DESKTOP_SESSION":"i3","EDITOR":"lvim","GTK_MODULES":"canberra-gtk-module","XDG_SEAT":"seat0","PWD":"/home/cody/Documents/kenan-math","LOGNAME":"cody","XDG_SESSION_DESKTOP":"i3","XDG_SESSION_TYPE":"x11","CONDA_PREFIX":"/opt/anaconda","XAUTHORITY":"/home/cody/.Xauthority","XDG_GREETER_DATA_DIR":"/var/lib/lightdm-data/cody","MOTD_SHOWN":"pam","HOME":"/home/cody","LANG":"en_US.UTF-8","XDG_CURRENT_DESKTOP":"i3","CONDA_PROMPT_MODIFIER":"(base) ","XDG_SEAT_PATH":"/org/freedesktop/DisplayManager/Seat0","PERL5LIB":"/home/cody/perl5/lib/perl5","ALACRITTY_SOCKET":"/run/user/1000/Alacritty-:0-5109.sock","XDG_SESSION_CLASS":"user","TERM":"alacritty","_CE_CONDA":"","PERL_MB_OPT":"--install_base \"/home/cody/perl5\"","USER":"cody","CONDA_SHLVL":"1","VISUAL":"lvim","PERL_MM_OPT":"INSTALL_BASE=/home/cody/perl5","DISPLAY":":0","SHLVL":"1","XDG_VTNR":"7","XDG_SESSION_ID":"3","CONDA_PYTHON_EXE":"/opt/anaconda/bin/python","XDG_RUNTIME_DIR":"/run/user/1000","CONDA_DEFAULT_ENV":"base","GTK3_MODULES":"xapp-gtk3-module","PERL_LOCAL_LIB_ROOT":"/home/cody/perl5","PATH":"/opt/anaconda/bin:/opt/anaconda/condabin:/home/cody/perl5/bin:/home/cody/.cargo/bin:/usr/local/bin:/usr/bin:/bin:/usr/local/sbin:/usr/bin/site_perl:/usr/bin/vendor_perl:/usr/bin/core_perl:/home/cody/.local/bin","ALACRITTY_LOG":"/tmp/Alacritty-5109.log","GDMSESSION":"i3","DBUS_SESSION_BUS_ADDRESS":"unix:path=/run/user/1000/bus","MAIL":"/var/spool/mail/cody","OLDPWD":"/home/cody","VSCODE_CWD":"/home/cody/Documents/kenan-math","APPLICATION_INSIGHTS_NO_DIAGNOSTIC_CHANNEL":"true","VSCODE_CLI":"1","ELECTRON_NO_ATTACH_CONSOLE":"1","CHROME_DESKTOP":"code-oss.desktop","ORIGINAL_XDG_CURRENT_DESKTOP":"i3","GDK_BACKEND":"x11","NO_AT_BRIDGE":"1","VSCODE_NLS_CONFIG":"{\"locale\":\"en-us\",\"availableLanguages\":{},\"_languagePackSupport\":true}","VSCODE_CODE_CACHE_PATH":"/home/cody/.config/Code - OSS/CachedData/3b889b090b5ad5793f524b5d1d39fda662b96a2a","VSCODE_IPC_HOOK":"/run/user/1000/vscode-317b8a8d-1.69.2-main.sock","VSCODE_PID":"6598","VSCODE_AMD_ENTRYPOINT":"vs/workbench/api/node/extensionHostProcess","VSCODE_HANDLES_UNCAUGHT_ERRORS":"true","TERM_PROGRAM":"vscode","TERM_PROGRAM_VERSION":"1.69.2","_":"/usr/bin/printenv","PYTHONWARNINGS":"ignore"},"shell":"bash","timeout":60000,"maxBuffer":1000000,"throwOnStdErr":false} Error: Command failed: conda activate base && echo 'e8b39361-0157-4923-80e1-22d70d46dee6' && python /home/cody/.vscode-oss/extensions/ms-toolsai.jupyter-2022.7.1001890528/pythonFiles/printEnvVariables.py

CommandNotFoundError: Your shell has not been properly configured to use 'conda activate'.
To initialize your shell, run

    $ conda init <SHELL_NAME>

Currently supported shells are:
  - bash
  - fish
  - tcsh
  - xonsh
  - zsh
  - powershell

See 'conda init --help' for more information and options.

IMPORTANT: You may need to close and restart your shell after running 'conda init'.



    at ChildProcess.exithandler (node:child_process:406:12)
    at ChildProcess.emit (node:events:390:28)
    at maybeClose (node:internal/child_process:1064:16)
    at Process.ChildProcess._handle.onexit (node:internal/child_process:301:5) {
  killed: false,
  code: 1,
  signal: null,
  cmd: "conda activate base && echo 'e8b39361-0157-4923-80e1-22d70d46dee6' && python /home/cody/.vscode-oss/extensions/ms-toolsai.jupyter-2022.7.1001890528/pythonFiles/printEnvVariables.py"
}
warn 11:4:18.617: StdErr from Kernel Process /opt/anaconda/lib/python3.9/site-packages/traitlets/traitlets.py:2202: FutureWarning: Supporting extra quotes around strings is deprecated in traitlets 5.0. You can use 'hmac-sha256' instead of '"hmac-sha256"' if you require traitlets >=5.
  warn(
/opt/anaconda/lib/python3.9/site-packages/traitlets/traitlets.py:2157: FutureWarning: Supporting extra quotes around Bytes is deprecated in traitlets 5.0. Use '9c8894bb-6238-4756-8e56-101f80d67cf4' instead of 'b"9c8894bb-6238-4756-8e56-101f80d67cf4"'.
  warn(

info 11:4:18.625: Kernel Output: NOTE: When using the `ipython kernel` entry point, Ctrl-C will not work.

To exit, you will have to explicitly quit this process, by either sending
"quit" from a client, or using Ctrl-\ in UNIX-like environments.

To read more about this, see https://github.com/ipython/ipython/issues/2049


To connect another client to this kernel, use:
    --existing kernel-v2-6718lDf0hE7OtsJG.json

info 11:4:18.679: Started kernel base (Python 3.9.12)., (Raw session started and connected)
info 11:4:18.679: Finished connecting 7875263d-c896-4d32-91e9-1288790919a0
info 11:4:18.681: UpdateWorkingDirectoryAndPath in Kernel
info 11:4:18.681: Executing silently Code (idle) = import os\nimport sys\n%cd "//home/cody/Documents/kenan-math"\nif os.getcwd() not in sys.path:\nsys.
info 11:4:18.696: Executing silently Code (completed) = import os\nimport sys\n%cd "//home/cody/Documents/kenan-math"\nif os.getcwd() not in sys.path:\nsys. with 1 output(s)
info 11:4:18.696: Waiting for idle on (kernel): a14f6073-3a73-41ad-b4be-4c959d3d171b -> idle
info 11:4:18.696: Finished waiting for idle on (kernel): a14f6073-3a73-41ad-b4be-4c959d3d171b -> idle
info 11:4:18.711: Widget Message: Received IPyWidgets_kernelOptions in ScriptManager
info 11:4:18.714: Widget Message: Received IPyWidgetMessages.IPyWidgets_kernelOptions
info 11:4:18.742: Widget Message: data-base-url set to https://file%2B.vscode-resource.vscode-cdn.net/home/cody/.vscode-oss/extensions/ms-toolsai.jupyter-2022.7.1001890528/tmp/scripts/8682659ccab37d98d5431aa94f95d6f2d110aab9e612af4c543f7bed200e9d6c/jupyter
info 11:4:18.963: Cell 0 executed with state Success
info 11:11:10.51: Execute Cell 1 /home/cody/Documents/kenan-math/expected_value.ipynb
info 11:11:10.86: Cell 1 executed with state Success
info 11:21:58.269: Execute Cell 2 /home/cody/Documents/kenan-math/expected_value.ipynb
info 11:21:58.291: Cell 2 executed with state Success
info 11:22:4.622: Execute Cell 2 /home/cody/Documents/kenan-math/expected_value.ipynb
info 11:22:4.649: Cell 2 executed with state Success
info 11:22:13.952: Execute Cell 2 /home/cody/Documents/kenan-math/expected_value.ipynb
info 11:22:13.975: Cell 2 executed with state Success
info 11:27:59.649: Execute Cell 3 /home/cody/Documents/kenan-math/expected_value.ipynb
info 11:27:59.944: Cancel all remaining cells true || Error || undefined
info 11:27:59.944: Cancel pending cells
info 11:27:59.944: Cell 3 executed with state Error
info 11:28:10.610: Execute Cell 3 /home/cody/Documents/kenan-math/expected_value.ipynb
info 11:28:10.644: Cancel all remaining cells true || Error || undefined
info 11:28:10.644: Cancel pending cells
info 11:28:10.644: Cell 3 executed with state Error
info 11:28:45.738: Execute Cell 3 /home/cody/Documents/kenan-math/expected_value.ipynb
info 11:28:45.761: Cell 3 executed with state Success
info 11:36:0.491: Execute Cell 3 /home/cody/Documents/kenan-math/expected_value.ipynb
info 11:36:0.525: Cancel all remaining cells true || Error || undefined
info 11:36:0.525: Cancel pending cells
info 11:36:0.526: Cell 3 executed with state Error
info 11:36:10.713: Execute Cell 3 /home/cody/Documents/kenan-math/expected_value.ipynb
info 11:36:10.733: Cell 3 executed with state Success
info 11:40:15.897: Execute Cell 4 /home/cody/Documents/kenan-math/expected_value.ipynb
info 11:40:15.921: Cell 4 executed with state Success
info 11:42:23.752: Execute Cell 5 /home/cody/Documents/kenan-math/expected_value.ipynb
info 11:42:23.790: Cell 5 executed with state Success
info 11:43:47.445: Execute Cell 6 /home/cody/Documents/kenan-math/expected_value.ipynb
info 11:43:47.469: Cell 6 executed with state Success
info 11:43:51.59: Execute Cell 7 /home/cody/Documents/kenan-math/expected_value.ipynb
info 11:43:51.79: Cell 7 executed with state Success
info 11:44:59.735: Execute Cell 6 /home/cody/Documents/kenan-math/expected_value.ipynb
info 11:44:59.791: Cancel all remaining cells true || Error || undefined
info 11:44:59.791: Cancel pending cells
info 11:44:59.792: Cell 6 executed with state Error
info 11:45:30.634: Execute Cell 6 /home/cody/Documents/kenan-math/expected_value.ipynb
info 11:45:30.656: Cell 6 executed with state Success
info 11:46:49.56: Execute Cell 7 /home/cody/Documents/kenan-math/expected_value.ipynb
info 11:46:49.70: Cell 7 executed with state Idle
info 11:49:20.280: Execute Cell 7 /home/cody/Documents/kenan-math/expected_value.ipynb
info 11:49:20.300: Cell 7 executed with state Success
info 11:50:26.888: Execute Cell 1 /home/cody/Documents/kenan-math/expected_value.ipynb
info 11:50:26.908: Cell 1 executed with state Success
info 11:50:27.289: Execute Cell 2 /home/cody/Documents/kenan-math/expected_value.ipynb
info 11:50:27.310: Cell 2 executed with state Success
info 11:50:27.595: Execute Cell 3 /home/cody/Documents/kenan-math/expected_value.ipynb
info 11:50:27.618: Cell 3 executed with state Success
info 11:50:27.859: Execute Cell 4 /home/cody/Documents/kenan-math/expected_value.ipynb
info 11:50:27.884: Cell 4 executed with state Success
info 11:50:28.233: Execute Cell 5 /home/cody/Documents/kenan-math/expected_value.ipynb
info 11:50:28.254: Cell 5 executed with state Success
info 11:50:28.602: Execute Cell 6 /home/cody/Documents/kenan-math/expected_value.ipynb
info 11:50:28.621: Cell 6 executed with state Success
info 11:50:34.880: Execute Cell 7 /home/cody/Documents/kenan-math/expected_value.ipynb
info 11:50:34.902: Cell 7 executed with state Success
info 11:52:31.366: Execute Cell 8 /home/cody/Documents/kenan-math/expected_value.ipynb
info 11:52:31.391: Cell 8 executed with state Success
info 11:53:0.541: Execute Cell 8 /home/cody/Documents/kenan-math/expected_value.ipynb
info 11:53:0.594: Cell 8 executed with state Success
info 11:53:11.187: Execute Cell 8 /home/cody/Documents/kenan-math/expected_value.ipynb
info 11:53:11.207: Cell 8 executed with state Success
info 11:53:13.599: Execute Cell 8 /home/cody/Documents/kenan-math/expected_value.ipynb
info 11:53:13.618: Cell 8 executed with state Success
info 12:4:21.601: Execute Cell 9 /home/cody/Documents/kenan-math/expected_value.ipynb
info 12:4:21.628: Cancel all remaining cells true || Error || undefined
info 12:4:21.628: Cancel pending cells
info 12:4:21.628: Cell 9 executed with state Error
info 12:4:28.412: Execute Cell 9 /home/cody/Documents/kenan-math/expected_value.ipynb
info 12:4:28.436: Cell 9 executed with state Success
info 12:5:25.524: Execute Cell 10 /home/cody/Documents/kenan-math/expected_value.ipynb
info 12:5:25.545: Cell 10 executed with state Success
info 12:6:35.630: Execute Cell 11 /home/cody/Documents/kenan-math/expected_value.ipynb
info 12:6:35.650: Cell 11 executed with state Success
info 12:6:37.327: Execute Cell 12 /home/cody/Documents/kenan-math/expected_value.ipynb
info 12:6:37.347: Cell 12 executed with state Success
info 12:7:23.239: Execute Cell 11 /home/cody/Documents/kenan-math/expected_value.ipynb
info 12:7:23.262: Cancel all remaining cells true || Error || undefined
info 12:7:23.262: Cancel pending cells
info 12:7:23.262: Cell 11 executed with state Error
info 12:7:26.544: Execute Cell 11 /home/cody/Documents/kenan-math/expected_value.ipynb
info 12:7:26.575: Cancel all remaining cells true || Error || undefined
info 12:7:26.575: Cancel pending cells
info 12:7:26.575: Cell 11 executed with state Error
info 12:7:43.948: Execute Cell 11 /home/cody/Documents/kenan-math/expected_value.ipynb
info 12:7:43.968: Cell 11 executed with state Success
info 12:7:53.611: Execute Cell 11 /home/cody/Documents/kenan-math/expected_value.ipynb
info 12:7:53.635: Cell 11 executed with state Success
info 12:10:13.783: Execute Cell 11 /home/cody/Documents/kenan-math/expected_value.ipynb
info 12:10:13.798: Cell 11 executed with state Idle
info 12:10:16.655: Execute Cell 12 /home/cody/Documents/kenan-math/expected_value.ipynb
info 12:10:16.675: Cell 12 executed with state Idle
info 12:10:29.267: Execute Cell 11 /home/cody/Documents/kenan-math/expected_value.ipynb
info 12:10:29.285: Cell 11 executed with state Success
info 12:11:37.907: Execute Cell 12 /home/cody/Documents/kenan-math/expected_value.ipynb
info 12:11:37.929: Cell 12 executed with state Success
info 12:13:36.754: Execute Cell 13 /home/cody/Documents/kenan-math/expected_value.ipynb
info 12:13:36.778: Cell 13 executed with state Success
info 12:33:7.12: Execute Cell 14 /home/cody/Documents/kenan-math/expected_value.ipynb
info 12:33:7.32: Cell 14 executed with state Success
info 12:35:7.142: Execute Cell 15 /home/cody/Documents/kenan-math/expected_value.ipynb
info 12:35:7.159: Cell 15 executed with state Success
info 12:37:56.400: Shutting down notebooks for 7875263d-c896-4d32-91e9-1288790919a0
info 12:37:56.400: Disposing HostJupyterExecution d19870b9-031a-47fb-9052-e8bed9ff8cc2
info 12:37:56.400: Disposing super HostJupyterExecution d19870b9-031a-47fb-9052-e8bed9ff8cc2
info 12:37:56.401: Dispose Kernel '/home/cody/Documents/kenan-math/expected_value.ipynb' associated with '/home/cody/Documents/kenan-math/expected_value.ipynb'
info 12:37:56.401: Dispose Kernel '/home/cody/Documents/kenan-math/expected_value.ipynb' associated with '/home/cody/Documents/kenan-math/expected_value.ipynb'
info 12:37:56.401: Dispose Kernel '/home/cody/Documents/kenan-math/expected_value.ipynb' associated with '/home/cody/Documents/kenan-math/expected_value.ipynb'
info 12:37:56.401: Cancel pending cells
info 12:37:56.403: Disposing HostJupyterExecution d19870b9-031a-47fb-9052-e8bed9ff8cc2
info 12:37:56.403: Finished disposing HostJupyterExecution  d19870b9-031a-47fb-9052-e8bed9ff8cc2
info 12:37:56.406: Cleaning up server cache d19870b9-031a-47fb-9052-e8bed9ff8cc2
info 12:37:56.406: Finished disposing HostJupyterExecution  d19870b9-031a-47fb-9052-e8bed9ff8cc2
warn 12:37:56.408: Failed to delete connection file /home/cody/.local/share/jupyter/runtime/kernel-v2-6718lDf0hE7OtsJG.json Canceled (FileSystemError): Canceled
    at Function._handleError (/usr/lib/code/out/vs/workbench/api/node/extensionHostProcess.js:87:29883)
    at Object.stat (/usr/lib/code/out/vs/workbench/api/node/extensionHostProcess.js:87:27811)
    at m.delete (/home/cody/.vscode-oss/extensions/ms-toolsai.jupyter-2022.7.1001890528/out/extension.node.js:29:14986)
    at /home/cody/.vscode-oss/extensions/ms-toolsai.jupyter-2022.7.1001890528/out/extension.node.js:24:230929 {
  code: 'Unknown'
}
